Log file open, 05/02/20 18:46:43
LogWindows: Failed to load 'aqProf.dll' (GetLastError=126)
LogWindows: File 'aqProf.dll' does not exist
LogWindows: Failed to load 'VtuneApi.dll' (GetLastError=126)
LogWindows: File 'VtuneApi.dll' does not exist
LogWindows: Failed to load 'VtuneApi32e.dll' (GetLastError=126)
LogWindows: File 'VtuneApi32e.dll' does not exist
LogConsoleResponse: Display: Failed to find resolution value strings in scalability ini. Falling back to default.
LogInit: Display: Running engine for game: VR_Room
LogPlatformFile: Not using cached read wrapper
LogTaskGraph: Started task graph with 5 named threads and 23 total threads with 3 sets of task threads.
LogStats: Stats thread started at 0.055133
LogD3D11RHI: Loaded GFSDK_Aftermath_Lib.x64.dll
LogICUInternationalization: ICU TimeZone Detection - Raw Offset: -4:00, Platform Override: ''
LogPluginManager: Mounting plugin Paper2D
LogPluginManager: Mounting plugin AISupport
LogPluginManager: Mounting plugin LightPropagationVolume
LogPluginManager: Mounting plugin ActorLayerUtilities
LogPluginManager: Mounting plugin AnimationSharing
LogPluginManager: Mounting plugin CLionSourceCodeAccess
LogPluginManager: Mounting plugin CodeLiteSourceCodeAccess
LogPluginManager: Mounting plugin GitSourceControl
LogPluginManager: Mounting plugin KDevelopSourceCodeAccess
LogPluginManager: Mounting plugin NullSourceCodeAccess
LogPluginManager: Mounting plugin PerforceSourceControl
LogPluginManager: Mounting plugin PlasticSourceControl
LogPluginManager: Mounting plugin SubversionSourceControl
LogPluginManager: Mounting plugin UObjectPlugin
LogPluginManager: Mounting plugin VisualStudioCodeSourceCodeAccess
LogPluginManager: Mounting plugin VisualStudioSourceCodeAccess
LogPluginManager: Mounting plugin XCodeSourceCodeAccess
LogPluginManager: Mounting plugin AssetManagerEditor
LogPluginManager: Mounting plugin CryptoKeys
LogPluginManager: Mounting plugin CurveEditorTools
LogPluginManager: Mounting plugin DataValidation
LogPluginManager: Mounting plugin FacialAnimation
LogPluginManager: Mounting plugin GameplayTagsEditor
LogPluginManager: Mounting plugin MacGraphicsSwitching
LogPluginManager: Mounting plugin MaterialAnalyzer
LogPluginManager: Mounting plugin MobileLauncherProfileWizard
LogPluginManager: Mounting plugin PluginBrowser
LogPluginManager: Mounting plugin SpeedTreeImporter
LogPluginManager: Mounting plugin DatasmithContent
LogPluginManager: Mounting plugin VariantManagerContent
LogPluginManager: Mounting plugin AlembicImporter
LogPluginManager: Mounting plugin AutomationUtils
LogPluginManager: Mounting plugin BackChannel
LogPluginManager: Mounting plugin CharacterAI
LogPluginManager: Mounting plugin GeometryCache
LogPluginManager: Mounting plugin PlatformCrypto
LogPluginManager: Mounting plugin ProxyLODPlugin
LogPluginManager: Mounting plugin SkeletalReduction
LogPluginManager: Mounting plugin MagicLeap
LogPluginManager: Mounting plugin MagicLeapMedia
LogPluginManager: Mounting plugin MLSDK
LogPluginManager: Mounting plugin AndroidMedia
LogPluginManager: Mounting plugin AvfMedia
LogPluginManager: Mounting plugin ImgMedia
LogPluginManager: Mounting plugin MediaCompositing
LogPluginManager: Mounting plugin MediaPlayerEditor
LogPluginManager: Mounting plugin WebMMedia
LogPluginManager: Mounting plugin WmfMedia
LogPluginManager: Mounting plugin TcpMessaging
LogPluginManager: Mounting plugin UdpMessaging
LogPluginManager: Mounting plugin ActorSequence
LogPluginManager: Mounting plugin LevelSequenceEditor
LogPluginManager: Mounting plugin MatineeToLevelSequence
LogPluginManager: Mounting plugin NetcodeUnitTest
LogPluginManager: Mounting plugin NUTUnrealEngine4
LogPluginManager: Mounting plugin OnlineSubsystemGooglePlay
LogPluginManager: Mounting plugin OnlineSubsystemIOS
LogPluginManager: Mounting plugin OnlineSubsystem
LogPluginManager: Mounting plugin OnlineSubsystemNull
LogPluginManager: Mounting plugin OnlineSubsystemUtils
LogPluginManager: Mounting plugin LauncherChunkInstaller
LogPluginManager: Mounting plugin AndroidDeviceProfileSelector
LogPluginManager: Mounting plugin AndroidMoviePlayer
LogPluginManager: Mounting plugin AndroidPermission
LogPluginManager: Mounting plugin AppleImageUtils
LogPluginManager: Mounting plugin AppleMoviePlayer
LogPluginManager: Mounting plugin ArchVisCharacter
LogPluginManager: Mounting plugin AssetTags
LogPluginManager: Mounting plugin AudioCapture
LogPluginManager: Mounting plugin CableComponent
LogPluginManager: Mounting plugin CustomMeshComponent
LogPluginManager: Mounting plugin EditableMesh
LogPluginManager: Mounting plugin ExampleDeviceProfileSelector
LogPluginManager: Mounting plugin GoogleCloudMessaging
LogPluginManager: Mounting plugin IOSDeviceProfileSelector
LogPluginManager: Mounting plugin LinuxDeviceProfileSelector
LogPluginManager: Mounting plugin LocationServicesBPLibrary
LogPluginManager: Mounting plugin MobilePatchingUtils
LogPluginManager: Mounting plugin OculusVR
LogPluginManager: Mounting plugin PhysXVehicles
LogPluginManager: Mounting plugin PostSplashScreen
LogPluginManager: Mounting plugin ProceduralMeshComponent
LogPluginManager: Mounting plugin RuntimePhysXCooking
LogPluginManager: Mounting plugin SignificanceManager
LogPluginManager: Mounting plugin SteamVR
LogPluginManager: Mounting plugin WebMMoviePlayer
LogPluginManager: Mounting plugin WindowsMoviePlayer
LogPluginManager: Mounting plugin ScreenshotTools
LogInit: Using libcurl 7.55.1-DEV
LogInit:  - built for x86_64-pc-win32
LogInit:  - supports SSL with OpenSSL/1.1.1
LogInit:  - supports HTTP deflate (compression) using libz 1.2.8
LogInit:  - other features:
LogInit:      CURL_VERSION_SSL
LogInit:      CURL_VERSION_LIBZ
LogInit:      CURL_VERSION_IPV6
LogInit:      CURL_VERSION_ASYNCHDNS
LogInit:      CURL_VERSION_LARGEFILE
LogInit:      CURL_VERSION_IDN
LogInit:  CurlRequestOptions (configurable via config and command line):
LogInit:  - bVerifyPeer = true  - Libcurl will verify peer certificate
LogInit:  - bUseHttpProxy = false  - Libcurl will NOT use HTTP proxy
LogInit:  - bDontReuseConnections = false  - Libcurl will reuse connections
LogInit:  - MaxHostConnections = 16  - Libcurl will limit the number of connections to a host
LogInit:  - LocalHostAddr = Default
LogInit:  - BufferSize = 65536
LogOnline: OSS: Creating online subsystem instance for: NULL
LogInit: WinSock: version 1.1 (2.2), MaxSocks=32767, MaxUdp=65467
LogOnline: OSS: TryLoadSubsystemAndSetDefault: Loaded subsystem for module [NULL]
LogInit: Build: ++UE4+Release-4.24-CL-11590370
LogInit: Engine Version: 4.24.3-11590370+++UE4+Release-4.24
LogInit: Compatible Engine Version: 4.24.0-10570792+++UE4+Release-4.24
LogInit: Net CL: 10570792
LogInit: OS: Windows 10 (Release 1909) (), CPU: Intel(R) Core(TM) i7-7700K CPU @ 4.20GHz, GPU: NVIDIA GeForce GTX 1060 6GB
LogInit: Compiled (64-bit): Feb 24 2020 15:39:18
LogInit: Compiled with Visual C++: 19.16.27032.01
LogInit: Build Configuration: Development
LogInit: Branch Name: ++UE4+Release-4.24
LogInit: Command Line: 
LogInit: Base Directory: C:/Program Files/Epic Games/UE_4.24/Engine/Binaries/Win64/
LogInit: Installed Engine Build: 1
LogDevObjectVersion: Number of dev versions registered: 25
LogDevObjectVersion:   Dev-Blueprints (B0D832E4-1F89-4F0D-ACCF-7EB736FD4AA2): 10
LogDevObjectVersion:   Dev-Build (E1C64328-A22C-4D53-A36C-8E866417BD8C): 0
LogDevObjectVersion:   Dev-Core (375EC13C-06E4-48FB-B500-84F0262A717E): 3
LogDevObjectVersion:   Dev-Editor (E4B068ED-F494-42E9-A231-DA0B2E46BB41): 37
LogDevObjectVersion:   Dev-Framework (CFFC743F-43B0-4480-9391-14DF171D2073): 36
LogDevObjectVersion:   Dev-Mobile (B02B49B5-BB20-44E9-A304-32B752E40360): 2
LogDevObjectVersion:   Dev-Networking (A4E4105C-59A1-49B5-A7C5-40C4547EDFEE): 0
LogDevObjectVersion:   Dev-Online (39C831C9-5AE6-47DC-9A44-9C173E1C8E7C): 0
LogDevObjectVersion:   Dev-Physics (78F01B33-EBEA-4F98-B9B4-84EACCB95AA2): 2
LogDevObjectVersion:   Dev-Platform (6631380F-2D4D-43E0-8009-CF276956A95A): 0
LogDevObjectVersion:   Dev-Rendering (12F88B9F-8875-4AFC-A67C-D90C383ABD29): 36
LogDevObjectVersion:   Dev-Sequencer (7B5AE74C-D270-4C10-A958-57980B212A5A): 11
LogDevObjectVersion:   Dev-VR (D7296918-1DD6-4BDD-9DE2-64A83CC13884): 2
LogDevObjectVersion:   Dev-LoadTimes (C2A15278-BFE7-4AFE-6C17-90FF531DF755): 1
LogDevObjectVersion:   Private-Geometry (6EACA3D4-40EC-4CC1-B786-8BED09428FC5): 3
LogDevObjectVersion:   Dev-AnimPhys (29E575DD-E0A3-4627-9D10-D276232CDCEA): 17
LogDevObjectVersion:   Dev-Anim (AF43A65D-7FD3-4947-9873-3E8ED9C1BB05): 2
LogDevObjectVersion:   Dev-ReflectionCapture (6B266CEC-1EC7-4B8F-A30B-E4D90942FC07): 1
LogDevObjectVersion:   Dev-Automation (0DF73D61-A23F-47EA-B727-89E90C41499A): 1
LogDevObjectVersion:   FortniteMain (601D1886-AC64-4F84-AA16-D3DE0DEAC7D6): 31
LogDevObjectVersion:   Dev-Enterprise (9DFFBCD6-494F-0158-E221-12823C92A888): 8
LogDevObjectVersion:   Dev-Niagara (F2AED0AC-9AFE-416F-8664-AA7FFA26D6FC): 1
LogDevObjectVersion:   Dev-Destruction (174F1F0B-B4C6-45A5-B13F-2EE8D0FB917D): 9
LogDevObjectVersion:   Dev-Physics-Ext (35F94A83-E258-406C-A318-09F59610247C): 8
LogDevObjectVersion:   Dev-CineCamera (B2E18506-4273-CFC2-A54E-F4BB758BBA07): 1
LogInit: Presizing for max 25165824 objects, including 0 objects not considered by GC, pre-allocating 0 bytes for permanent pool.
LogInit: Object subsystem initialized
LogConfig: Setting CVar [[con.DebugEarlyDefault:1]]
LogConfig: Setting CVar [[r.setres:1280x720]]
[2020.05.02-22.46.44:166][  0]LogConfig: Setting CVar [[r.VSync:0]]
[2020.05.02-22.46.44:166][  0]LogConfig: Setting CVar [[r.RHICmdBypass:0]]
[2020.05.02-22.46.44:166][  0]LogConfig: Applying CVar settings from Section [/Script/Engine.RendererSettings] File [Q:/ghost/Documents/GitHub/VR_Room/VR_Room/Saved/Config/Windows/Engine.ini]
[2020.05.02-22.46.44:166][  0]LogConfig: Setting CVar [[r.GPUCrashDebugging:0]]
[2020.05.02-22.46.44:166][  0]LogConfig: Setting CVar [[r.DefaultFeature.AmbientOcclusion:0]]
[2020.05.02-22.46.44:166][  0]LogConfig: Setting CVar [[r.DefaultFeature.AmbientOcclusionStaticFraction:0]]
[2020.05.02-22.46.44:166][  0]LogConfig: Setting CVar [[vr.InstancedStereo:1]]
[2020.05.02-22.46.44:166][  0]LogConfig: Setting CVar [[r.SeparateTranslucency:0]]
[2020.05.02-22.46.44:166][  0]LogConfig: Setting CVar [[r.HZBOcclusion:0]]
[2020.05.02-22.46.44:166][  0]LogConfig: Setting CVar [[r.SSR.MaxRoughness:0]]
[2020.05.02-22.46.44:166][  0]LogConfig: Setting CVar [[r.rhicmdbypass:0]]
[2020.05.02-22.46.44:166][  0]LogConfig: Applying CVar settings from Section [/Script/Engine.RendererOverrideSettings] File [Q:/ghost/Documents/GitHub/VR_Room/VR_Room/Saved/Config/Windows/Engine.ini]
[2020.05.02-22.46.44:166][  0]LogConfig: Applying CVar settings from Section [/Script/Engine.StreamingSettings] File [Q:/ghost/Documents/GitHub/VR_Room/VR_Room/Saved/Config/Windows/Engine.ini]
[2020.05.02-22.46.44:166][  0]LogConfig: Setting CVar [[s.MinBulkDataSizeForAsyncLoading:131072]]
[2020.05.02-22.46.44:166][  0]LogConfig: Setting CVar [[s.AsyncLoadingThreadEnabled:0]]
[2020.05.02-22.46.44:166][  0]LogConfig: Setting CVar [[s.EventDrivenLoaderEnabled:1]]
[2020.05.02-22.46.44:167][  0]LogConfig: Setting CVar [[s.WarnIfTimeLimitExceeded:0]]
[2020.05.02-22.46.44:167][  0]LogConfig: Setting CVar [[s.TimeLimitExceededMultiplier:1.5]]
[2020.05.02-22.46.44:167][  0]LogConfig: Setting CVar [[s.TimeLimitExceededMinTime:0.005]]
[2020.05.02-22.46.44:167][  0]LogConfig: Setting CVar [[s.UseBackgroundLevelStreaming:1]]
[2020.05.02-22.46.44:167][  0]LogConfig: Setting CVar [[s.PriorityAsyncLoadingExtraTime:15.0]]
[2020.05.02-22.46.44:167][  0]LogConfig: Setting CVar [[s.LevelStreamingActorsUpdateTimeLimit:5.0]]
[2020.05.02-22.46.44:167][  0]LogConfig: Setting CVar [[s.PriorityLevelStreamingActorsUpdateExtraTime:5.0]]
[2020.05.02-22.46.44:167][  0]LogConfig: Setting CVar [[s.LevelStreamingComponentsRegistrationGranularity:10]]
[2020.05.02-22.46.44:167][  0]LogConfig: Setting CVar [[s.UnregisterComponentsTimeLimit:1.0]]
[2020.05.02-22.46.44:167][  0]LogConfig: Setting CVar [[s.LevelStreamingComponentsUnregistrationGranularity:5]]
[2020.05.02-22.46.44:167][  0]LogConfig: Setting CVar [[s.FlushStreamingOnExit:1]]
[2020.05.02-22.46.44:167][  0]LogConfig: Applying CVar settings from Section [/Script/Engine.GarbageCollectionSettings] File [Q:/ghost/Documents/GitHub/VR_Room/VR_Room/Saved/Config/Windows/Engine.ini]
[2020.05.02-22.46.44:167][  0]LogConfig: Setting CVar [[gc.MaxObjectsNotConsideredByGC:1]]
[2020.05.02-22.46.44:167][  0]LogConfig: Setting CVar [[gc.SizeOfPermanentObjectPool:0]]
[2020.05.02-22.46.44:167][  0]LogConfig: Setting CVar [[gc.FlushStreamingOnGC:0]]
[2020.05.02-22.46.44:167][  0]LogConfig: Setting CVar [[gc.NumRetriesBeforeForcingGC:10]]
[2020.05.02-22.46.44:167][  0]LogConfig: Setting CVar [[gc.AllowParallelGC:1]]
[2020.05.02-22.46.44:167][  0]LogConfig: Setting CVar [[gc.TimeBetweenPurgingPendingKillObjects:61.1]]
[2020.05.02-22.46.44:167][  0]LogConfig: Setting CVar [[gc.MaxObjectsInEditor:25165824]]
[2020.05.02-22.46.44:167][  0]LogConfig: Setting CVar [[gc.IncrementalBeginDestroyEnabled:1]]
[2020.05.02-22.46.44:167][  0]LogConfig: Setting CVar [[gc.CreateGCClusters:1]]
[2020.05.02-22.46.44:167][  0]LogConfig: Setting CVar [[gc.MinGCClusterSize:5]]
[2020.05.02-22.46.44:167][  0]LogConfig: Setting CVar [[gc.ActorClusteringEnabled:0]]
[2020.05.02-22.46.44:167][  0]LogConfig: Setting CVar [[gc.BlueprintClusteringEnabled:0]]
[2020.05.02-22.46.44:167][  0]LogConfig: Setting CVar [[gc.UseDisregardForGCOnDedicatedServers:0]]
[2020.05.02-22.46.44:167][  0]LogConfig: Applying CVar settings from Section [/Script/Engine.NetworkSettings] File [Q:/ghost/Documents/GitHub/VR_Room/VR_Room/Saved/Config/Windows/Engine.ini]
[2020.05.02-22.46.44:167][  0]LogConfig: Applying CVar settings from Section [/Script/UnrealEd.CookerSettings] File [Q:/ghost/Documents/GitHub/VR_Room/VR_Room/Saved/Config/Windows/Engine.ini]
[2020.05.02-22.46.44:168][  0]LogConfig: Applying CVar settings from Section [ViewDistanceQuality@3] File [Q:/ghost/Documents/GitHub/VR_Room/VR_Room/Saved/Config/Windows/Scalability.ini]
[2020.05.02-22.46.44:168][  0]LogConfig: Setting CVar [[r.SkeletalMeshLODBias:0]]
[2020.05.02-22.46.44:168][  0]LogConfig: Setting CVar [[r.ViewDistanceScale:1.0]]
[2020.05.02-22.46.44:169][  0]LogConfig: Applying CVar settings from Section [AntiAliasingQuality@3] File [Q:/ghost/Documents/GitHub/VR_Room/VR_Room/Saved/Config/Windows/Scalability.ini]
[2020.05.02-22.46.44:169][  0]LogConfig: Setting CVar [[r.PostProcessAAQuality:3]]
[2020.05.02-22.46.44:169][  0]LogConfig: Applying CVar settings from Section [ShadowQuality@3] File [Q:/ghost/Documents/GitHub/VR_Room/VR_Room/Saved/Config/Windows/Scalability.ini]
[2020.05.02-22.46.44:169][  0]LogConfig: Setting CVar [[r.LightFunctionQuality:1]]
[2020.05.02-22.46.44:169][  0]LogConfig: Setting CVar [[r.ShadowQuality:5]]
[2020.05.02-22.46.44:169][  0]LogConfig: Setting CVar [[r.Shadow.CSM.MaxCascades:10]]
[2020.05.02-22.46.44:169][  0]LogConfig: Setting CVar [[r.Shadow.MaxResolution:2048]]
[2020.05.02-22.46.44:169][  0]LogConfig: Setting CVar [[r.Shadow.MaxCSMResolution:2048]]
[2020.05.02-22.46.44:169][  0]LogConfig: Setting CVar [[r.Shadow.RadiusThreshold:0.01]]
[2020.05.02-22.46.44:169][  0]LogConfig: Setting CVar [[r.Shadow.DistanceScale:1.0]]
[2020.05.02-22.46.44:169][  0]LogConfig: Setting CVar [[r.Shadow.CSM.TransitionScale:1.0]]
[2020.05.02-22.46.44:169][  0]LogConfig: Setting CVar [[r.Shadow.PreShadowResolutionFactor:1.0]]
[2020.05.02-22.46.44:169][  0]LogConfig: Setting CVar [[r.DistanceFieldShadowing:1]]
[2020.05.02-22.46.44:169][  0]LogConfig: Setting CVar [[r.DistanceFieldAO:1]]
[2020.05.02-22.46.44:169][  0]LogConfig: Setting CVar [[r.AOQuality:2]]
[2020.05.02-22.46.44:169][  0]LogConfig: Setting CVar [[r.VolumetricFog:1]]
[2020.05.02-22.46.44:169][  0]LogConfig: Setting CVar [[r.VolumetricFog.GridPixelSize:8]]
[2020.05.02-22.46.44:169][  0]LogConfig: Setting CVar [[r.VolumetricFog.GridSizeZ:128]]
[2020.05.02-22.46.44:169][  0]LogConfig: Setting CVar [[r.VolumetricFog.HistoryMissSupersampleCount:4]]
[2020.05.02-22.46.44:169][  0]LogConfig: Setting CVar [[r.LightMaxDrawDistanceScale:1]]
[2020.05.02-22.46.44:169][  0]LogConfig: Setting CVar [[r.CapsuleShadows:1]]
[2020.05.02-22.46.44:169][  0]LogConfig: Applying CVar settings from Section [PostProcessQuality@3] File [Q:/ghost/Documents/GitHub/VR_Room/VR_Room/Saved/Config/Windows/Scalability.ini]
[2020.05.02-22.46.44:169][  0]LogConfig: Setting CVar [[r.MotionBlurQuality:0]]
[2020.05.02-22.46.44:169][  0]LogConfig: Setting CVar [[r.AmbientOcclusionMipLevelFactor:0.4]]
[2020.05.02-22.46.44:169][  0]LogConfig: Setting CVar [[r.AmbientOcclusionMaxQuality:100]]
[2020.05.02-22.46.44:169][  0]LogConfig: Setting CVar [[r.AmbientOcclusionLevels:0]]
[2020.05.02-22.46.44:169][  0]LogConfig: Setting CVar [[r.AmbientOcclusionRadiusScale:1.0]]
[2020.05.02-22.46.44:169][  0]LogConfig: Setting CVar [[r.DepthOfFieldQuality:0]]
[2020.05.02-22.46.44:169][  0]LogConfig: Setting CVar [[r.RenderTargetPoolMin:400]]
[2020.05.02-22.46.44:169][  0]LogConfig: Setting CVar [[r.LensFlareQuality:0]]
[2020.05.02-22.46.44:169][  0]LogConfig: Setting CVar [[r.SceneColorFringeQuality:0]]
[2020.05.02-22.46.44:169][  0]LogConfig: Setting CVar [[r.EyeAdaptationQuality:2]]
[2020.05.02-22.46.44:169][  0]LogConfig: Setting CVar [[r.BloomQuality:1]]
[2020.05.02-22.46.44:169][  0]LogConfig: Setting CVar [[r.FastBlurThreshold:0]]
[2020.05.02-22.46.44:169][  0]LogConfig: Setting CVar [[r.Upscale.Quality:3]]
[2020.05.02-22.46.44:169][  0]LogConfig: Setting CVar [[r.Tonemapper.GrainQuantization:1]]
[2020.05.02-22.46.44:169][  0]LogConfig: Setting CVar [[r.LightShaftQuality:1]]
[2020.05.02-22.46.44:169][  0]LogConfig: Setting CVar [[r.Filter.SizeScale:1]]
[2020.05.02-22.46.44:169][  0]LogConfig: Setting CVar [[r.Tonemapper.Quality:5]]
[2020.05.02-22.46.44:169][  0]LogConfig: Setting CVar [[r.DOF.Gather.AccumulatorQuality:1        ; higher gathering accumulator quality]]
[2020.05.02-22.46.44:169][  0]LogConfig: Setting CVar [[r.DOF.Gather.PostfilterMethod:1          ; Median3x3 postfilering method]]
[2020.05.02-22.46.44:169][  0]LogConfig: Setting CVar [[r.DOF.Gather.EnableBokehSettings:0       ; no bokeh simulation when gathering]]
[2020.05.02-22.46.44:169][  0]LogConfig: Setting CVar [[r.DOF.Gather.RingCount:4                 ; medium number of samples when gathering]]
[2020.05.02-22.46.44:169][  0]LogConfig: Setting CVar [[r.DOF.Scatter.ForegroundCompositing:1    ; additive foreground scattering]]
[2020.05.02-22.46.44:169][  0]LogConfig: Setting CVar [[r.DOF.Scatter.BackgroundCompositing:2    ; additive background scattering]]
[2020.05.02-22.46.44:169][  0]LogConfig: Setting CVar [[r.DOF.Scatter.EnableBokehSettings:1      ; bokeh simulation when scattering]]
[2020.05.02-22.46.44:169][  0]LogConfig: Setting CVar [[r.DOF.Scatter.MaxSpriteRatio:0.1         ; only a maximum of 10% of scattered bokeh]]
[2020.05.02-22.46.44:169][  0]LogConfig: Setting CVar [[r.DOF.Recombine.Quality:1                ; cheap slight out of focus]]
[2020.05.02-22.46.44:169][  0]LogConfig: Setting CVar [[r.DOF.Recombine.EnableBokehSettings:0    ; no bokeh simulation on slight out of focus]]
[2020.05.02-22.46.44:169][  0]LogConfig: Setting CVar [[r.DOF.TemporalAAQuality:1                ; more stable temporal accumulation]]
[2020.05.02-22.46.44:169][  0]LogConfig: Setting CVar [[r.DOF.Kernel.MaxForegroundRadius:0.025]]
[2020.05.02-22.46.44:169][  0]LogConfig: Setting CVar [[r.DOF.Kernel.MaxBackgroundRadius:0.025]]
[2020.05.02-22.46.44:169][  0]LogConfig: Applying CVar settings from Section [TextureQuality@3] File [Q:/ghost/Documents/GitHub/VR_Room/VR_Room/Saved/Config/Windows/Scalability.ini]
[2020.05.02-22.46.44:169][  0]LogConfig: Setting CVar [[r.Streaming.MipBias:0]]
[2020.05.02-22.46.44:169][  0]LogConfig: Setting CVar [[r.Streaming.AmortizeCPUToGPUCopy:0]]
[2020.05.02-22.46.44:169][  0]LogConfig: Setting CVar [[r.Streaming.MaxNumTexturesToStreamPerFrame:0]]
[2020.05.02-22.46.44:169][  0]LogConfig: Setting CVar [[r.Streaming.Boost:1]]
[2020.05.02-22.46.44:169][  0]LogConfig: Setting CVar [[r.MaxAnisotropy:8]]
[2020.05.02-22.46.44:169][  0]LogConfig: Setting CVar [[r.VT.MaxAnisotropy:8]]
[2020.05.02-22.46.44:169][  0]LogConfig: Setting CVar [[r.Streaming.LimitPoolSizeToVRAM:0]]
[2020.05.02-22.46.44:169][  0]LogConfig: Setting CVar [[r.Streaming.PoolSize:1000]]
[2020.05.02-22.46.44:169][  0]LogConfig: Setting CVar [[r.Streaming.MaxEffectiveScreenSize:0]]
[2020.05.02-22.46.44:169][  0]LogConfig: Applying CVar settings from Section [EffectsQuality@3] File [Q:/ghost/Documents/GitHub/VR_Room/VR_Room/Saved/Config/Windows/Scalability.ini]
[2020.05.02-22.46.44:169][  0]LogConfig: Setting CVar [[r.TranslucencyLightingVolumeDim:4]]
[2020.05.02-22.46.44:169][  0]LogConfig: Setting CVar [[r.RefractionQuality:2]]
[2020.05.02-22.46.44:169][  0]LogConfig: Setting CVar [[r.SSR.Quality:0]]
[2020.05.02-22.46.44:169][  0]LogConfig: Setting CVar [[r.SSR.HalfResSceneColor:0]]
[2020.05.02-22.46.44:169][  0]LogConfig: Setting CVar [[r.SceneColorFormat:2]]
[2020.05.02-22.46.44:169][  0]LogConfig: Setting CVar [[r.DetailMode:2]]
[2020.05.02-22.46.44:169][  0]LogConfig: Setting CVar [[r.TranslucencyVolumeBlur:0]]
[2020.05.02-22.46.44:169][  0]LogConfig: Setting CVar [[r.MaterialQualityLevel:1 ; High quality]]
[2020.05.02-22.46.44:169][  0]LogConfig: Setting CVar [[r.SSS.Scale:1]]
[2020.05.02-22.46.44:169][  0]LogConfig: Setting CVar [[r.SSS.SampleSet:2]]
[2020.05.02-22.46.44:169][  0]LogConfig: Setting CVar [[r.SSS.Quality:1]]
[2020.05.02-22.46.44:169][  0]LogConfig: Setting CVar [[r.SSS.HalfRes:1]]
[2020.05.02-22.46.44:169][  0]LogConfig: Setting CVar [[r.SSGI.Quality:3]]
[2020.05.02-22.46.44:169][  0]LogConfig: Setting CVar [[r.EmitterSpawnRateScale:1.0]]
[2020.05.02-22.46.44:169][  0]LogConfig: Setting CVar [[r.ParticleLightQuality:2]]
[2020.05.02-22.46.44:169][  0]LogConfig: Setting CVar [[r.SkyAtmosphere.AerialPerspectiveLUT.FastApplyOnOpaque:1 ; Always have FastSkyLUT 1 in this case to avoid wrong sky]]
[2020.05.02-22.46.44:169][  0]LogConfig: Setting CVar [[r.SkyAtmosphere.AerialPerspectiveLUT.SampleCountPerSlice:1]]
[2020.05.02-22.46.44:169][  0]LogConfig: Setting CVar [[r.SkyAtmosphere.AerialPerspectiveLUT.DepthResolution:16.0]]
[2020.05.02-22.46.44:169][  0]LogConfig: Setting CVar [[r.SkyAtmosphere.FastSkyLUT:1]]
[2020.05.02-22.46.44:169][  0]LogConfig: Setting CVar [[r.SkyAtmosphere.FastSkyLUT.SampleCountMin:4.0]]
[2020.05.02-22.46.44:169][  0]LogConfig: Setting CVar [[r.SkyAtmosphere.FastSkyLUT.SampleCountMax:32.0]]
[2020.05.02-22.46.44:169][  0]LogConfig: Setting CVar [[r.SkyAtmosphere.SampleCountMin:4.0]]
[2020.05.02-22.46.44:169][  0]LogConfig: Setting CVar [[r.SkyAtmosphere.SampleCountMax:32.0]]
[2020.05.02-22.46.44:169][  0]LogConfig: Setting CVar [[r.SkyAtmosphere.TransmittanceLUT.UseSmallFormat:0]]
[2020.05.02-22.46.44:169][  0]LogConfig: Setting CVar [[r.SkyAtmosphere.TransmittanceLUT.SampleCount:10.0]]
[2020.05.02-22.46.44:169][  0]LogConfig: Setting CVar [[r.SkyAtmosphere.MultiScatteringLUT.SampleCount:15.0]]
[2020.05.02-22.46.44:169][  0]LogConfig: Applying CVar settings from Section [FoliageQuality@3] File [Q:/ghost/Documents/GitHub/VR_Room/VR_Room/Saved/Config/Windows/Scalability.ini]
[2020.05.02-22.46.44:169][  0]LogConfig: Setting CVar [[foliage.DensityScale:1.0]]
[2020.05.02-22.46.44:169][  0]LogConfig: Setting CVar [[grass.DensityScale:1.0]]
[2020.05.02-22.46.44:169][  0]LogConfig: Applying CVar settings from Section [ShadingQuality@3] File [Q:/ghost/Documents/GitHub/VR_Room/VR_Room/Saved/Config/Windows/Scalability.ini]
[2020.05.02-22.46.44:170][  0]LogConfig: Setting CVar [[r.HairStrands.SkyLighting.SampleCount:16]]
[2020.05.02-22.46.44:170][  0]LogConfig: Setting CVar [[r.HairStrands.SkyLighting.JitterIntegration:0]]
[2020.05.02-22.46.44:170][  0]LogConfig: Setting CVar [[r.HairStrands.SkyAO.SampleCount:16]]
[2020.05.02-22.46.44:170][  0]LogInit: Selected Device Profile: [Windows]
[2020.05.02-22.46.44:170][  0]LogInit: Applying CVar settings loaded from the selected device profile: [Windows]
[2020.05.02-22.46.44:172][  0]LogHAL: Display: Platform has ~ 16 GB [17135833088 / 17179869184 / 16], which maps to Larger [LargestMinGB=32, LargerMinGB=12, DefaultMinGB=8, SmallerMinGB=6, SmallestMinGB=0)
[2020.05.02-22.46.44:172][  0]LogInit: Going up to parent DeviceProfile []
[2020.05.02-22.46.44:172][  0]LogConfig: Applying CVar settings from Section [ViewDistanceQuality@3] File [Q:/ghost/Documents/GitHub/VR_Room/VR_Room/Saved/Config/Windows/Scalability.ini]
[2020.05.02-22.46.44:172][  0]LogConfig: Setting CVar [[r.SkeletalMeshLODBias:0]]
[2020.05.02-22.46.44:172][  0]LogConfig: Setting CVar [[r.ViewDistanceScale:1.0]]
[2020.05.02-22.46.44:172][  0]LogConfig: Applying CVar settings from Section [AntiAliasingQuality@3] File [Q:/ghost/Documents/GitHub/VR_Room/VR_Room/Saved/Config/Windows/Scalability.ini]
[2020.05.02-22.46.44:172][  0]LogConfig: Setting CVar [[r.PostProcessAAQuality:3]]
[2020.05.02-22.46.44:172][  0]LogConfig: Applying CVar settings from Section [ShadowQuality@3] File [Q:/ghost/Documents/GitHub/VR_Room/VR_Room/Saved/Config/Windows/Scalability.ini]
[2020.05.02-22.46.44:172][  0]LogConfig: Setting CVar [[r.LightFunctionQuality:1]]
[2020.05.02-22.46.44:172][  0]LogConfig: Setting CVar [[r.ShadowQuality:5]]
[2020.05.02-22.46.44:172][  0]LogConfig: Setting CVar [[r.Shadow.CSM.MaxCascades:10]]
[2020.05.02-22.46.44:172][  0]LogConfig: Setting CVar [[r.Shadow.MaxResolution:2048]]
[2020.05.02-22.46.44:172][  0]LogConfig: Setting CVar [[r.Shadow.MaxCSMResolution:2048]]
[2020.05.02-22.46.44:172][  0]LogConfig: Setting CVar [[r.Shadow.RadiusThreshold:0.01]]
[2020.05.02-22.46.44:172][  0]LogConfig: Setting CVar [[r.Shadow.DistanceScale:1.0]]
[2020.05.02-22.46.44:172][  0]LogConfig: Setting CVar [[r.Shadow.CSM.TransitionScale:1.0]]
[2020.05.02-22.46.44:172][  0]LogConfig: Setting CVar [[r.Shadow.PreShadowResolutionFactor:1.0]]
[2020.05.02-22.46.44:172][  0]LogConfig: Setting CVar [[r.DistanceFieldShadowing:1]]
[2020.05.02-22.46.44:172][  0]LogConfig: Setting CVar [[r.DistanceFieldAO:1]]
[2020.05.02-22.46.44:172][  0]LogConfig: Setting CVar [[r.AOQuality:2]]
[2020.05.02-22.46.44:172][  0]LogConfig: Setting CVar [[r.VolumetricFog:1]]
[2020.05.02-22.46.44:172][  0]LogConfig: Setting CVar [[r.VolumetricFog.GridPixelSize:8]]
[2020.05.02-22.46.44:172][  0]LogConfig: Setting CVar [[r.VolumetricFog.GridSizeZ:128]]
[2020.05.02-22.46.44:172][  0]LogConfig: Setting CVar [[r.VolumetricFog.HistoryMissSupersampleCount:4]]
[2020.05.02-22.46.44:172][  0]LogConfig: Setting CVar [[r.LightMaxDrawDistanceScale:1]]
[2020.05.02-22.46.44:172][  0]LogConfig: Setting CVar [[r.CapsuleShadows:1]]
[2020.05.02-22.46.44:172][  0]LogConfig: Applying CVar settings from Section [PostProcessQuality@3] File [Q:/ghost/Documents/GitHub/VR_Room/VR_Room/Saved/Config/Windows/Scalability.ini]
[2020.05.02-22.46.44:172][  0]LogConfig: Setting CVar [[r.MotionBlurQuality:0]]
[2020.05.02-22.46.44:172][  0]LogConfig: Setting CVar [[r.AmbientOcclusionMipLevelFactor:0.4]]
[2020.05.02-22.46.44:172][  0]LogConfig: Setting CVar [[r.AmbientOcclusionMaxQuality:100]]
[2020.05.02-22.46.44:172][  0]LogConfig: Setting CVar [[r.AmbientOcclusionLevels:0]]
[2020.05.02-22.46.44:172][  0]LogConfig: Setting CVar [[r.AmbientOcclusionRadiusScale:1.0]]
[2020.05.02-22.46.44:172][  0]LogConfig: Setting CVar [[r.DepthOfFieldQuality:0]]
[2020.05.02-22.46.44:172][  0]LogConfig: Setting CVar [[r.RenderTargetPoolMin:400]]
[2020.05.02-22.46.44:172][  0]LogConfig: Setting CVar [[r.LensFlareQuality:0]]
[2020.05.02-22.46.44:172][  0]LogConfig: Setting CVar [[r.SceneColorFringeQuality:0]]
[2020.05.02-22.46.44:172][  0]LogConfig: Setting CVar [[r.EyeAdaptationQuality:2]]
[2020.05.02-22.46.44:172][  0]LogConfig: Setting CVar [[r.BloomQuality:1]]
[2020.05.02-22.46.44:172][  0]LogConfig: Setting CVar [[r.FastBlurThreshold:0]]
[2020.05.02-22.46.44:172][  0]LogConfig: Setting CVar [[r.Upscale.Quality:3]]
[2020.05.02-22.46.44:172][  0]LogConfig: Setting CVar [[r.Tonemapper.GrainQuantization:1]]
[2020.05.02-22.46.44:172][  0]LogConfig: Setting CVar [[r.LightShaftQuality:1]]
[2020.05.02-22.46.44:172][  0]LogConfig: Setting CVar [[r.Filter.SizeScale:1]]
[2020.05.02-22.46.44:172][  0]LogConfig: Setting CVar [[r.Tonemapper.Quality:5]]
[2020.05.02-22.46.44:172][  0]LogConfig: Setting CVar [[r.DOF.Gather.AccumulatorQuality:1        ; higher gathering accumulator quality]]
[2020.05.02-22.46.44:172][  0]LogConfig: Setting CVar [[r.DOF.Gather.PostfilterMethod:1          ; Median3x3 postfilering method]]
[2020.05.02-22.46.44:172][  0]LogConfig: Setting CVar [[r.DOF.Gather.EnableBokehSettings:0       ; no bokeh simulation when gathering]]
[2020.05.02-22.46.44:172][  0]LogConfig: Setting CVar [[r.DOF.Gather.RingCount:4                 ; medium number of samples when gathering]]
[2020.05.02-22.46.44:172][  0]LogConfig: Setting CVar [[r.DOF.Scatter.ForegroundCompositing:1    ; additive foreground scattering]]
[2020.05.02-22.46.44:172][  0]LogConfig: Setting CVar [[r.DOF.Scatter.BackgroundCompositing:2    ; additive background scattering]]
[2020.05.02-22.46.44:172][  0]LogConfig: Setting CVar [[r.DOF.Scatter.EnableBokehSettings:1      ; bokeh simulation when scattering]]
[2020.05.02-22.46.44:172][  0]LogConfig: Setting CVar [[r.DOF.Scatter.MaxSpriteRatio:0.1         ; only a maximum of 10% of scattered bokeh]]
[2020.05.02-22.46.44:172][  0]LogConfig: Setting CVar [[r.DOF.Recombine.Quality:1                ; cheap slight out of focus]]
[2020.05.02-22.46.44:172][  0]LogConfig: Setting CVar [[r.DOF.Recombine.EnableBokehSettings:0    ; no bokeh simulation on slight out of focus]]
[2020.05.02-22.46.44:172][  0]LogConfig: Setting CVar [[r.DOF.TemporalAAQuality:1                ; more stable temporal accumulation]]
[2020.05.02-22.46.44:172][  0]LogConfig: Setting CVar [[r.DOF.Kernel.MaxForegroundRadius:0.025]]
[2020.05.02-22.46.44:173][  0]LogConfig: Setting CVar [[r.DOF.Kernel.MaxBackgroundRadius:0.025]]
[2020.05.02-22.46.44:173][  0]LogConfig: Applying CVar settings from Section [TextureQuality@3] File [Q:/ghost/Documents/GitHub/VR_Room/VR_Room/Saved/Config/Windows/Scalability.ini]
[2020.05.02-22.46.44:173][  0]LogConfig: Setting CVar [[r.Streaming.MipBias:0]]
[2020.05.02-22.46.44:173][  0]LogConfig: Setting CVar [[r.Streaming.AmortizeCPUToGPUCopy:0]]
[2020.05.02-22.46.44:173][  0]LogConfig: Setting CVar [[r.Streaming.MaxNumTexturesToStreamPerFrame:0]]
[2020.05.02-22.46.44:173][  0]LogConfig: Setting CVar [[r.Streaming.Boost:1]]
[2020.05.02-22.46.44:173][  0]LogConfig: Setting CVar [[r.MaxAnisotropy:8]]
[2020.05.02-22.46.44:173][  0]LogConfig: Setting CVar [[r.VT.MaxAnisotropy:8]]
[2020.05.02-22.46.44:173][  0]LogConfig: Setting CVar [[r.Streaming.LimitPoolSizeToVRAM:0]]
[2020.05.02-22.46.44:173][  0]LogConfig: Setting CVar [[r.Streaming.PoolSize:1000]]
[2020.05.02-22.46.44:173][  0]LogConfig: Setting CVar [[r.Streaming.MaxEffectiveScreenSize:0]]
[2020.05.02-22.46.44:173][  0]LogConfig: Applying CVar settings from Section [EffectsQuality@3] File [Q:/ghost/Documents/GitHub/VR_Room/VR_Room/Saved/Config/Windows/Scalability.ini]
[2020.05.02-22.46.44:173][  0]LogConfig: Setting CVar [[r.TranslucencyLightingVolumeDim:4]]
[2020.05.02-22.46.44:173][  0]LogConfig: Setting CVar [[r.RefractionQuality:2]]
[2020.05.02-22.46.44:173][  0]LogConfig: Setting CVar [[r.SSR.Quality:0]]
[2020.05.02-22.46.44:173][  0]LogConfig: Setting CVar [[r.SSR.HalfResSceneColor:0]]
[2020.05.02-22.46.44:173][  0]LogConfig: Setting CVar [[r.SceneColorFormat:2]]
[2020.05.02-22.46.44:173][  0]LogConfig: Setting CVar [[r.DetailMode:2]]
[2020.05.02-22.46.44:173][  0]LogConfig: Setting CVar [[r.TranslucencyVolumeBlur:0]]
[2020.05.02-22.46.44:173][  0]LogConfig: Setting CVar [[r.MaterialQualityLevel:1 ; High quality]]
[2020.05.02-22.46.44:173][  0]LogConfig: Setting CVar [[r.SSS.Scale:1]]
[2020.05.02-22.46.44:173][  0]LogConfig: Setting CVar [[r.SSS.SampleSet:2]]
[2020.05.02-22.46.44:173][  0]LogConfig: Setting CVar [[r.SSS.Quality:1]]
[2020.05.02-22.46.44:173][  0]LogConfig: Setting CVar [[r.SSS.HalfRes:1]]
[2020.05.02-22.46.44:173][  0]LogConfig: Setting CVar [[r.SSGI.Quality:3]]
[2020.05.02-22.46.44:173][  0]LogConfig: Setting CVar [[r.EmitterSpawnRateScale:1.0]]
[2020.05.02-22.46.44:173][  0]LogConfig: Setting CVar [[r.ParticleLightQuality:2]]
[2020.05.02-22.46.44:173][  0]LogConfig: Setting CVar [[r.SkyAtmosphere.AerialPerspectiveLUT.FastApplyOnOpaque:1 ; Always have FastSkyLUT 1 in this case to avoid wrong sky]]
[2020.05.02-22.46.44:173][  0]LogConfig: Setting CVar [[r.SkyAtmosphere.AerialPerspectiveLUT.SampleCountPerSlice:1]]
[2020.05.02-22.46.44:173][  0]LogConfig: Setting CVar [[r.SkyAtmosphere.AerialPerspectiveLUT.DepthResolution:16.0]]
[2020.05.02-22.46.44:173][  0]LogConfig: Setting CVar [[r.SkyAtmosphere.FastSkyLUT:1]]
[2020.05.02-22.46.44:173][  0]LogConfig: Setting CVar [[r.SkyAtmosphere.FastSkyLUT.SampleCountMin:4.0]]
[2020.05.02-22.46.44:173][  0]LogConfig: Setting CVar [[r.SkyAtmosphere.FastSkyLUT.SampleCountMax:32.0]]
[2020.05.02-22.46.44:173][  0]LogConfig: Setting CVar [[r.SkyAtmosphere.SampleCountMin:4.0]]
[2020.05.02-22.46.44:173][  0]LogConfig: Setting CVar [[r.SkyAtmosphere.SampleCountMax:32.0]]
[2020.05.02-22.46.44:173][  0]LogConfig: Setting CVar [[r.SkyAtmosphere.TransmittanceLUT.UseSmallFormat:0]]
[2020.05.02-22.46.44:173][  0]LogConfig: Setting CVar [[r.SkyAtmosphere.TransmittanceLUT.SampleCount:10.0]]
[2020.05.02-22.46.44:173][  0]LogConfig: Setting CVar [[r.SkyAtmosphere.MultiScatteringLUT.SampleCount:15.0]]
[2020.05.02-22.46.44:173][  0]LogConfig: Applying CVar settings from Section [FoliageQuality@3] File [Q:/ghost/Documents/GitHub/VR_Room/VR_Room/Saved/Config/Windows/Scalability.ini]
[2020.05.02-22.46.44:173][  0]LogConfig: Setting CVar [[foliage.DensityScale:1.0]]
[2020.05.02-22.46.44:173][  0]LogConfig: Setting CVar [[grass.DensityScale:1.0]]
[2020.05.02-22.46.44:173][  0]LogConfig: Applying CVar settings from Section [ShadingQuality@3] File [Q:/ghost/Documents/GitHub/VR_Room/VR_Room/Saved/Config/Windows/Scalability.ini]
[2020.05.02-22.46.44:173][  0]LogConfig: Setting CVar [[r.HairStrands.SkyLighting.SampleCount:16]]
[2020.05.02-22.46.44:173][  0]LogConfig: Setting CVar [[r.HairStrands.SkyLighting.JitterIntegration:0]]
[2020.05.02-22.46.44:173][  0]LogConfig: Setting CVar [[r.HairStrands.SkyAO.SampleCount:16]]
[2020.05.02-22.46.44:173][  0]LogConfig: Applying CVar settings from Section [Startup] File [../../../Engine/Config/ConsoleVariables.ini]
[2020.05.02-22.46.44:173][  0]LogConfig: Setting CVar [[net.UseAdaptiveNetUpdateFrequency:0]]
[2020.05.02-22.46.44:173][  0]LogConfig: Setting CVar [[p.chaos.AllowCreatePhysxBodies:1]]
[2020.05.02-22.46.44:173][  0]LogConfig: Applying CVar settings from Section [ConsoleVariables] File [Q:/ghost/Documents/GitHub/VR_Room/VR_Room/Saved/Config/Windows/Engine.ini]
[2020.05.02-22.46.44:173][  0]LogInit: Computer: GHOSTS
[2020.05.02-22.46.44:173][  0]LogInit: User: ghost
[2020.05.02-22.46.44:173][  0]LogInit: CPU Page size=4096, Cores=4
[2020.05.02-22.46.44:173][  0]LogInit: High frequency timer resolution =10.000000 MHz
[2020.05.02-22.46.44:173][  0]LogMemory: Memory total: Physical=16.0GB (16GB approx)
[2020.05.02-22.46.44:173][  0]LogMemory: Platform Memory Stats for Windows
[2020.05.02-22.46.44:173][  0]LogMemory: Process Physical Memory: 109.79 MB used, 109.80 MB peak
[2020.05.02-22.46.44:173][  0]LogMemory: Process Virtual Memory: 106.86 MB used, 106.86 MB peak
[2020.05.02-22.46.44:173][  0]LogMemory: Physical Memory: 7722.69 MB used,  8619.31 MB free, 16342.00 MB total
[2020.05.02-22.46.44:173][  0]LogMemory: Virtual Memory: 5184.09 MB used,  134212544.00 MB free, 134217728.00 MB total
[2020.05.02-22.46.44:175][  0]LogWindows: WindowsPlatformFeatures enabled
[2020.05.02-22.46.44:186][  0]LogInit: Using OS detected language (en-US).
[2020.05.02-22.46.44:186][  0]LogInit: Using OS detected locale (en-US).
[2020.05.02-22.46.44:187][  0]LogTextLocalizationManager: No specific localization for 'en-US' exists, so the 'en' localization will be used.
[2020.05.02-22.46.44:320][  0]LogInit: Setting process to per monitor DPI aware
[2020.05.02-22.46.44:341][  0]LogSlate: New Slate User Created.  User Index 0, Is Virtual User: 0
[2020.05.02-22.46.44:341][  0]LogSlate: Slate User Registered.  User Index 0, Is Virtual User: 0
[2020.05.02-22.46.44:439][  0]LogD3D11RHI: D3D11 min allowed feature level: 11_0
[2020.05.02-22.46.44:439][  0]LogD3D11RHI: D3D11 max allowed feature level: 11_0
[2020.05.02-22.46.44:439][  0]LogD3D11RHI: D3D11 adapters:
[2020.05.02-22.46.44:496][  0]LogD3D11RHI:    0. 'NVIDIA GeForce GTX 1060 6GB' (Feature Level 11_0)
[2020.05.02-22.46.44:496][  0]LogD3D11RHI:       6052/0/8171 MB DedicatedVideo/DedicatedSystem/SharedSystem, Outputs:1, VendorId:0x10de
[2020.05.02-22.46.44:498][  0]LogD3D11RHI:    1. 'Microsoft Basic Render Driver' (Feature Level 11_0)
[2020.05.02-22.46.44:498][  0]LogD3D11RHI:       0/0/8171 MB DedicatedVideo/DedicatedSystem/SharedSystem, Outputs:0, VendorId:0x1414
[2020.05.02-22.46.44:498][  0]LogD3D11RHI: Chosen D3D11 Adapter: 0
[2020.05.02-22.46.44:506][  0]LogD3D11RHI: Creating new Direct3DDevice
[2020.05.02-22.46.44:506][  0]LogD3D11RHI:     GPU DeviceId: 0x1c03 (for the marketing name, search the web for "GPU Device Id")
[2020.05.02-22.46.44:506][  0]LogWindows: EnumDisplayDevices:
[2020.05.02-22.46.44:506][  0]LogWindows:    0. 'NVIDIA GeForce GTX 1060 6GB' (P:1 D:1)
[2020.05.02-22.46.44:507][  0]LogWindows:    1. 'NVIDIA GeForce GTX 1060 6GB' (P:0 D:0)
[2020.05.02-22.46.44:507][  0]LogWindows:    2. 'NVIDIA GeForce GTX 1060 6GB' (P:0 D:0)
[2020.05.02-22.46.44:507][  0]LogWindows:    3. 'NVIDIA GeForce GTX 1060 6GB' (P:0 D:0)
[2020.05.02-22.46.44:507][  0]LogWindows: DebugString: FoundDriverCount:4 
[2020.05.02-22.46.44:507][  0]LogD3D11RHI:     Adapter Name: NVIDIA GeForce GTX 1060 6GB
[2020.05.02-22.46.44:507][  0]LogD3D11RHI:   Driver Version: 445.87 (internal:26.21.14.4587, unified:445.87)
[2020.05.02-22.46.44:507][  0]LogD3D11RHI:      Driver Date: 4-3-2020
[2020.05.02-22.46.44:507][  0]LogRHI: Texture pool is 4236 MB (70% of 6052 MB)
[2020.05.02-22.46.44:544][  0]LogD3D11RHI: RHI has support for 64 bit atomics
[2020.05.02-22.46.44:544][  0]LogD3D11RHI: Async texture creation enabled
[2020.05.02-22.46.44:587][  0]LogD3D11RHI: GPU Timing Frequency: 1000.000000 (Debug: 2 1)
[2020.05.02-22.46.44:802][  0]LogTargetPlatformManager: Display: Loaded TargetPlatform 'AllDesktop'
[2020.05.02-22.46.44:826][  0]LogTargetPlatformManager: Display: Loaded TargetPlatform 'Android'
[2020.05.02-22.46.44:827][  0]LogTargetPlatformManager: Display: Loaded TargetPlatform 'Android_ASTC'
[2020.05.02-22.46.44:827][  0]LogTargetPlatformManager: Display: Loaded TargetPlatform 'Android_ATC'
[2020.05.02-22.46.44:827][  0]LogTargetPlatformManager: Display: Loaded TargetPlatform 'Android_DXT'
[2020.05.02-22.46.44:827][  0]LogTargetPlatformManager: Display: Loaded TargetPlatform 'Android_ETC1'
[2020.05.02-22.46.44:827][  0]LogTargetPlatformManager: Display: Loaded TargetPlatform 'Android_ETC1a'
[2020.05.02-22.46.44:827][  0]LogTargetPlatformManager: Display: Loaded TargetPlatform 'Android_ETC2'
[2020.05.02-22.46.44:827][  0]LogTargetPlatformManager: Display: Loaded TargetPlatform 'Android_PVRTC'
[2020.05.02-22.46.44:827][  0]LogTargetPlatformManager: Display: Loaded TargetPlatform 'AndroidClient'
[2020.05.02-22.46.44:827][  0]LogTargetPlatformManager: Display: Loaded TargetPlatform 'Android_ASTCClient'
[2020.05.02-22.46.44:827][  0]LogTargetPlatformManager: Display: Loaded TargetPlatform 'Android_ATCClient'
[2020.05.02-22.46.44:827][  0]LogTargetPlatformManager: Display: Loaded TargetPlatform 'Android_DXTClient'
[2020.05.02-22.46.44:827][  0]LogTargetPlatformManager: Display: Loaded TargetPlatform 'Android_ETC1Client'
[2020.05.02-22.46.44:827][  0]LogTargetPlatformManager: Display: Loaded TargetPlatform 'Android_ETC1aClient'
[2020.05.02-22.46.44:827][  0]LogTargetPlatformManager: Display: Loaded TargetPlatform 'Android_ETC2Client'
[2020.05.02-22.46.44:827][  0]LogTargetPlatformManager: Display: Loaded TargetPlatform 'Android_PVRTCClient'
[2020.05.02-22.46.44:827][  0]LogTargetPlatformManager: Display: Loaded TargetPlatform 'Android_Multi'
[2020.05.02-22.46.44:827][  0]LogTargetPlatformManager: Display: Loaded TargetPlatform 'Android_MultiClient'
[2020.05.02-22.46.44:841][  0]LogTargetPlatformManager: Display: Loaded TargetPlatform 'IOSClient'
[2020.05.02-22.46.44:841][  0]LogTargetPlatformManager: Display: Loaded TargetPlatform 'IOS'
[2020.05.02-22.46.44:847][  0]LogTargetPlatformManager: Display: Loaded TargetPlatform 'LinuxNoEditor'
[2020.05.02-22.46.44:852][  0]LogTargetPlatformManager: Display: Loaded TargetPlatform 'LinuxClient'
[2020.05.02-22.46.44:857][  0]LogTargetPlatformManager: Display: Loaded TargetPlatform 'LinuxServer'
[2020.05.02-22.46.44:863][  0]LogTargetPlatformManager: Display: Loaded TargetPlatform 'LinuxAArch64NoEditor'
[2020.05.02-22.46.44:868][  0]LogTargetPlatformManager: Display: Loaded TargetPlatform 'LinuxAArch64Client'
[2020.05.02-22.46.44:873][  0]LogTargetPlatformManager: Display: Loaded TargetPlatform 'LinuxAArch64Server'
[2020.05.02-22.46.44:892][  0]LogTargetPlatformManager: Display: Loaded TargetPlatform 'Lumin'
[2020.05.02-22.46.44:892][  0]LogTargetPlatformManager: Display: Loaded TargetPlatform 'LuminClient'
[2020.05.02-22.46.44:902][  0]LogTargetPlatformManager: Display: Loaded TargetPlatform 'TVOSClient'
[2020.05.02-22.46.44:902][  0]LogTargetPlatformManager: Display: Loaded TargetPlatform 'TVOS'
[2020.05.02-22.46.44:907][  0]LogTargetPlatformManager: Display: Loaded TargetPlatform 'WindowsNoEditor'
[2020.05.02-22.46.44:913][  0]LogTargetPlatformManager: Display: Loaded TargetPlatform 'Windows'
[2020.05.02-22.46.44:918][  0]LogTargetPlatformManager: Display: Loaded TargetPlatform 'WindowsClient'
[2020.05.02-22.46.44:924][  0]LogTargetPlatformManager: Display: Loaded TargetPlatform 'WindowsServer'
[2020.05.02-22.46.44:924][  0]LogTargetPlatformManager: Display: Building Assets For Windows
[2020.05.02-22.46.44:926][  0]LogAudioDebug: Display: Lib vorbis DLL was dynamically loaded.
[2020.05.02-22.46.44:941][  0]LogShaderCompilers: Guid format shader working directory is 4 characters bigger than the processId version (Q:/ghost/Documents/GitHub/VR_Room/VR_Room/Intermediate/Shaders/WorkingDirectory/10848/).
[2020.05.02-22.46.44:941][  0]LogShaderCompilers: Cleaned the shader compiler working directory 'C:/Users/ghost/AppData/Local/Temp/UnrealShaderWorkingDir/661C7E744B23F13083026E96A0BBF115/'.
[2020.05.02-22.46.44:941][  0]LogXGEController: Cannot use XGE Controller as Incredibuild is not installed on this machine.
[2020.05.02-22.46.44:941][  0]LogShaderCompilers: Cannot use XGE Shader Compiler as Incredibuild is not installed on this machine.
[2020.05.02-22.46.44:941][  0]LogShaderCompilers: Display: Using Local Shader Compiler.
[2020.05.02-22.46.45:530][  0]LogDerivedDataCache: Display: Max Cache Size: 512 MB
[2020.05.02-22.46.45:594][  0]LogDerivedDataCache: Loaded boot cache 0.06s 103MB C:/Users/ghost/AppData/Local/UnrealEngine/4.24/DerivedDataCache/Boot.ddc.
[2020.05.02-22.46.45:594][  0]LogDerivedDataCache: Display: Loaded Boot cache: C:/Users/ghost/AppData/Local/UnrealEngine/4.24/DerivedDataCache/Boot.ddc
[2020.05.02-22.46.45:594][  0]LogDerivedDataCache: FDerivedDataBackendGraph:  Pak pak cache file Q:/ghost/Documents/GitHub/VR_Room/VR_Room/DerivedDataCache/DDC.ddp not found, will not use a pak cache.
[2020.05.02-22.46.45:594][  0]LogDerivedDataCache: Unable to find inner node Pak for hierarchical cache Hierarchy.
[2020.05.02-22.46.45:594][  0]LogDerivedDataCache: FDerivedDataBackendGraph:  CompressedPak pak cache file Q:/ghost/Documents/GitHub/VR_Room/VR_Room/DerivedDataCache/Compressed.ddp not found, will not use a pak cache.
[2020.05.02-22.46.45:594][  0]LogDerivedDataCache: Unable to find inner node CompressedPak for hierarchical cache Hierarchy.
[2020.05.02-22.46.45:603][  0]LogDerivedDataCache: Display: Pak cache opened for reading ../../../Engine/DerivedDataCache/Compressed.ddp.
[2020.05.02-22.46.45:603][  0]LogDerivedDataCache: FDerivedDataBackendGraph:  EnterprisePak pak cache file ../../../Enterprise/DerivedDataCache/Compressed.ddp not found, will not use a pak cache.
[2020.05.02-22.46.45:603][  0]LogDerivedDataCache: Unable to find inner node EnterprisePak for hierarchical cache Hierarchy.
[2020.05.02-22.46.45:604][  0]LogDerivedDataCache: Using Local data cache path C:/Users/ghost/AppData/Local/UnrealEngine/Common/DerivedDataCache: Writable
[2020.05.02-22.46.45:604][  0]LogDerivedDataCache: Shared data cache path not found in *engine.ini, will not use an Shared cache.
[2020.05.02-22.46.45:604][  0]LogDerivedDataCache: Unable to find inner node Shared for hierarchical cache Hierarchy.
[2020.05.02-22.46.45:626][  0]LogMaterial: Verifying Global Shaders for PCD3D_SM5
[2020.05.02-22.46.45:628][  0]LogSlate: Using FreeType 2.10.0
[2020.05.02-22.46.45:629][  0]LogSlate: SlateFontServices - WITH_FREETYPE: 1, WITH_HARFBUZZ: 1
[2020.05.02-22.46.45:667][  0]LogAssetRegistry: FAssetRegistry took 0.0022 seconds to start up
[2020.05.02-22.46.45:914][  0]LogInit: Selected Device Profile: [Windows]
[2020.05.02-22.46.46:055][  0]LogMeshReduction: Using QuadricMeshReduction for automatic static mesh reduction
[2020.05.02-22.46.46:055][  0]LogMeshReduction: Using SimplygonMeshReduction for automatic skeletal mesh reduction
[2020.05.02-22.46.46:055][  0]LogMeshReduction: Using ProxyLODMeshReduction for automatic mesh merging
[2020.05.02-22.46.46:055][  0]LogMeshReduction: No distributed automatic mesh merging module available
[2020.05.02-22.46.46:055][  0]LogMeshMerging: No distributed automatic mesh merging module available
[2020.05.02-22.46.46:064][  0]LogNetVersion: VR_Room 1.0.0, NetCL: 10570792, EngineNetVer: 13, GameNetVer: 0 (Checksum: 2131639903)
[2020.05.02-22.46.46:977][  0]LogPackageLocalizationCache: Processed 10 localized package path(s) for 1 prioritized culture(s) in 0.035644 seconds
[2020.05.02-22.46.46:985][  0]LogUObjectArray: 46750 objects as part of root set at end of initial load.
[2020.05.02-22.46.46:985][  0]LogUObjectAllocator: 8137160 out of 0 bytes used by permanent object pool.
[2020.05.02-22.46.46:985][  0]LogUObjectArray: CloseDisregardForGC: 0/0 objects in disregard for GC pool
[2020.05.02-22.46.47:302][  0]LogTcpMessaging: Initializing TcpMessaging bridge
[2020.05.02-22.46.47:332][  0]LogUdpMessaging: Initializing bridge on interface 0.0.0.0:0 to multicast group 230.0.0.1:6666.
[2020.05.02-22.46.47:374][  0]SourceControl: Source control is disabled
[2020.05.02-22.46.47:375][  0]SourceControl: Source control is disabled
[2020.05.02-22.46.47:375][  0]SourceControl: Source control is disabled
[2020.05.02-22.46.47:376][  0]SourceControl: Source control is disabled
[2020.05.02-22.46.47:376][  0]SourceControl: Source control is disabled
[2020.05.02-22.46.47:439][  0]LogAndroidPermission: UAndroidPermissionCallbackProxy::GetInstance
[2020.05.02-22.46.47:447][  0]LogAudioCaptureCore: Display: No Audio Capture implementations found. Audio input will be silent.
[2020.05.02-22.46.47:447][  0]LogAudioCaptureCore: Display: No Audio Capture implementations found. Audio input will be silent.
[2020.05.02-22.46.47:512][  0]LogOcInput: OculusInput pre-init called
[2020.05.02-22.46.47:995][  0]LogEngine: Initializing Engine...
[2020.05.02-22.46.47:995][  0]LogHMD: Oculus plugin initialized. Version: 4.24.3-11590370+++UE4+Release-4.24, OVRPlugin: 1.40.0
[2020.05.02-22.46.47:996][  0]LogStats: UGameplayTagsManager::InitializeManager -  0.000 s
[2020.05.02-22.46.48:268][  0]LogInit: Initializing FReadOnlyCVARCache
[2020.05.02-22.46.48:274][  0]LogAIModule: Creating AISystem for world Untitled
[2020.05.02-22.46.48:291][  0]LogAudioMixer: Display: Audio Mixer Platform Settings:
[2020.05.02-22.46.48:291][  0]LogAudioMixer: Display: 	Sample Rate:						  48000
[2020.05.02-22.46.48:291][  0]LogAudioMixer: Display: 	Callback Buffer Frame Size Requested: 1024
[2020.05.02-22.46.48:291][  0]LogAudioMixer: Display: 	Callback Buffer Frame Size To Use:	  1024
[2020.05.02-22.46.48:291][  0]LogAudioMixer: Display: 	Number of buffers to queue:			  2
[2020.05.02-22.46.48:291][  0]LogAudioMixer: Display: 	Max Channels (voices):				  32
[2020.05.02-22.46.48:291][  0]LogAudioMixer: Display: 	Number of Async Source Workers:		  0
[2020.05.02-22.46.48:291][  0]LogAudio: Display: AudioDevice MaxSources: 32
[2020.05.02-22.46.48:291][  0]LogAudio: Display: Using built-in audio occlusion.
[2020.05.02-22.46.48:291][  0]LogAudioMixer: Display: Initializing audio mixer.
[2020.05.02-22.46.48:353][  0]LogAudioMixer: Display: Audio Device Output Speaker Info:
[2020.05.02-22.46.48:353][  0]LogAudioMixer: Display: Name: Speakers (THX Spatial - Synapse)
[2020.05.02-22.46.48:353][  0]LogAudioMixer: Display: Is Default: Yes
[2020.05.02-22.46.48:353][  0]LogAudioMixer: Display: Sample Rate: 48000
[2020.05.02-22.46.48:353][  0]LogAudioMixer: Display: Channel Count Used: 8
[2020.05.02-22.46.48:353][  0]LogAudioMixer: Display: Device Channel Count: 8
[2020.05.02-22.46.48:353][  0]LogAudioMixer: Display: Channel Order:
[2020.05.02-22.46.48:353][  0]LogAudioMixer: Display: 0: FrontLeft
[2020.05.02-22.46.48:353][  0]LogAudioMixer: Display: 1: FrontRight
[2020.05.02-22.46.48:353][  0]LogAudioMixer: Display: 2: FrontCenter
[2020.05.02-22.46.48:353][  0]LogAudioMixer: Display: 3: LowFrequency
[2020.05.02-22.46.48:353][  0]LogAudioMixer: Display: 4: BackLeft
[2020.05.02-22.46.48:353][  0]LogAudioMixer: Display: 5: BackRight
[2020.05.02-22.46.48:353][  0]LogAudioMixer: Display: 6: SideLeft
[2020.05.02-22.46.48:353][  0]LogAudioMixer: Display: 7: SideRight
[2020.05.02-22.46.48:377][  0]LogAudioMixer: Display: Using Audio Device Speakers (THX Spatial - Synapse)
[2020.05.02-22.46.48:381][  0]LogInit: FAudioDevice initialized.
[2020.05.02-22.46.48:381][  0]LogNetVersion: Set ProjectVersion to 1.0.0.0. Version Checksum will be recalculated on next use.
[2020.05.02-22.46.48:431][  0]LogDerivedDataCache: Saved boot cache 0.05s 103MB C:/Users/ghost/AppData/Local/UnrealEngine/4.24/DerivedDataCache/Boot.ddc.
[2020.05.02-22.46.48:437][  0]LogInit: Texture streaming: Enabled
[2020.05.02-22.46.48:444][  0]LogEngineSessionManager: EngineSessionManager initialized
[2020.05.02-22.46.48:444][  0]LogEditorSessionSummary: Verbose: Initializing EditorSessionSummaryWriter for editor session tracking
[2020.05.02-22.46.48:446][  0]LogEditorSessionSummary: EditorSessionSummaryWriter initialized
[2020.05.02-22.46.48:459][  0]LogInit: Transaction tracking system initialized
[2020.05.02-22.46.48:466][  0]BlueprintLog: New page: Editor Load
[2020.05.02-22.46.48:487][  0]LocalizationService: Localization service is disabled
[2020.05.02-22.46.48:727][  0]LogFileCache: Scanning file cache for directory 'Q:/ghost/Documents/GitHub/VR_Room/VR_Room/Content/' took 0.00s
[2020.05.02-22.46.48:727][  0]LogCook: Display: Max memory allowance for cook 16384mb min free memory 0mb
[2020.05.02-22.46.48:727][  0]LogCook: Display: Mobile HDR setting 1
[2020.05.02-22.46.49:214][  0]SourceControl: Source control is disabled
[2020.05.02-22.46.49:214][  0]Cmd: MAP LOAD FILE="Q:/ghost/Documents/GitHub/VR_Room/VR_Room/Content/VirtualRealityBP/Maps/StartupMap.umap" TEMPLATE=0 SHOWPROGRESS=1 FEATURELEVEL=3
[2020.05.02-22.46.49:214][  0]LightingResults: New page: Lighting Build
[2020.05.02-22.46.49:215][  0]LogWorld: UWorld::CleanupWorld for Untitled, bSessionEnded=true, bCleanupResources=true
[2020.05.02-22.46.49:215][  0]LogSlate: InvalidateAllWidgets triggered.  All widgets were invalidated
[2020.05.02-22.46.49:215][  0]MapCheck: New page: Map Check
[2020.05.02-22.46.49:215][  0]LightingResults: New page: Lighting Build
[2020.05.02-22.46.49:237][  0]LogUObjectHash: Compacting FUObjectHashTables data took   1.36ms
[2020.05.02-22.46.49:316][  0]LogAIModule: Creating AISystem for world StartupMap
[2020.05.02-22.46.49:321][  0]LogEditorServer: Finished looking for orphan Actors (0.000 secs)
[2020.05.02-22.46.49:343][  0]LogUObjectHash: Compacting FUObjectHashTables data took   1.08ms
[2020.05.02-22.46.49:344][  0]Cmd: MAP CHECKDEP NOCLEARLOG
[2020.05.02-22.46.49:344][  0]MapCheck: Map check complete: 0 Error(s), 0 Warning(s), took 0.077ms to complete.
[2020.05.02-22.46.49:344][  0]LogFileHelpers: Loading map 'StartupMap' took 0.129
[2020.05.02-22.46.49:459][  0]LogSlate: Updating window title bar state: overlay mode, drag disabled, window buttons hidden, title bar hidden
[2020.05.02-22.46.49:464][  0]LogSlate: Updating window title bar state: overlay mode, drag disabled, window buttons hidden, title bar hidden
[2020.05.02-22.46.49:470][  0]LogSlate: Updating window title bar state: overlay mode, drag disabled, window buttons hidden, title bar hidden
[2020.05.02-22.46.49:475][  0]LogSlate: Updating window title bar state: overlay mode, drag disabled, window buttons hidden, title bar hidden
[2020.05.02-22.46.49:479][  0]LogCollectionManager: Loaded 0 collections in 0.001406 seconds
[2020.05.02-22.46.49:491][  0]LogFileCache: Scanning file cache for directory 'Q:/ghost/Documents/GitHub/VR_Room/VR_Room/Saved/Collections/' took 0.00s
[2020.05.02-22.46.49:491][  0]LogFileCache: Scanning file cache for directory 'Q:/ghost/Documents/GitHub/VR_Room/VR_Room/Content/Developers/ghost/Collections/' took 0.00s
[2020.05.02-22.46.49:491][  0]LogFileCache: Scanning file cache for directory 'Q:/ghost/Documents/GitHub/VR_Room/VR_Room/Content/Collections/' took 0.00s
[2020.05.02-22.46.49:491][  0]LogContentBrowser: Native class hierarchy populated in 0.0071 seconds. Added 3015 classes and 717 folders.
[2020.05.02-22.46.49:493][  0]LogContentBrowser: Native class hierarchy updated for 'WidgetCarousel' in 0.0002 seconds. Added 0 classes and 0 folders.
[2020.05.02-22.46.49:535][  0]LogContentBrowser: Native class hierarchy updated for 'AddContentDialog' in 0.0003 seconds. Added 0 classes and 0 folders.
[2020.05.02-22.46.49:538][  0]LogContentBrowser: Native class hierarchy updated for 'SceneOutliner' in 0.0003 seconds. Added 2 classes and 3 folders.
[2020.05.02-22.46.49:566][  0]LogSlate: Took 0.000190 seconds to synchronously load lazily loaded font '../../../Engine/Content/Slate/Fonts/Roboto-Regular.ttf' (155K)
[2020.05.02-22.46.49:568][  0]LogSlate: Took 0.000236 seconds to synchronously load lazily loaded font '../../../Engine/Content/Slate/Fonts/Roboto-Bold.ttf' (160K)
[2020.05.02-22.46.49:572][  0]LogSlate: Took 0.000134 seconds to synchronously load lazily loaded font '../../../Engine/Content/Editor/Slate/Fonts/FontAwesome.ttf' (139K)
[2020.05.02-22.46.49:629][  0]LogRenderer: Reallocating scene render targets to support 1200x600 Format 26 NumSamples 1 (Frame:1).
[2020.05.02-22.46.49:692][  0]LogContentBrowser: Native class hierarchy updated for 'HierarchicalLODOutliner' in 0.0002 seconds. Added 0 classes and 0 folders.
[2020.05.02-22.46.49:692][  0]LogLoad: (Engine Initialization) Total time: 6.51 seconds
[2020.05.02-22.46.49:692][  0]LogLoad: (Engine Initialization) Total Blueprint compile time: 0.00 seconds
[2020.05.02-22.46.49:703][  0]LogOcInput: OculusInput is initialized
[2020.05.02-22.46.49:728][  0]LogAssetRegistry: Asset discovery search completed in 4.0621 seconds
[2020.05.02-22.46.49:731][  0]LogCollectionManager: Fixed up redirectors for 0 collections in 0.000006 seconds (updated 0 objects)
[2020.05.02-22.46.49:732][  0]LogContentStreaming: Texture pool size now 1000 MB
[2020.05.02-22.46.49:744][  0]LogSlate: Took 0.000114 seconds to synchronously load lazily loaded font '../../../Engine/Content/Slate/Fonts/Roboto-Light.ttf' (167K)
[2020.05.02-22.50.16:323][296]LogSlate: Window 'New Level' being destroyed
[2020.05.02-22.50.16:327][296]LightingResults: New page: Lighting Build
[2020.05.02-22.50.16:328][296]LogWorld: UWorld::CleanupWorld for StartupMap, bSessionEnded=true, bCleanupResources=true
[2020.05.02-22.50.16:328][296]LogSlate: InvalidateAllWidgets triggered.  All widgets were invalidated
[2020.05.02-22.50.16:328][296]MapCheck: New page: Map Check
[2020.05.02-22.50.16:328][296]LightingResults: New page: Lighting Build
[2020.05.02-22.50.16:350][296]LogUObjectHash: Compacting FUObjectHashTables data took   1.41ms
[2020.05.02-22.50.16:352][296]LogAIModule: Creating AISystem for world Untitled
[2020.05.02-22.50.16:355][296]LoadErrors: New page: New Map
[2020.05.02-22.50.33:318][762]Cmd: BRUSH ADD SELECTNEWBRUSH
[2020.05.02-22.51.03:068][319]LogEditorViewport: Clicking Background
[2020.05.02-22.51.08:284][940]LogEditorViewport: Clicking Background
[2020.05.02-22.51.26:261][887]Cmd: BRUSH ADD SELECTNEWBRUSH
[2020.05.02-22.52.01:045][ 20]LogEditorViewport: Clicking Background
[2020.05.02-22.52.14:548][631]LogEditorViewport: Clicking Background
[2020.05.02-22.53.00:499][105]LogEditorViewport: Clicking Background
[2020.05.02-22.57.49:520][107]LogEditorViewport: Clicking Background
[2020.05.02-22.58.08:464][374]LogEditorViewport: Clicking Background
[2020.05.02-22.58.20:808][846]LogEditorViewport: Clicking Background
[2020.05.02-22.58.33:049][309]LogEditorViewport: Clicking Background
[2020.05.02-22.58.39:258][ 49]LogEditorViewport: Clicking Background
[2020.05.02-22.58.45:469][789]LogEditorViewport: Clicking Background
[2020.05.02-22.59.08:003][475]LogEditorViewport: Clicking Background
[2020.05.02-23.00.05:571][869]LogSlate: Took 0.000227 seconds to synchronously load lazily loaded font '../../../Engine/Content/Slate/Fonts/Roboto-Light.ttf' (167K)
[2020.05.02-23.00.10:663][895]LogEditorViewport: Clicking Background
[2020.05.02-23.00.15:095][422]LogEditorViewport: Clicking Background
[2020.05.02-23.00.17:591][714]LogUObjectHash: Compacting FUObjectHashTables data took   1.24ms
[2020.05.02-23.00.17:592][714]Cmd: OBJ SAVEPACKAGE PACKAGE="/Temp/Untitled_1" FILE="Q:/ghost/Documents/GitHub/VR_Room/VR_Room/Saved/Autosaves/Temp/Untitled_1_Auto1.umap" SILENT=true AUTOSAVING=true KEEPDIRTY=false
[2020.05.02-23.00.17:602][714]LogSavePackage: Moving 'Q:/ghost/Documents/GitHub/VR_Room/VR_Room/Saved/Untitled_1_Auto15A2FEF114299BAEA7BFCD7847B8B98F5.tmp' to 'Q:/ghost/Documents/GitHub/VR_Room/VR_Room/Saved/Autosaves/Temp/Untitled_1_Auto1.umap'
[2020.05.02-23.00.17:603][714]LogFileHelpers: Editor autosave (incl. sublevels) for '/Temp/Untitled_1' took 0.033
[2020.05.02-23.00.17:603][714]LogFileHelpers: Editor autosave (incl. sublevels) for all levels took 0.033
[2020.05.02-23.00.22:146][253]LogEditorViewport: Clicking Background
[2020.05.02-23.01.22:121][383]LogEditorViewport: Clicking Background
[2020.05.02-23.01.31:291][468]LogEditorViewport: Clicking Background
[2020.05.02-23.01.45:369][141]LogEditorViewport: Clicking Background
[2020.05.02-23.02.13:435][481]LogEditorViewport: Clicking Background
[2020.05.02-23.02.40:276][689]LogEditorViewport: Clicking Background
[2020.05.02-23.02.58:535][875]Cmd: EDIT COPY
[2020.05.02-23.02.59:773][ 23]Cmd: EDIT PASTE
[2020.05.02-23.03.24:148][928]LogEditorViewport: Clicking Background
[2020.05.02-23.03.32:389][915]LogEditorViewport: Clicking Background
[2020.05.02-23.04.16:893][220]LogEditorViewport: Clicking Background
[2020.05.02-23.10.17:501][407]LogUObjectHash: Compacting FUObjectHashTables data took   1.28ms
[2020.05.02-23.10.17:502][407]Cmd: OBJ SAVEPACKAGE PACKAGE="/Temp/Untitled_1" FILE="Q:/ghost/Documents/GitHub/VR_Room/VR_Room/Saved/Autosaves/Temp/Untitled_1_Auto2.umap" SILENT=true AUTOSAVING=true KEEPDIRTY=false
[2020.05.02-23.10.17:514][407]LogSavePackage: Moving 'Q:/ghost/Documents/GitHub/VR_Room/VR_Room/Saved/Untitled_1_Auto22B2A03D64EE923571A756281ABE9F8DA.tmp' to 'Q:/ghost/Documents/GitHub/VR_Room/VR_Room/Saved/Autosaves/Temp/Untitled_1_Auto2.umap'
[2020.05.02-23.10.17:515][407]LogFileHelpers: Editor autosave (incl. sublevels) for '/Temp/Untitled_1' took 0.034
[2020.05.02-23.10.17:515][407]LogFileHelpers: Editor autosave (incl. sublevels) for all levels took 0.034
[2020.05.02-23.21.40:779][376]LogEditorViewport: Clicking Background
[2020.05.02-23.21.47:376][163]Cmd: EDIT COPY
[2020.05.02-23.21.47:838][218]Cmd: EDIT PASTE
[2020.05.02-23.22.40:288][453]Cmd: TRANSACTION UNDO
[2020.05.02-23.22.40:288][453]LogEditorTransaction: Undo Set Location
[2020.05.02-23.22.55:355][208]LogEditorViewport: Clicking Background
[2020.05.02-23.23.09:812][921]Cmd: EDIT COPY
[2020.05.02-23.23.10:413][993]Cmd: EDIT PASTE
[2020.05.02-23.23.27:189][993]Cmd: TRANSACTION UNDO
[2020.05.02-23.23.27:189][993]LogEditorTransaction: Undo Set Rotation
[2020.05.02-23.23.31:336][443]LogEditorViewport: Clicking Background
[2020.05.02-23.23.39:544][421]LogEditorViewport: Clicking Background
[2020.05.02-23.24.39:576][566]LogUObjectHash: Compacting FUObjectHashTables data took   1.32ms
[2020.05.02-23.24.39:578][566]Cmd: OBJ SAVEPACKAGE PACKAGE="/Temp/Untitled_1" FILE="Q:/ghost/Documents/GitHub/VR_Room/VR_Room/Saved/Autosaves/Temp/Untitled_1_Auto3.umap" SILENT=true AUTOSAVING=true KEEPDIRTY=false
[2020.05.02-23.24.39:591][566]LogSavePackage: Moving 'Q:/ghost/Documents/GitHub/VR_Room/VR_Room/Saved/Untitled_1_Auto35481A50544FA4535B50DBEBFA45308BE.tmp' to 'Q:/ghost/Documents/GitHub/VR_Room/VR_Room/Saved/Autosaves/Temp/Untitled_1_Auto3.umap'
[2020.05.02-23.24.39:592][566]LogFileHelpers: Editor autosave (incl. sublevels) for '/Temp/Untitled_1' took 0.035
[2020.05.02-23.24.39:592][566]LogFileHelpers: Editor autosave (incl. sublevels) for all levels took 0.035
[2020.05.02-23.46.26:851][299]LogUObjectHash: Compacting FUObjectHashTables data took   1.34ms
[2020.05.02-23.46.26:853][299]Cmd: OBJ SAVEPACKAGE PACKAGE="/Temp/Untitled_1" FILE="Q:/ghost/Documents/GitHub/VR_Room/VR_Room/Saved/Autosaves/Temp/Untitled_1_Auto4.umap" SILENT=true AUTOSAVING=true KEEPDIRTY=false
[2020.05.02-23.46.26:871][299]LogSavePackage: Moving 'Q:/ghost/Documents/GitHub/VR_Room/VR_Room/Saved/Untitled_1_Auto400E894F046D605A3BB72128FD690BA03.tmp' to 'Q:/ghost/Documents/GitHub/VR_Room/VR_Room/Saved/Autosaves/Temp/Untitled_1_Auto4.umap'
[2020.05.02-23.46.26:873][299]LogFileHelpers: Editor autosave (incl. sublevels) for '/Temp/Untitled_1' took 0.044
[2020.05.02-23.46.26:873][299]LogFileHelpers: Editor autosave (incl. sublevels) for all levels took 0.044
[2020.05.02-23.46.54:877][761]Cmd: EDIT PASTE
[2020.05.02-23.46.54:882][761]LogLinker: Failed to load '/Game/FreeFurniturePack/Meshes/SM_Modern_Office_chair': Can't find file.
[2020.05.02-23.46.54:883][761]LogLinker: Failed to load '/Game/FreeFurniturePack/Meshes/SM_Modern_Office_chair': Can't find file.
[2020.05.02-23.46.54:883][761]LogProperty: Warning: ObjectProperty /Script/Engine.StaticMeshComponent:StaticMesh: unresolved reference to 'StaticMesh'"/Game/FreeFurniturePack/Meshes/SM_Modern_Office_chair.SM_Modern_Office_chair"''
[2020.05.02-23.46.57:540][ 77]Cmd: EDIT PASTE
[2020.05.02-23.46.57:545][ 77]LogProperty: Warning: ObjectProperty /Script/Engine.StaticMeshComponent:StaticMesh: unresolved reference to 'StaticMesh'"/Game/FreeFurniturePack/Meshes/SM_Modern_Office_chair.SM_Modern_Office_chair"''
[2020.05.02-23.46.58:066][137]Cmd: EDIT PASTE
[2020.05.02-23.46.58:071][137]LogProperty: Warning: ObjectProperty /Script/Engine.StaticMeshComponent:StaticMesh: unresolved reference to 'StaticMesh'"/Game/FreeFurniturePack/Meshes/SM_Modern_Office_chair.SM_Modern_Office_chair"''
[2020.05.02-23.47.53:791][101]LogSlate: Took 0.003790 seconds to synchronously load lazily loaded font '../../../Engine/Content/Slate/Fonts/Roboto-Italic.ttf' (157K)
[2020.05.02-23.48.00:853][938]Cmd: DELETE
[2020.05.02-23.48.00:853][938]Cmd: ACTOR DELETE
[2020.05.02-23.48.00:854][938]LogEditorActor: Deleted Actor: StaticMeshActor
[2020.05.02-23.48.00:872][938]LogUObjectHash: Compacting FUObjectHashTables data took   1.09ms
[2020.05.02-23.48.00:874][938]LogEditorActor: Deleted 1 Actors (0.022 secs)
[2020.05.02-23.48.02:068][ 80]Cmd: DELETE
[2020.05.02-23.48.02:068][ 80]Cmd: ACTOR DELETE
[2020.05.02-23.48.02:070][ 80]LogEditorActor: Deleted Actor: StaticMeshActor
[2020.05.02-23.48.02:089][ 80]LogUObjectHash: Compacting FUObjectHashTables data took   0.54ms
[2020.05.02-23.48.02:090][ 80]LogEditorActor: Deleted 1 Actors (0.021 secs)
[2020.05.02-23.48.03:042][193]Cmd: DELETE
[2020.05.02-23.48.03:042][193]Cmd: ACTOR DELETE
[2020.05.02-23.48.03:044][193]LogEditorActor: Deleted Actor: StaticMeshActor
[2020.05.02-23.48.03:063][193]LogUObjectHash: Compacting FUObjectHashTables data took   0.51ms
[2020.05.02-23.48.03:063][193]LogEditorActor: Deleted 1 Actors (0.022 secs)
[2020.05.02-23.49.18:678][134]LogEditorViewport: Clicking on Actor (LMB): Brush (Box Brush2)
[2020.05.02-23.52.45:421][645]Cmd: DELETE
[2020.05.02-23.52.45:421][645]Cmd: ACTOR DELETE
[2020.05.02-23.52.45:423][645]LogEditorActor: Deleted Actor: Character
[2020.05.02-23.52.45:444][645]LogUObjectHash: Compacting FUObjectHashTables data took   1.33ms
[2020.05.02-23.52.45:445][645]LogEditorActor: Deleted 1 Actors (0.024 secs)
[2020.05.02-23.56.27:508][236]LogUObjectHash: Compacting FUObjectHashTables data took   0.66ms
[2020.05.02-23.56.27:509][236]Cmd: OBJ SAVEPACKAGE PACKAGE="/Temp/Untitled_1" FILE="Q:/ghost/Documents/GitHub/VR_Room/VR_Room/Saved/Autosaves/Temp/Untitled_1_Auto5.umap" SILENT=true AUTOSAVING=true KEEPDIRTY=false
[2020.05.02-23.56.27:523][236]LogSavePackage: Moving 'Q:/ghost/Documents/GitHub/VR_Room/VR_Room/Saved/Untitled_1_Auto5A7C1D3E8495CEA21D2E56588FBE10659.tmp' to 'Q:/ghost/Documents/GitHub/VR_Room/VR_Room/Saved/Autosaves/Temp/Untitled_1_Auto5.umap'
[2020.05.02-23.56.27:524][236]LogFileHelpers: Editor autosave (incl. sublevels) for '/Temp/Untitled_1' took 0.035
[2020.05.02-23.56.27:524][236]LogFileHelpers: Editor autosave (incl. sublevels) for all levels took 0.035
[2020.05.03-00.05.30:510][157]LogEditorViewport: Clicking Background
[2020.05.03-00.05.31:572][284]Cmd: TRANSACTION UNDO
[2020.05.03-00.05.31:572][284]LogEditorTransaction: Undo Clicking Background
[2020.05.03-00.05.32:050][298]Cmd: TRANSACTION UNDO
[2020.05.03-00.05.32:050][298]LogEditorTransaction: Undo Select Brush Surface
[2020.05.03-00.05.32:919][399]Cmd: TRANSACTION UNDO
[2020.05.03-00.05.32:919][399]LogEditorTransaction: Undo Delete Actors
[2020.05.03-00.05.33:233][431]Cmd: TRANSACTION UNDO
[2020.05.03-00.05.33:233][431]LogEditorTransaction: Undo Create Actors
[2020.05.03-00.05.33:690][482]Cmd: TRANSACTION UNDO
[2020.05.03-00.05.33:690][482]LogEditorTransaction: Undo Select Brush Surface
[2020.05.03-00.05.34:085][526]Cmd: TRANSACTION UNDO
[2020.05.03-00.05.34:085][526]LogEditorTransaction: Undo Select Brush Surface
[2020.05.03-00.05.34:492][573]Cmd: TRANSACTION UNDO
[2020.05.03-00.05.34:492][573]LogEditorTransaction: Undo Set Material
[2020.05.03-00.05.34:948][625]Cmd: TRANSACTION UNDO
[2020.05.03-00.05.34:948][625]LogEditorTransaction: Undo Select Brush Surface
[2020.05.03-00.05.35:350][671]Cmd: TRANSACTION UNDO
[2020.05.03-00.05.35:350][671]LogEditorTransaction: Undo Set Material
[2020.05.03-00.05.35:764][717]Cmd: TRANSACTION UNDO
[2020.05.03-00.05.35:764][717]LogEditorTransaction: Undo Select Brush Surface
[2020.05.03-00.05.36:156][760]Cmd: TRANSACTION UNDO
[2020.05.03-00.05.36:156][760]LogEditorTransaction: Undo Set Material
[2020.05.03-00.05.36:605][811]Cmd: TRANSACTION UNDO
[2020.05.03-00.05.36:605][811]LogEditorTransaction: Undo Select Brush Surface
[2020.05.03-00.05.37:055][862]Cmd: TRANSACTION UNDO
[2020.05.03-00.05.37:055][862]LogEditorTransaction: Undo Select Brush Surface
[2020.05.03-00.05.37:455][908]Cmd: TRANSACTION UNDO
[2020.05.03-00.05.37:455][908]LogEditorTransaction: Undo Clicking on Actors
[2020.05.03-00.05.37:905][959]Cmd: TRANSACTION UNDO
[2020.05.03-00.05.37:905][959]LogEditorTransaction: Undo Select Brush Surface
[2020.05.03-00.05.38:288][  2]Cmd: TRANSACTION UNDO
[2020.05.03-00.05.38:289][  2]LogEditorTransaction: Undo Select Brush Surface
[2020.05.03-00.05.38:738][ 54]Cmd: TRANSACTION UNDO
[2020.05.03-00.05.38:738][ 54]LogEditorTransaction: Undo Set Material
[2020.05.03-00.05.39:555][149]Cmd: TRANSACTION UNDO
[2020.05.03-00.05.39:556][149]LogEditorTransaction: Undo Select Brush Surface
[2020.05.03-00.05.40:414][249]Cmd: TRANSACTION UNDO
[2020.05.03-00.05.40:414][249]LogEditorTransaction: Undo Set Material
[2020.05.03-00.05.41:139][334]Cmd: TRANSACTION UNDO
[2020.05.03-00.05.41:139][334]LogEditorTransaction: Undo Select Brush Surface
[2020.05.03-00.05.43:631][630]LogEditorViewport: Clicking Background
[2020.05.03-00.05.47:511][ 95]Cmd: TRANSACTION UNDO
[2020.05.03-00.05.47:511][ 95]LogEditorTransaction: Undo Clicking Background
[2020.05.03-00.05.48:783][200]Cmd: TRANSACTION UNDO
[2020.05.03-00.05.48:783][200]LogEditorTransaction: Undo Select Brush Surface
[2020.05.03-00.05.50:023][345]Cmd: TRANSACTION UNDO
[2020.05.03-00.05.50:023][345]LogEditorTransaction: Undo Select Brush Surface
[2020.05.03-00.05.51:015][464]Cmd: TRANSACTION UNDO
[2020.05.03-00.05.51:015][464]LogEditorTransaction: Undo Delete Actors
[2020.05.03-00.05.58:622][368]LogEditorViewport: Clicking Background
[2020.05.03-00.07.33:902][310]LogSlate: Window 'Save Level As' being destroyed
[2020.05.03-00.07.33:947][310]LogUObjectHash: Compacting FUObjectHashTables data took   1.42ms
[2020.05.03-00.07.33:962][310]LogSavePackage: Moving 'Q:/ghost/Documents/GitHub/VR_Room/VR_Room/Saved/Small_2-4987D20EB48CF0AD554D977BEF0E5F91A.tmp' to 'Q:/ghost/Documents/GitHub/VR_Room/VR_Room/Content/VirtualRealityBP/Maps/Small_2-4.umap'
[2020.05.03-00.07.33:991][310]LogFileHelpers: Saving map 'Small_2-4' took 0.083
[2020.05.03-00.07.33:994][310]AssetCheck: New page: Asset Save: Small_2-4
[2020.05.03-00.07.33:995][310]LogContentValidation: Display: Validating World /Game/VirtualRealityBP/Maps/Small_2-4.Small_2-4
[2020.05.03-00.09.52:803][929]LogUObjectHash: Compacting FUObjectHashTables data took   1.34ms
[2020.05.03-00.25.50:125][ 58]LogHttp: Warning: 0000028F322AF240: invalid HTTP response code received. URL: https://datarouter.ol.epicgames.com/datarouter/api/v1/public/data?SessionID=%7BF1A5C685-4ABA-7A7B-6D8B-6392882113D2%7D&AppID=UEEditor.Rocket.Release&AppVersion=4.24.3-11590370%2B%2B%2BUE4%2BRelease-4.24&UserID=569854ce41e0d7a1f089c9939db70389%7C05633d2962434c7aadd2cc685c83fe01%7Cb242af28-536b-47bf-9c27-0a1363da26b4&AppEnvironment=datacollector-binary&UploadType=eteventstream, HTTP code: 0, content length: 0, actual payload size: 0
[2020.05.03-00.25.50:125][ 58]LogHttp: Warning: 0000028F322AF240: request failed, libcurl error: 6 (Couldn't resolve host name)
[2020.05.03-00.25.50:125][ 58]LogHttp: Warning: 0000028F322AF240: libcurl info message cache 0 (Connection 30 seems to be dead!)
[2020.05.03-00.25.50:125][ 58]LogHttp: Warning: 0000028F322AF240: libcurl info message cache 1 (Closing connection 30)
[2020.05.03-00.25.50:125][ 58]LogHttp: Warning: 0000028F322AF240: libcurl info message cache 2 (TLSv1.2 (OUT), TLS alert, Client hello (1):)
[2020.05.03-00.25.50:125][ 58]LogHttp: Warning: 0000028F322AF240: libcurl info message cache 3 (Could not resolve host: datarouter.ol.epicgames.com)
[2020.05.03-00.25.50:125][ 58]LogHttp: Warning: 0000028F322AF240: libcurl info message cache 4 (Closing connection 31)
[2020.05.03-00.25.50:125][ 58]LogHttp: Warning: Retry exhausted on https://datarouter.ol.epicgames.com/datarouter/api/v1/public/data?SessionID=%7BF1A5C685-4ABA-7A7B-6D8B-6392882113D2%7D&AppID=UEEditor.Rocket.Release&AppVersion=4.24.3-11590370%2B%2B%2BUE4%2BRelease-4.24&UserID=569854ce41e0d7a1f089c9939db70389%7C05633d2962434c7aadd2cc685c83fe01%7Cb242af28-536b-47bf-9c27-0a1363da26b4&AppEnvironment=datacollector-binary&UploadType=eteventstream
[2020.05.03-00.56.49:997][988]LogHttp: Warning: 0000028F322AF100: invalid HTTP response code received. URL: https://datarouter.ol.epicgames.com/datarouter/api/v1/public/data?SessionID=%7BF1A5C685-4ABA-7A7B-6D8B-6392882113D2%7D&AppID=UEEditor.Rocket.Release&AppVersion=4.24.3-11590370%2B%2B%2BUE4%2BRelease-4.24&UserID=569854ce41e0d7a1f089c9939db70389%7C05633d2962434c7aadd2cc685c83fe01%7Cb242af28-536b-47bf-9c27-0a1363da26b4&AppEnvironment=datacollector-binary&UploadType=eteventstream, HTTP code: 0, content length: 0, actual payload size: 0
[2020.05.03-00.56.49:997][988]LogHttp: Warning: 0000028F322AF100: request failed, libcurl error: 6 (Couldn't resolve host name)
[2020.05.03-00.56.49:997][988]LogHttp: Warning: 0000028F322AF100: libcurl info message cache 0 (Connection 43 seems to be dead!)
[2020.05.03-00.56.49:997][988]LogHttp: Warning: 0000028F322AF100: libcurl info message cache 1 (Closing connection 43)
[2020.05.03-00.56.49:997][988]LogHttp: Warning: 0000028F322AF100: libcurl info message cache 2 (TLSv1.2 (OUT), TLS alert, Client hello (1):)
[2020.05.03-00.56.49:997][988]LogHttp: Warning: 0000028F322AF100: libcurl info message cache 3 (Could not resolve host: datarouter.ol.epicgames.com)
[2020.05.03-00.56.49:997][988]LogHttp: Warning: 0000028F322AF100: libcurl info message cache 4 (Closing connection 44)
[2020.05.03-00.56.49:997][988]LogHttp: Warning: Retry exhausted on https://datarouter.ol.epicgames.com/datarouter/api/v1/public/data?SessionID=%7BF1A5C685-4ABA-7A7B-6D8B-6392882113D2%7D&AppID=UEEditor.Rocket.Release&AppVersion=4.24.3-11590370%2B%2B%2BUE4%2BRelease-4.24&UserID=569854ce41e0d7a1f089c9939db70389%7C05633d2962434c7aadd2cc685c83fe01%7Cb242af28-536b-47bf-9c27-0a1363da26b4&AppEnvironment=datacollector-binary&UploadType=eteventstream
[2020.05.03-01.06.53:593][710]Cmd: DELETE
[2020.05.03-01.06.53:593][710]Cmd: ACTOR DELETE
[2020.05.03-01.06.53:595][710]LogEditorActor: Deleted Actor: StaticMeshActor
[2020.05.03-01.06.53:617][710]LogUObjectHash: Compacting FUObjectHashTables data took   2.30ms
[2020.05.03-01.06.53:619][710]LogEditorActor: Deleted 1 Actors (0.025 secs)
[2020.05.03-01.08.22:853][901]LogUObjectHash: Compacting FUObjectHashTables data took   0.56ms
[2020.05.03-01.08.22:875][901]LogSavePackage: Moving 'Q:/ghost/Documents/GitHub/VR_Room/VR_Room/Saved/Small_2-4_Auto60F095E3546F7A2352008009B9F076286.tmp' to 'Q:/ghost/Documents/GitHub/VR_Room/VR_Room/Saved/Autosaves/Game/VirtualRealityBP/Maps/Small_2-4_Auto6.umap'
[2020.05.03-01.08.22:880][901]LogFileHelpers: Editor autosave (incl. sublevels) for '/Game/VirtualRealityBP/Maps/Small_2-4' took 0.047
[2020.05.03-01.08.22:880][901]LogFileHelpers: Editor autosave (incl. sublevels) for all levels took 0.047
[2020.05.03-01.17.56:426][ 55]LogActorFactory: Actor Factory created TemplateFloor
[2020.05.03-01.18.03:108][851]LogActorFactory: Actor Factory created TemplateFloor
[2020.05.03-01.18.37:819][996]LogEditorViewport: Clicking on Actor (LMB): StaticMeshActor (TemplateFloor)
[2020.05.03-01.18.52:405][694]LogEditorViewport: Clicking on Actor (LMB): StaticMeshActor (TemplateFloor)
[2020.05.03-01.20.08:168][895]LogUObjectHash: Compacting FUObjectHashTables data took   1.27ms
[2020.05.03-01.20.08:207][895]LogSavePackage: Moving 'Q:/ghost/Documents/GitHub/VR_Room/VR_Room/Saved/Small_2-4_Auto7C8410BFC467921FCCE57DCA533069AB7.tmp' to 'Q:/ghost/Documents/GitHub/VR_Room/VR_Room/Saved/Autosaves/Game/VirtualRealityBP/Maps/Small_2-4_Auto7.umap'
[2020.05.03-01.20.08:208][895]LogFileHelpers: Editor autosave (incl. sublevels) for '/Game/VirtualRealityBP/Maps/Small_2-4' took 0.060
[2020.05.03-01.20.08:208][895]LogFileHelpers: Editor autosave (incl. sublevels) for all levels took 0.060
[2020.05.03-01.22.40:220][212]LogDirectoryWatcher: A directory notification failed for 'Q:/ghost/Documents/GitHub/VR_Room/VR_Room/Content/Collections/' because it could not be accessed. Aborting watch request...
[2020.05.03-01.22.40:220][212]LogDirectoryWatcher: A directory notification failed for 'Q:/ghost/Documents/GitHub/VR_Room/VR_Room/Content/Developers/ghost/Collections/' because it could not be accessed. Aborting watch request...
[2020.05.03-01.22.40:248][214]LogDirectoryWatcher: A directory notification failed for 'Q:/ghost/Documents/GitHub/VR_Room/VR_Room/Saved/Collections/' because it could not be accessed. Aborting watch request...
[2020.05.03-01.22.53:048][677]LogActorFactory: Actor Factory created SM_Modern_Office_chair
[2020.05.03-01.22.55:760][986]LogActorFactory: Actor Factory created SM_Modern_Office_chair
[2020.05.03-01.23.07:794][394]LogEditorViewport: Clicking on Actor (LMB): StaticMeshActor (TemplateFloor)
[2020.05.03-01.23.08:751][504]Cmd: DELETE
[2020.05.03-01.23.08:751][504]Cmd: ACTOR DELETE
[2020.05.03-01.23.08:752][504]LogEditorActor: Deleted Actor: StaticMeshActor
[2020.05.03-01.23.08:771][504]LogUObjectHash: Compacting FUObjectHashTables data took   1.12ms
[2020.05.03-01.23.08:774][504]LogEditorActor: Deleted 1 Actors (0.023 secs)
[2020.05.03-01.23.49:979][350]LogTexture: Display: Building textures: T_Coffee_Table_M (AutoDXT, 1024X1024)
[2020.05.03-01.23.49:979][350]LogStaticMesh: Building static mesh SM_Coffee_Table...
[2020.05.03-01.23.50:030][350]LogStaticMesh: Built static mesh [0.05s] /Game/FreeFurniturePack/Meshes/SM_Coffee_Table.SM_Coffee_Table
[2020.05.03-01.23.50:046][350]LogMaterial: Display: Missing cached shader map for material M_Coffee_Table, compiling. 
[2020.05.03-01.23.50:140][350]LogShaderCompilers: Display: Worker (1/5): shaders left to compile 24
[2020.05.03-01.23.50:140][350]LogShaderCompilers: Display: Worker (2/5): shaders left to compile 17
[2020.05.03-01.23.50:140][350]LogShaderCompilers: Display: Worker (3/5): shaders left to compile 10
[2020.05.03-01.23.50:140][350]LogShaderCompilers: Display: Worker (4/5): shaders left to compile 3
[2020.05.03-01.23.50:264][359]LogActorFactory: Actor Factory created SM_Coffee_Table
[2020.05.03-01.23.51:214][425]LogActorFactory: Actor Factory created SM_Coffee_Table
[2020.05.03-01.24.30:174][589]LogTexture: Display: Building textures: T_Round_table_m_r_ao (AutoDXT, 2048X2048)
[2020.05.03-01.24.30:174][589]LogTexture: Display: Building textures: T_Round_table_a (AutoDXT, 2048X2048)
[2020.05.03-01.24.30:174][589]LogTexture: Display: Building textures: T_Round_table_n (BC5, 2048X2048)
[2020.05.03-01.24.30:174][589]LogStaticMesh: Building static mesh SM_Classic_Round_Table...
[2020.05.03-01.24.30:216][589]LogStaticMesh: Built static mesh [0.04s] /Game/FreeFurniturePack/Meshes/SM_Classic_Round_Table.SM_Classic_Round_Table
[2020.05.03-01.24.30:444][589]LogMaterial: Display: Missing cached shader map for material M_Round_table, compiling. 
[2020.05.03-01.24.30:469][589]LogShaderCompilers: Display: Worker (1/5): shaders left to compile 24
[2020.05.03-01.24.30:469][589]LogShaderCompilers: Display: Worker (2/5): shaders left to compile 17
[2020.05.03-01.24.30:469][589]LogShaderCompilers: Display: Worker (3/5): shaders left to compile 10
[2020.05.03-01.24.30:469][589]LogShaderCompilers: Display: Worker (4/5): shaders left to compile 3
[2020.05.03-01.24.30:472][589]LogActorFactory: Actor Factory created SM_Classic_Round_Table
[2020.05.03-01.24.31:206][660]LogActorFactory: Actor Factory created SM_Classic_Round_Table
[2020.05.03-01.24.32:284][756]LogEditorViewport: Clicking on Actor (LMB): StaticMeshActor (SM_Coffee_Table)
[2020.05.03-01.24.35:151][ 61]LogEditorViewport: Clicking on Actor (LMB): StaticMeshActor (SM_Classic_Round_Table)
[2020.05.03-01.24.41:248][773]LogEditorViewport: Clicking on Actor (LMB): StaticMeshActor (SM_Coffee_Table)
[2020.05.03-01.24.43:919][ 90]Cmd: DELETE
[2020.05.03-01.24.43:919][ 90]Cmd: ACTOR DELETE
[2020.05.03-01.24.43:920][ 90]LogEditorActor: Deleted Actor: StaticMeshActor
[2020.05.03-01.24.43:940][ 90]LogUObjectHash: Compacting FUObjectHashTables data took   1.06ms
[2020.05.03-01.24.43:945][ 90]LogEditorActor: Deleted 1 Actors (0.025 secs)
[2020.05.03-01.24.48:799][415]LogTexture: Display: Building textures: T_Classic_table_a (AutoDXT, 2048X2048)
[2020.05.03-01.24.48:799][415]LogTexture: Display: Building textures: T_Classic_table_n (BC5, 2048X2048)
[2020.05.03-01.24.48:799][415]LogTexture: Display: Building textures: T_Classic_table_m_r_ao (AutoDXT, 2048X2048)
[2020.05.03-01.24.48:799][415]LogMaterial: Display: Missing cached shader map for material M_Classic_table, compiling. 
[2020.05.03-01.24.48:841][415]LogShaderCompilers: Display: Worker (1/5): shaders left to compile 24
[2020.05.03-01.24.48:841][415]LogShaderCompilers: Display: Worker (2/5): shaders left to compile 17
[2020.05.03-01.24.48:842][415]LogShaderCompilers: Display: Worker (3/5): shaders left to compile 10
[2020.05.03-01.24.48:842][415]LogShaderCompilers: Display: Worker (4/5): shaders left to compile 3
[2020.05.03-01.24.48:842][415]LogStaticMesh: Building static mesh SM_Classic_table...
[2020.05.03-01.24.48:903][415]LogStaticMesh: Built static mesh [0.06s] /Game/FreeFurniturePack/Meshes/SM_Classic_table.SM_Classic_table
[2020.05.03-01.24.51:117][671]LogActorFactory: Actor Factory created SM_Classic_table
[2020.05.03-01.24.53:310][896]LogActorFactory: Actor Factory created SM_Classic_table
[2020.05.03-01.25.12:887][175]LogTexture: Display: Building textures: T_Old_Table_a (AutoDXT, 4096X4096)
[2020.05.03-01.25.12:887][175]LogTexture: Display: Building textures: T_Old_table_m_r_ao (AutoDXT, 4096X4096)
[2020.05.03-01.25.12:887][175]LogTexture: Display: Building textures: T_Old_Table_n (BC5, 4096X4096)
[2020.05.03-01.25.12:887][175]LogMaterial: Display: Missing cached shader map for material M_Old_Table, compiling. 
[2020.05.03-01.25.12:926][175]LogShaderCompilers: Display: Worker (1/5): shaders left to compile 24
[2020.05.03-01.25.12:926][175]LogShaderCompilers: Display: Worker (2/5): shaders left to compile 17
[2020.05.03-01.25.12:926][175]LogShaderCompilers: Display: Worker (3/5): shaders left to compile 10
[2020.05.03-01.25.12:926][175]LogShaderCompilers: Display: Worker (4/5): shaders left to compile 3
[2020.05.03-01.25.12:926][175]LogStaticMesh: Building static mesh SM_Old_Table...
[2020.05.03-01.25.12:975][175]LogStaticMesh: Built static mesh [0.05s] /Game/FreeFurniturePack/Meshes/SM_Old_Table.SM_Old_Table
[2020.05.03-01.25.13:007][175]LogActorFactory: Actor Factory created SM_Old_Table
[2020.05.03-01.25.13:486][201]LogActorFactory: Actor Factory created SM_Old_Table
[2020.05.03-01.25.15:701][358]LogActorFactory: Actor Factory created SM_Old_Table
[2020.05.03-01.25.16:751][455]LogActorFactory: Actor Factory created SM_Old_Table
[2020.05.03-01.25.46:752][973]LogEditorViewport: Clicking on Actor (LMB): StaticMeshActor (SM_Old_Table)
[2020.05.03-01.25.46:960][997]Cmd: DELETE
[2020.05.03-01.25.46:960][997]Cmd: ACTOR DELETE
[2020.05.03-01.25.46:960][997]LogEditorActor: Deleted Actor: StaticMeshActor
[2020.05.03-01.25.46:980][997]LogUObjectHash: Compacting FUObjectHashTables data took   1.25ms
[2020.05.03-01.25.46:986][997]LogEditorActor: Deleted 1 Actors (0.026 secs)
[2020.05.03-01.25.49:356][281]LogEditorViewport: Clicking on Actor (LMB): StaticMeshActor (SM_Classic_Round_Table)
[2020.05.03-01.25.50:162][372]Cmd: DELETE
[2020.05.03-01.25.50:162][372]Cmd: ACTOR DELETE
[2020.05.03-01.25.50:163][372]LogEditorActor: Deleted Actor: StaticMeshActor
[2020.05.03-01.25.50:181][372]LogUObjectHash: Compacting FUObjectHashTables data took   0.54ms
[2020.05.03-01.25.50:182][372]LogEditorActor: Deleted 1 Actors (0.020 secs)
[2020.05.03-01.25.53:358][753]LogEditorViewport: Clicking on Actor (LMB): StaticMeshActor (SM_Classic_table)
[2020.05.03-01.26.39:927][176]LogEditorViewport: Clicking on Actor (LMB): StaticMeshActor (SM_Classic_table)
[2020.05.03-01.27.12:948][ 65]LogEditorViewport: Clicking on Actor (LMB): StaticMeshActor (SM_Modern_Office_chair)
[2020.05.03-01.27.26:172][579]LogEditorViewport: Clicking on Actor (LMB): StaticMeshActor (SM_Classic_table)
[2020.05.03-01.28.06:242][325]LogEditorViewport: Clicking on Actor (LMB): StaticMeshActor (SM_Modern_Office_chair)
[2020.05.03-01.28.14:227][280]LogEditorViewport: Clicking on Actor (LMB): StaticMeshActor (SM_Classic_table)
[2020.05.03-01.28.17:153][627]LogEditorViewport: Clicking on Actor (LMB): StaticMeshActor (SM_Modern_Office_chair)
[2020.05.03-01.28.25:387][591]LogEditorViewport: Clicking on Actor (LMB): StaticMeshActor (SM_Modern_Office_chair)
[2020.05.03-01.28.26:338][702]Cmd: EDIT COPY
[2020.05.03-01.28.26:698][745]Cmd: EDIT PASTE
[2020.05.03-01.29.04:423][239]LogEditorViewport: Clicking on Actor (LMB): StaticMeshActor (SM_Classic_table)
[2020.05.03-01.29.07:721][620]LogEditorViewport: Clicking on Actor (LMB): StaticMeshActor (SM_Modern_Office_chair)
[2020.05.03-01.29.10:206][914]LogEditorViewport: Clicking on Actor (LMB): StaticMeshActor (SM_Modern_Office_chair2)
[2020.05.03-01.29.13:797][341]LogEditorViewport: Clicking on Actor (LMB): StaticMeshActor (SM_Modern_Office_chair)
[2020.05.03-01.29.16:735][690]LogEditorViewport: Clicking on Actor (LMB): StaticMeshActor (SM_Modern_Office_chair2)
[2020.05.03-01.29.21:533][259]LogEditorViewport: Clicking on Actor (LMB): StaticMeshActor (SM_Modern_Office_chair2)
[2020.05.03-01.29.22:670][392]Cmd: EDIT COPY
[2020.05.03-01.29.23:932][543]Cmd: EDIT PASTE
[2020.05.03-01.29.27:677][989]LogEditorViewport: Clicking on Actor (LMB): StaticMeshActor (SM_Modern_Office_chair)
[2020.05.03-01.29.28:694][107]Cmd: EDIT COPY
[2020.05.03-01.29.29:214][169]Cmd: EDIT PASTE
[2020.05.03-01.29.35:795][951]LogEditorViewport: Clicking on Actor (LMB): StaticMeshActor (SM_Modern_Office_chair3)
[2020.05.03-01.29.48:413][448]LogEditorViewport: Clicking on Actor (LMB): StaticMeshActor (SM_Modern_Office_chair4)
[2020.05.03-01.30.22:858][547]LogEditorViewport: Clicking on Actor (LMB): StaticMeshActor (SM_Classic_table)
[2020.05.03-01.30.39:693][510]LogActorFactory: Actor Factory created Cube
[2020.05.03-01.30.41:297][682]LogActorFactory: Actor Factory created Cube
[2020.05.03-01.31.05:305][489]LogEditorViewport: Clicking on Actor (LMB): StaticMeshActor (SM_Modern_Office_chair3)
[2020.05.03-01.31.12:137][302]LogEditorViewport: Clicking on Actor (LMB): StaticMeshActor (Cube)
[2020.05.03-01.31.28:606][228]LogEditorViewport: Clicking on Actor (LMB): StaticMeshActor (Cube)
[2020.05.03-01.32.03:344][ 98]LogTexture: Display: Building textures: T_Classic_Picture_n (BC5, 2048X2048)
[2020.05.03-01.32.03:344][ 98]LogTexture: Display: Building textures: T_Classic_Picture_M_R_AO (AutoDXT, 2048X2048)
[2020.05.03-01.32.03:344][ 98]LogTexture: Display: Building textures: T_Classic_Picture_A (AutoDXT, 2048X2048)
[2020.05.03-01.32.03:344][ 98]LogMaterial: Display: Missing cached shader map for material M_Classic_Picture, compiling. 
[2020.05.03-01.32.03:371][ 98]LogShaderCompilers: Display: Worker (1/5): shaders left to compile 24
[2020.05.03-01.32.03:371][ 98]LogShaderCompilers: Display: Worker (2/5): shaders left to compile 17
[2020.05.03-01.32.03:371][ 98]LogShaderCompilers: Display: Worker (3/5): shaders left to compile 10
[2020.05.03-01.32.03:371][ 98]LogShaderCompilers: Display: Worker (4/5): shaders left to compile 3
[2020.05.03-01.32.03:371][ 98]LogStaticMesh: Building static mesh SM_Classic_Picture...
[2020.05.03-01.32.03:387][ 98]LogStaticMesh: Built static mesh [0.02s] /Game/FreeFurniturePack/Meshes/SM_Classic_Picture.SM_Classic_Picture
[2020.05.03-01.32.03:416][ 98]LogActorFactory: Actor Factory created SM_Classic_Picture
[2020.05.03-01.32.09:438][558]LogActorFactory: Actor Factory created SM_Classic_Picture
[2020.05.03-01.33.25:056][679]LogEditorViewport: Clicking on Actor (LMB): StaticMeshActor (SM_Classic_Picture)
[2020.05.03-01.33.26:506][852]Cmd: DELETE
[2020.05.03-01.33.26:506][852]Cmd: ACTOR DELETE
[2020.05.03-01.33.26:507][852]LogEditorActor: Deleted Actor: StaticMeshActor
[2020.05.03-01.33.26:529][852]LogUObjectHash: Compacting FUObjectHashTables data took   1.45ms
[2020.05.03-01.33.26:533][852]LogEditorActor: Deleted 1 Actors (0.026 secs)
[2020.05.03-01.33.27:985][ 17]LogUObjectHash: Compacting FUObjectHashTables data took   0.51ms
[2020.05.03-01.33.28:002][ 17]LogSavePackage: Moving 'Q:/ghost/Documents/GitHub/VR_Room/VR_Room/Saved/Small_2-4_Auto88F0E4D214C6456BD43229D8377912081.tmp' to 'Q:/ghost/Documents/GitHub/VR_Room/VR_Room/Saved/Autosaves/Game/VirtualRealityBP/Maps/Small_2-4_Auto8.umap'
[2020.05.03-01.33.28:004][ 17]LogFileHelpers: Editor autosave (incl. sublevels) for '/Game/VirtualRealityBP/Maps/Small_2-4' took 0.039
[2020.05.03-01.33.28:004][ 17]LogFileHelpers: Editor autosave (incl. sublevels) for all levels took 0.039
[2020.05.03-01.33.34:845][198]LogUObjectHash: Compacting FUObjectHashTables data took   1.42ms
[2020.05.03-01.33.34:890][198]LogUObjectHash: Compacting FUObjectHashTables data took   0.61ms
[2020.05.03-01.33.34:901][198]LogSavePackage: Moving 'Q:/ghost/Documents/GitHub/VR_Room/VR_Room/Saved/Small_2-45198404D4053BE7F7331528EA8893742.tmp' to 'Q:/ghost/Documents/GitHub/VR_Room/VR_Room/Content/VirtualRealityBP/Maps/Small_2-4.umap'
[2020.05.03-01.33.34:917][198]LogFileHelpers: Saving map 'Small_2-4' took 0.049
[2020.05.03-01.33.34:929][198]AssetCheck: New page: Asset Save: Small_2-4
[2020.05.03-01.33.34:929][198]LogContentValidation: Display: Validating World /Game/VirtualRealityBP/Maps/Small_2-4.Small_2-4
[2020.05.03-01.34.06:098][896]LogEditorViewport: Clicking on Actor (LMB): StaticMeshActor (Cube)
[2020.05.03-01.34.21:814][735]LogUObjectHash: Compacting FUObjectHashTables data took   1.39ms
[2020.05.03-01.34.21:854][735]LogUObjectHash: Compacting FUObjectHashTables data took   0.54ms
[2020.05.03-01.34.21:866][735]LogSavePackage: Moving 'Q:/ghost/Documents/GitHub/VR_Room/VR_Room/Saved/Small_2-410A9914342E22B9C5249AAB582251CE0.tmp' to 'Q:/ghost/Documents/GitHub/VR_Room/VR_Room/Content/VirtualRealityBP/Maps/Small_2-4.umap'
[2020.05.03-01.34.21:880][735]LogFileHelpers: Saving map 'Small_2-4' took 0.044
[2020.05.03-01.34.21:889][735]AssetCheck: New page: Asset Save: Small_2-4
[2020.05.03-01.34.21:889][735]LogContentValidation: Display: Validating World /Game/VirtualRealityBP/Maps/Small_2-4.Small_2-4
