Log file open, 06/24/20 19:28:51
LogWindows: Failed to load 'aqProf.dll' (GetLastError=126)
LogWindows: File 'aqProf.dll' does not exist
LogWindows: Failed to load 'VtuneApi.dll' (GetLastError=126)
LogWindows: File 'VtuneApi.dll' does not exist
LogWindows: Failed to load 'VtuneApi32e.dll' (GetLastError=126)
LogWindows: File 'VtuneApi32e.dll' does not exist
LogConsoleResponse: Display: Failed to find resolution value strings in scalability ini. Falling back to default.
LogInit: Display: Running engine for game: VR_Room
LogPlatformFile: Not using cached read wrapper
LogTaskGraph: Started task graph with 5 named threads and 23 total threads with 3 sets of task threads.
LogStats: Stats thread started at 0.065573
LogD3D11RHI: Loaded GFSDK_Aftermath_Lib.x64.dll
LogICUInternationalization: ICU TimeZone Detection - Raw Offset: -4:00, Platform Override: ''
LogPluginManager: Mounting plugin Paper2D
LogPluginManager: Mounting plugin AISupport
LogPluginManager: Mounting plugin LightPropagationVolume
LogPluginManager: Mounting plugin ActorLayerUtilities
LogPluginManager: Mounting plugin AnimationSharing
LogPluginManager: Mounting plugin CLionSourceCodeAccess
LogPluginManager: Mounting plugin CodeLiteSourceCodeAccess
LogPluginManager: Mounting plugin GitSourceControl
LogPluginManager: Mounting plugin KDevelopSourceCodeAccess
LogPluginManager: Mounting plugin NullSourceCodeAccess
LogPluginManager: Mounting plugin PerforceSourceControl
LogPluginManager: Mounting plugin PlasticSourceControl
LogPluginManager: Mounting plugin SubversionSourceControl
LogPluginManager: Mounting plugin UObjectPlugin
LogPluginManager: Mounting plugin VisualStudioCodeSourceCodeAccess
LogPluginManager: Mounting plugin VisualStudioSourceCodeAccess
LogPluginManager: Mounting plugin XCodeSourceCodeAccess
LogPluginManager: Mounting plugin AssetManagerEditor
LogPluginManager: Mounting plugin CryptoKeys
LogPluginManager: Mounting plugin CurveEditorTools
LogPluginManager: Mounting plugin DataValidation
LogPluginManager: Mounting plugin FacialAnimation
LogPluginManager: Mounting plugin GameplayTagsEditor
LogPluginManager: Mounting plugin MacGraphicsSwitching
LogPluginManager: Mounting plugin MaterialAnalyzer
LogPluginManager: Mounting plugin MobileLauncherProfileWizard
LogPluginManager: Mounting plugin PluginBrowser
LogPluginManager: Mounting plugin SpeedTreeImporter
LogPluginManager: Mounting plugin DatasmithContent
LogPluginManager: Mounting plugin VariantManagerContent
LogPluginManager: Mounting plugin AlembicImporter
LogPluginManager: Mounting plugin AutomationUtils
LogPluginManager: Mounting plugin BackChannel
LogPluginManager: Mounting plugin CharacterAI
LogPluginManager: Mounting plugin GeometryCache
LogPluginManager: Mounting plugin PlatformCrypto
LogPluginManager: Mounting plugin ProxyLODPlugin
LogPluginManager: Mounting plugin SkeletalReduction
LogPluginManager: Mounting plugin MagicLeap
LogPluginManager: Mounting plugin MagicLeapMedia
LogPluginManager: Mounting plugin MLSDK
LogPluginManager: Mounting plugin AndroidMedia
LogPluginManager: Mounting plugin AvfMedia
LogPluginManager: Mounting plugin ImgMedia
LogPluginManager: Mounting plugin MediaCompositing
LogPluginManager: Mounting plugin MediaPlayerEditor
LogPluginManager: Mounting plugin WebMMedia
LogPluginManager: Mounting plugin WmfMedia
LogPluginManager: Mounting plugin TcpMessaging
LogPluginManager: Mounting plugin UdpMessaging
LogPluginManager: Mounting plugin ActorSequence
LogPluginManager: Mounting plugin LevelSequenceEditor
LogPluginManager: Mounting plugin MatineeToLevelSequence
LogPluginManager: Mounting plugin NetcodeUnitTest
LogPluginManager: Mounting plugin NUTUnrealEngine4
LogPluginManager: Mounting plugin OnlineSubsystemGooglePlay
LogPluginManager: Mounting plugin OnlineSubsystemIOS
LogPluginManager: Mounting plugin OnlineSubsystem
LogPluginManager: Mounting plugin OnlineSubsystemNull
LogPluginManager: Mounting plugin OnlineSubsystemSteam
LogPluginManager: Mounting plugin OnlineSubsystemUtils
LogPluginManager: Mounting plugin LauncherChunkInstaller
LogPluginManager: Mounting plugin AndroidDeviceProfileSelector
LogPluginManager: Mounting plugin AndroidMoviePlayer
LogPluginManager: Mounting plugin AndroidPermission
LogPluginManager: Mounting plugin AppleImageUtils
LogPluginManager: Mounting plugin AppleMoviePlayer
LogPluginManager: Mounting plugin ArchVisCharacter
LogPluginManager: Mounting plugin AssetTags
LogPluginManager: Mounting plugin AudioCapture
LogPluginManager: Mounting plugin CableComponent
LogPluginManager: Mounting plugin CustomMeshComponent
LogPluginManager: Mounting plugin EditableMesh
LogPluginManager: Mounting plugin ExampleDeviceProfileSelector
LogPluginManager: Mounting plugin GoogleCloudMessaging
LogPluginManager: Mounting plugin IOSDeviceProfileSelector
LogPluginManager: Mounting plugin LinuxDeviceProfileSelector
LogPluginManager: Mounting plugin LocationServicesBPLibrary
LogPluginManager: Mounting plugin MobilePatchingUtils
LogPluginManager: Mounting plugin OculusVR
LogPluginManager: Mounting plugin PhysXVehicles
LogPluginManager: Mounting plugin PostSplashScreen
LogPluginManager: Mounting plugin ProceduralMeshComponent
LogPluginManager: Mounting plugin RuntimePhysXCooking
LogPluginManager: Mounting plugin SignificanceManager
LogPluginManager: Mounting plugin SteamShared
LogPluginManager: Mounting plugin SteamVR
LogPluginManager: Mounting plugin WebMMoviePlayer
LogPluginManager: Mounting plugin WindowsMoviePlayer
LogPluginManager: Mounting plugin ScreenshotTools
LogPluginManager: Mounting plugin AdvancedSessions
LogPluginManager: Mounting plugin AdvancedSteamSessions
LogInit: Using libcurl 7.55.1-DEV
LogInit:  - built for x86_64-pc-win32
LogInit:  - supports SSL with OpenSSL/1.1.1
LogInit:  - supports HTTP deflate (compression) using libz 1.2.8
LogInit:  - other features:
LogInit:      CURL_VERSION_SSL
LogInit:      CURL_VERSION_LIBZ
LogInit:      CURL_VERSION_IPV6
LogInit:      CURL_VERSION_ASYNCHDNS
LogInit:      CURL_VERSION_LARGEFILE
LogInit:      CURL_VERSION_IDN
LogInit:  CurlRequestOptions (configurable via config and command line):
LogInit:  - bVerifyPeer = true  - Libcurl will verify peer certificate
LogInit:  - bUseHttpProxy = false  - Libcurl will NOT use HTTP proxy
LogInit:  - bDontReuseConnections = false  - Libcurl will reuse connections
LogInit:  - MaxHostConnections = 16  - Libcurl will limit the number of connections to a host
LogInit:  - LocalHostAddr = Default
LogInit:  - BufferSize = 65536
LogSteamShared: Display: Loading Steam SDK 1.46
LogSteamShared: Steam SDK Loaded!
LogOnline: OSS: Creating online subsystem instance for: Steam
LogOnline: Display: STEAM: OnlineSubsystemSteam::Shutdown()
LogOnline: OSS: Unable to create OnlineSubsystem module Steam
LogOnline: OSS: Creating online subsystem instance for: NULL
LogInit: WinSock: version 1.1 (2.2), MaxSocks=32767, MaxUdp=65467
LogOnline: OSS: TryLoadSubsystemAndSetDefault: Loaded subsystem for module [NULL]
LogInit: Build: ++UE4+Release-4.24-CL-11590370
LogInit: Engine Version: 4.24.3-11590370+++UE4+Release-4.24
LogInit: Compatible Engine Version: 4.24.0-10570792+++UE4+Release-4.24
LogInit: Net CL: 10570792
LogInit: OS: Windows 10 (Release 2004) (), CPU: Intel(R) Core(TM) i7-7700K CPU @ 4.20GHz, GPU: NVIDIA GeForce GTX 1060 6GB
LogInit: Compiled (64-bit): Feb 24 2020 15:39:18
LogInit: Compiled with Visual C++: 19.16.27032.01
LogInit: Build Configuration: Development
LogInit: Branch Name: ++UE4+Release-4.24
LogInit: Command Line: 
LogInit: Base Directory: C:/Program Files/Epic Games/UE_4.24/Engine/Binaries/Win64/
LogInit: Installed Engine Build: 1
LogDevObjectVersion: Number of dev versions registered: 25
LogDevObjectVersion:   Dev-Blueprints (B0D832E4-1F89-4F0D-ACCF-7EB736FD4AA2): 10
LogDevObjectVersion:   Dev-Build (E1C64328-A22C-4D53-A36C-8E866417BD8C): 0
LogDevObjectVersion:   Dev-Core (375EC13C-06E4-48FB-B500-84F0262A717E): 3
LogDevObjectVersion:   Dev-Editor (E4B068ED-F494-42E9-A231-DA0B2E46BB41): 37
LogDevObjectVersion:   Dev-Framework (CFFC743F-43B0-4480-9391-14DF171D2073): 36
LogDevObjectVersion:   Dev-Mobile (B02B49B5-BB20-44E9-A304-32B752E40360): 2
LogDevObjectVersion:   Dev-Networking (A4E4105C-59A1-49B5-A7C5-40C4547EDFEE): 0
LogDevObjectVersion:   Dev-Online (39C831C9-5AE6-47DC-9A44-9C173E1C8E7C): 0
LogDevObjectVersion:   Dev-Physics (78F01B33-EBEA-4F98-B9B4-84EACCB95AA2): 2
LogDevObjectVersion:   Dev-Platform (6631380F-2D4D-43E0-8009-CF276956A95A): 0
LogDevObjectVersion:   Dev-Rendering (12F88B9F-8875-4AFC-A67C-D90C383ABD29): 36
LogDevObjectVersion:   Dev-Sequencer (7B5AE74C-D270-4C10-A958-57980B212A5A): 11
LogDevObjectVersion:   Dev-VR (D7296918-1DD6-4BDD-9DE2-64A83CC13884): 2
LogDevObjectVersion:   Dev-LoadTimes (C2A15278-BFE7-4AFE-6C17-90FF531DF755): 1
LogDevObjectVersion:   Private-Geometry (6EACA3D4-40EC-4CC1-B786-8BED09428FC5): 3
LogDevObjectVersion:   Dev-AnimPhys (29E575DD-E0A3-4627-9D10-D276232CDCEA): 17
LogDevObjectVersion:   Dev-Anim (AF43A65D-7FD3-4947-9873-3E8ED9C1BB05): 2
LogDevObjectVersion:   Dev-ReflectionCapture (6B266CEC-1EC7-4B8F-A30B-E4D90942FC07): 1
LogDevObjectVersion:   Dev-Automation (0DF73D61-A23F-47EA-B727-89E90C41499A): 1
LogDevObjectVersion:   FortniteMain (601D1886-AC64-4F84-AA16-D3DE0DEAC7D6): 31
LogDevObjectVersion:   Dev-Enterprise (9DFFBCD6-494F-0158-E221-12823C92A888): 8
LogDevObjectVersion:   Dev-Niagara (F2AED0AC-9AFE-416F-8664-AA7FFA26D6FC): 1
LogDevObjectVersion:   Dev-Destruction (174F1F0B-B4C6-45A5-B13F-2EE8D0FB917D): 9
LogDevObjectVersion:   Dev-Physics-Ext (35F94A83-E258-406C-A318-09F59610247C): 8
LogDevObjectVersion:   Dev-CineCamera (B2E18506-4273-CFC2-A54E-F4BB758BBA07): 1
LogInit: Presizing for max 25165824 objects, including 0 objects not considered by GC, pre-allocating 0 bytes for permanent pool.
LogInit: Object subsystem initialized
LogConfig: Setting CVar [[con.DebugEarlyDefault:1]]
LogConfig: Setting CVar [[r.setres:1280x720]]
[2020.06.24-23.28.52:044][  0]LogConfig: Setting CVar [[r.VSync:0]]
[2020.06.24-23.28.52:044][  0]LogConfig: Setting CVar [[r.RHICmdBypass:0]]
[2020.06.24-23.28.52:044][  0]LogConfig: Applying CVar settings from Section [/Script/Engine.RendererSettings] File [Q:/ghost/Documents/GitHub/VR_Room/VR_Room/Saved/Config/Windows/Engine.ini]
[2020.06.24-23.28.52:044][  0]LogConfig: Setting CVar [[r.GPUCrashDebugging:0]]
[2020.06.24-23.28.52:044][  0]LogConfig: Setting CVar [[r.DefaultFeature.AmbientOcclusion:0]]
[2020.06.24-23.28.52:044][  0]LogConfig: Setting CVar [[r.DefaultFeature.AmbientOcclusionStaticFraction:0]]
[2020.06.24-23.28.52:044][  0]LogConfig: Setting CVar [[vr.InstancedStereo:1]]
[2020.06.24-23.28.52:044][  0]LogConfig: Setting CVar [[r.SeparateTranslucency:0]]
[2020.06.24-23.28.52:044][  0]LogConfig: Setting CVar [[r.HZBOcclusion:0]]
[2020.06.24-23.28.52:044][  0]LogConfig: Setting CVar [[r.SSR.MaxRoughness:0]]
[2020.06.24-23.28.52:044][  0]LogConfig: Setting CVar [[r.rhicmdbypass:0]]
[2020.06.24-23.28.52:044][  0]LogConfig: Applying CVar settings from Section [/Script/Engine.RendererOverrideSettings] File [Q:/ghost/Documents/GitHub/VR_Room/VR_Room/Saved/Config/Windows/Engine.ini]
[2020.06.24-23.28.52:044][  0]LogConfig: Applying CVar settings from Section [/Script/Engine.StreamingSettings] File [Q:/ghost/Documents/GitHub/VR_Room/VR_Room/Saved/Config/Windows/Engine.ini]
[2020.06.24-23.28.52:044][  0]LogConfig: Setting CVar [[s.MinBulkDataSizeForAsyncLoading:131072]]
[2020.06.24-23.28.52:044][  0]LogConfig: Setting CVar [[s.AsyncLoadingThreadEnabled:0]]
[2020.06.24-23.28.52:044][  0]LogConfig: Setting CVar [[s.EventDrivenLoaderEnabled:1]]
[2020.06.24-23.28.52:044][  0]LogConfig: Setting CVar [[s.WarnIfTimeLimitExceeded:0]]
[2020.06.24-23.28.52:044][  0]LogConfig: Setting CVar [[s.TimeLimitExceededMultiplier:1.5]]
[2020.06.24-23.28.52:044][  0]LogConfig: Setting CVar [[s.TimeLimitExceededMinTime:0.005]]
[2020.06.24-23.28.52:044][  0]LogConfig: Setting CVar [[s.UseBackgroundLevelStreaming:1]]
[2020.06.24-23.28.52:044][  0]LogConfig: Setting CVar [[s.PriorityAsyncLoadingExtraTime:15.0]]
[2020.06.24-23.28.52:044][  0]LogConfig: Setting CVar [[s.LevelStreamingActorsUpdateTimeLimit:5.0]]
[2020.06.24-23.28.52:044][  0]LogConfig: Setting CVar [[s.PriorityLevelStreamingActorsUpdateExtraTime:5.0]]
[2020.06.24-23.28.52:044][  0]LogConfig: Setting CVar [[s.LevelStreamingComponentsRegistrationGranularity:10]]
[2020.06.24-23.28.52:044][  0]LogConfig: Setting CVar [[s.UnregisterComponentsTimeLimit:1.0]]
[2020.06.24-23.28.52:044][  0]LogConfig: Setting CVar [[s.LevelStreamingComponentsUnregistrationGranularity:5]]
[2020.06.24-23.28.52:044][  0]LogConfig: Setting CVar [[s.FlushStreamingOnExit:1]]
[2020.06.24-23.28.52:044][  0]LogConfig: Applying CVar settings from Section [/Script/Engine.GarbageCollectionSettings] File [Q:/ghost/Documents/GitHub/VR_Room/VR_Room/Saved/Config/Windows/Engine.ini]
[2020.06.24-23.28.52:044][  0]LogConfig: Setting CVar [[gc.MaxObjectsNotConsideredByGC:1]]
[2020.06.24-23.28.52:044][  0]LogConfig: Setting CVar [[gc.SizeOfPermanentObjectPool:0]]
[2020.06.24-23.28.52:044][  0]LogConfig: Setting CVar [[gc.FlushStreamingOnGC:0]]
[2020.06.24-23.28.52:044][  0]LogConfig: Setting CVar [[gc.NumRetriesBeforeForcingGC:10]]
[2020.06.24-23.28.52:044][  0]LogConfig: Setting CVar [[gc.AllowParallelGC:1]]
[2020.06.24-23.28.52:044][  0]LogConfig: Setting CVar [[gc.TimeBetweenPurgingPendingKillObjects:61.1]]
[2020.06.24-23.28.52:044][  0]LogConfig: Setting CVar [[gc.MaxObjectsInEditor:25165824]]
[2020.06.24-23.28.52:044][  0]LogConfig: Setting CVar [[gc.IncrementalBeginDestroyEnabled:1]]
[2020.06.24-23.28.52:044][  0]LogConfig: Setting CVar [[gc.CreateGCClusters:1]]
[2020.06.24-23.28.52:044][  0]LogConfig: Setting CVar [[gc.MinGCClusterSize:5]]
[2020.06.24-23.28.52:044][  0]LogConfig: Setting CVar [[gc.ActorClusteringEnabled:0]]
[2020.06.24-23.28.52:044][  0]LogConfig: Setting CVar [[gc.BlueprintClusteringEnabled:0]]
[2020.06.24-23.28.52:044][  0]LogConfig: Setting CVar [[gc.UseDisregardForGCOnDedicatedServers:0]]
[2020.06.24-23.28.52:044][  0]LogConfig: Applying CVar settings from Section [/Script/Engine.NetworkSettings] File [Q:/ghost/Documents/GitHub/VR_Room/VR_Room/Saved/Config/Windows/Engine.ini]
[2020.06.24-23.28.52:044][  0]LogConfig: Applying CVar settings from Section [/Script/UnrealEd.CookerSettings] File [Q:/ghost/Documents/GitHub/VR_Room/VR_Room/Saved/Config/Windows/Engine.ini]
[2020.06.24-23.28.52:046][  0]LogConfig: Applying CVar settings from Section [ViewDistanceQuality@3] File [Q:/ghost/Documents/GitHub/VR_Room/VR_Room/Saved/Config/Windows/Scalability.ini]
[2020.06.24-23.28.52:046][  0]LogConfig: Setting CVar [[r.SkeletalMeshLODBias:0]]
[2020.06.24-23.28.52:046][  0]LogConfig: Setting CVar [[r.ViewDistanceScale:1.0]]
[2020.06.24-23.28.52:046][  0]LogConfig: Applying CVar settings from Section [AntiAliasingQuality@3] File [Q:/ghost/Documents/GitHub/VR_Room/VR_Room/Saved/Config/Windows/Scalability.ini]
[2020.06.24-23.28.52:046][  0]LogConfig: Setting CVar [[r.PostProcessAAQuality:3]]
[2020.06.24-23.28.52:046][  0]LogConfig: Applying CVar settings from Section [ShadowQuality@3] File [Q:/ghost/Documents/GitHub/VR_Room/VR_Room/Saved/Config/Windows/Scalability.ini]
[2020.06.24-23.28.52:046][  0]LogConfig: Setting CVar [[r.LightFunctionQuality:1]]
[2020.06.24-23.28.52:046][  0]LogConfig: Setting CVar [[r.ShadowQuality:5]]
[2020.06.24-23.28.52:046][  0]LogConfig: Setting CVar [[r.Shadow.CSM.MaxCascades:10]]
[2020.06.24-23.28.52:046][  0]LogConfig: Setting CVar [[r.Shadow.MaxResolution:2048]]
[2020.06.24-23.28.52:046][  0]LogConfig: Setting CVar [[r.Shadow.MaxCSMResolution:2048]]
[2020.06.24-23.28.52:046][  0]LogConfig: Setting CVar [[r.Shadow.RadiusThreshold:0.01]]
[2020.06.24-23.28.52:046][  0]LogConfig: Setting CVar [[r.Shadow.DistanceScale:1.0]]
[2020.06.24-23.28.52:046][  0]LogConfig: Setting CVar [[r.Shadow.CSM.TransitionScale:1.0]]
[2020.06.24-23.28.52:046][  0]LogConfig: Setting CVar [[r.Shadow.PreShadowResolutionFactor:1.0]]
[2020.06.24-23.28.52:046][  0]LogConfig: Setting CVar [[r.DistanceFieldShadowing:1]]
[2020.06.24-23.28.52:046][  0]LogConfig: Setting CVar [[r.DistanceFieldAO:1]]
[2020.06.24-23.28.52:046][  0]LogConfig: Setting CVar [[r.AOQuality:2]]
[2020.06.24-23.28.52:046][  0]LogConfig: Setting CVar [[r.VolumetricFog:1]]
[2020.06.24-23.28.52:046][  0]LogConfig: Setting CVar [[r.VolumetricFog.GridPixelSize:8]]
[2020.06.24-23.28.52:046][  0]LogConfig: Setting CVar [[r.VolumetricFog.GridSizeZ:128]]
[2020.06.24-23.28.52:046][  0]LogConfig: Setting CVar [[r.VolumetricFog.HistoryMissSupersampleCount:4]]
[2020.06.24-23.28.52:046][  0]LogConfig: Setting CVar [[r.LightMaxDrawDistanceScale:1]]
[2020.06.24-23.28.52:046][  0]LogConfig: Setting CVar [[r.CapsuleShadows:1]]
[2020.06.24-23.28.52:046][  0]LogConfig: Applying CVar settings from Section [PostProcessQuality@3] File [Q:/ghost/Documents/GitHub/VR_Room/VR_Room/Saved/Config/Windows/Scalability.ini]
[2020.06.24-23.28.52:046][  0]LogConfig: Setting CVar [[r.MotionBlurQuality:0]]
[2020.06.24-23.28.52:046][  0]LogConfig: Setting CVar [[r.AmbientOcclusionMipLevelFactor:0.4]]
[2020.06.24-23.28.52:046][  0]LogConfig: Setting CVar [[r.AmbientOcclusionMaxQuality:100]]
[2020.06.24-23.28.52:046][  0]LogConfig: Setting CVar [[r.AmbientOcclusionLevels:0]]
[2020.06.24-23.28.52:046][  0]LogConfig: Setting CVar [[r.AmbientOcclusionRadiusScale:1.0]]
[2020.06.24-23.28.52:046][  0]LogConfig: Setting CVar [[r.DepthOfFieldQuality:0]]
[2020.06.24-23.28.52:046][  0]LogConfig: Setting CVar [[r.RenderTargetPoolMin:400]]
[2020.06.24-23.28.52:046][  0]LogConfig: Setting CVar [[r.LensFlareQuality:0]]
[2020.06.24-23.28.52:046][  0]LogConfig: Setting CVar [[r.SceneColorFringeQuality:0]]
[2020.06.24-23.28.52:046][  0]LogConfig: Setting CVar [[r.EyeAdaptationQuality:2]]
[2020.06.24-23.28.52:046][  0]LogConfig: Setting CVar [[r.BloomQuality:1]]
[2020.06.24-23.28.52:046][  0]LogConfig: Setting CVar [[r.FastBlurThreshold:0]]
[2020.06.24-23.28.52:046][  0]LogConfig: Setting CVar [[r.Upscale.Quality:3]]
[2020.06.24-23.28.52:046][  0]LogConfig: Setting CVar [[r.Tonemapper.GrainQuantization:1]]
[2020.06.24-23.28.52:046][  0]LogConfig: Setting CVar [[r.LightShaftQuality:1]]
[2020.06.24-23.28.52:046][  0]LogConfig: Setting CVar [[r.Filter.SizeScale:1]]
[2020.06.24-23.28.52:046][  0]LogConfig: Setting CVar [[r.Tonemapper.Quality:5]]
[2020.06.24-23.28.52:046][  0]LogConfig: Setting CVar [[r.DOF.Gather.AccumulatorQuality:1        ; higher gathering accumulator quality]]
[2020.06.24-23.28.52:046][  0]LogConfig: Setting CVar [[r.DOF.Gather.PostfilterMethod:1          ; Median3x3 postfilering method]]
[2020.06.24-23.28.52:046][  0]LogConfig: Setting CVar [[r.DOF.Gather.EnableBokehSettings:0       ; no bokeh simulation when gathering]]
[2020.06.24-23.28.52:046][  0]LogConfig: Setting CVar [[r.DOF.Gather.RingCount:4                 ; medium number of samples when gathering]]
[2020.06.24-23.28.52:046][  0]LogConfig: Setting CVar [[r.DOF.Scatter.ForegroundCompositing:1    ; additive foreground scattering]]
[2020.06.24-23.28.52:046][  0]LogConfig: Setting CVar [[r.DOF.Scatter.BackgroundCompositing:2    ; additive background scattering]]
[2020.06.24-23.28.52:046][  0]LogConfig: Setting CVar [[r.DOF.Scatter.EnableBokehSettings:1      ; bokeh simulation when scattering]]
[2020.06.24-23.28.52:046][  0]LogConfig: Setting CVar [[r.DOF.Scatter.MaxSpriteRatio:0.1         ; only a maximum of 10% of scattered bokeh]]
[2020.06.24-23.28.52:046][  0]LogConfig: Setting CVar [[r.DOF.Recombine.Quality:1                ; cheap slight out of focus]]
[2020.06.24-23.28.52:047][  0]LogConfig: Setting CVar [[r.DOF.Recombine.EnableBokehSettings:0    ; no bokeh simulation on slight out of focus]]
[2020.06.24-23.28.52:047][  0]LogConfig: Setting CVar [[r.DOF.TemporalAAQuality:1                ; more stable temporal accumulation]]
[2020.06.24-23.28.52:047][  0]LogConfig: Setting CVar [[r.DOF.Kernel.MaxForegroundRadius:0.025]]
[2020.06.24-23.28.52:047][  0]LogConfig: Setting CVar [[r.DOF.Kernel.MaxBackgroundRadius:0.025]]
[2020.06.24-23.28.52:047][  0]LogConfig: Applying CVar settings from Section [TextureQuality@3] File [Q:/ghost/Documents/GitHub/VR_Room/VR_Room/Saved/Config/Windows/Scalability.ini]
[2020.06.24-23.28.52:047][  0]LogConfig: Setting CVar [[r.Streaming.MipBias:0]]
[2020.06.24-23.28.52:047][  0]LogConfig: Setting CVar [[r.Streaming.AmortizeCPUToGPUCopy:0]]
[2020.06.24-23.28.52:047][  0]LogConfig: Setting CVar [[r.Streaming.MaxNumTexturesToStreamPerFrame:0]]
[2020.06.24-23.28.52:047][  0]LogConfig: Setting CVar [[r.Streaming.Boost:1]]
[2020.06.24-23.28.52:047][  0]LogConfig: Setting CVar [[r.MaxAnisotropy:8]]
[2020.06.24-23.28.52:047][  0]LogConfig: Setting CVar [[r.VT.MaxAnisotropy:8]]
[2020.06.24-23.28.52:047][  0]LogConfig: Setting CVar [[r.Streaming.LimitPoolSizeToVRAM:0]]
[2020.06.24-23.28.52:047][  0]LogConfig: Setting CVar [[r.Streaming.PoolSize:1000]]
[2020.06.24-23.28.52:047][  0]LogConfig: Setting CVar [[r.Streaming.MaxEffectiveScreenSize:0]]
[2020.06.24-23.28.52:047][  0]LogConfig: Applying CVar settings from Section [EffectsQuality@3] File [Q:/ghost/Documents/GitHub/VR_Room/VR_Room/Saved/Config/Windows/Scalability.ini]
[2020.06.24-23.28.52:047][  0]LogConfig: Setting CVar [[r.TranslucencyLightingVolumeDim:4]]
[2020.06.24-23.28.52:047][  0]LogConfig: Setting CVar [[r.RefractionQuality:2]]
[2020.06.24-23.28.52:047][  0]LogConfig: Setting CVar [[r.SSR.Quality:0]]
[2020.06.24-23.28.52:047][  0]LogConfig: Setting CVar [[r.SSR.HalfResSceneColor:0]]
[2020.06.24-23.28.52:047][  0]LogConfig: Setting CVar [[r.SceneColorFormat:2]]
[2020.06.24-23.28.52:047][  0]LogConfig: Setting CVar [[r.DetailMode:2]]
[2020.06.24-23.28.52:047][  0]LogConfig: Setting CVar [[r.TranslucencyVolumeBlur:0]]
[2020.06.24-23.28.52:047][  0]LogConfig: Setting CVar [[r.MaterialQualityLevel:1 ; High quality]]
[2020.06.24-23.28.52:047][  0]LogConfig: Setting CVar [[r.SSS.Scale:1]]
[2020.06.24-23.28.52:047][  0]LogConfig: Setting CVar [[r.SSS.SampleSet:2]]
[2020.06.24-23.28.52:047][  0]LogConfig: Setting CVar [[r.SSS.Quality:1]]
[2020.06.24-23.28.52:047][  0]LogConfig: Setting CVar [[r.SSS.HalfRes:1]]
[2020.06.24-23.28.52:047][  0]LogConfig: Setting CVar [[r.SSGI.Quality:3]]
[2020.06.24-23.28.52:047][  0]LogConfig: Setting CVar [[r.EmitterSpawnRateScale:1.0]]
[2020.06.24-23.28.52:047][  0]LogConfig: Setting CVar [[r.ParticleLightQuality:2]]
[2020.06.24-23.28.52:047][  0]LogConfig: Setting CVar [[r.SkyAtmosphere.AerialPerspectiveLUT.FastApplyOnOpaque:1 ; Always have FastSkyLUT 1 in this case to avoid wrong sky]]
[2020.06.24-23.28.52:047][  0]LogConfig: Setting CVar [[r.SkyAtmosphere.AerialPerspectiveLUT.SampleCountPerSlice:1]]
[2020.06.24-23.28.52:047][  0]LogConfig: Setting CVar [[r.SkyAtmosphere.AerialPerspectiveLUT.DepthResolution:16.0]]
[2020.06.24-23.28.52:047][  0]LogConfig: Setting CVar [[r.SkyAtmosphere.FastSkyLUT:1]]
[2020.06.24-23.28.52:047][  0]LogConfig: Setting CVar [[r.SkyAtmosphere.FastSkyLUT.SampleCountMin:4.0]]
[2020.06.24-23.28.52:047][  0]LogConfig: Setting CVar [[r.SkyAtmosphere.FastSkyLUT.SampleCountMax:32.0]]
[2020.06.24-23.28.52:047][  0]LogConfig: Setting CVar [[r.SkyAtmosphere.SampleCountMin:4.0]]
[2020.06.24-23.28.52:047][  0]LogConfig: Setting CVar [[r.SkyAtmosphere.SampleCountMax:32.0]]
[2020.06.24-23.28.52:047][  0]LogConfig: Setting CVar [[r.SkyAtmosphere.TransmittanceLUT.UseSmallFormat:0]]
[2020.06.24-23.28.52:047][  0]LogConfig: Setting CVar [[r.SkyAtmosphere.TransmittanceLUT.SampleCount:10.0]]
[2020.06.24-23.28.52:047][  0]LogConfig: Setting CVar [[r.SkyAtmosphere.MultiScatteringLUT.SampleCount:15.0]]
[2020.06.24-23.28.52:047][  0]LogConfig: Applying CVar settings from Section [FoliageQuality@3] File [Q:/ghost/Documents/GitHub/VR_Room/VR_Room/Saved/Config/Windows/Scalability.ini]
[2020.06.24-23.28.52:047][  0]LogConfig: Setting CVar [[foliage.DensityScale:1.0]]
[2020.06.24-23.28.52:047][  0]LogConfig: Setting CVar [[grass.DensityScale:1.0]]
[2020.06.24-23.28.52:047][  0]LogConfig: Applying CVar settings from Section [ShadingQuality@3] File [Q:/ghost/Documents/GitHub/VR_Room/VR_Room/Saved/Config/Windows/Scalability.ini]
[2020.06.24-23.28.52:047][  0]LogConfig: Setting CVar [[r.HairStrands.SkyLighting.SampleCount:16]]
[2020.06.24-23.28.52:047][  0]LogConfig: Setting CVar [[r.HairStrands.SkyLighting.JitterIntegration:0]]
[2020.06.24-23.28.52:047][  0]LogConfig: Setting CVar [[r.HairStrands.SkyAO.SampleCount:16]]
[2020.06.24-23.28.52:047][  0]LogInit: Selected Device Profile: [Windows]
[2020.06.24-23.28.52:047][  0]LogInit: Applying CVar settings loaded from the selected device profile: [Windows]
[2020.06.24-23.28.52:049][  0]LogHAL: Display: Platform has ~ 16 GB [17135833088 / 17179869184 / 16], which maps to Larger [LargestMinGB=32, LargerMinGB=12, DefaultMinGB=8, SmallerMinGB=6, SmallestMinGB=0)
[2020.06.24-23.28.52:049][  0]LogInit: Going up to parent DeviceProfile []
[2020.06.24-23.28.52:049][  0]LogConfig: Applying CVar settings from Section [ViewDistanceQuality@3] File [Q:/ghost/Documents/GitHub/VR_Room/VR_Room/Saved/Config/Windows/Scalability.ini]
[2020.06.24-23.28.52:049][  0]LogConfig: Setting CVar [[r.SkeletalMeshLODBias:0]]
[2020.06.24-23.28.52:049][  0]LogConfig: Setting CVar [[r.ViewDistanceScale:1.0]]
[2020.06.24-23.28.52:049][  0]LogConfig: Applying CVar settings from Section [AntiAliasingQuality@3] File [Q:/ghost/Documents/GitHub/VR_Room/VR_Room/Saved/Config/Windows/Scalability.ini]
[2020.06.24-23.28.52:049][  0]LogConfig: Setting CVar [[r.PostProcessAAQuality:3]]
[2020.06.24-23.28.52:049][  0]LogConfig: Applying CVar settings from Section [ShadowQuality@3] File [Q:/ghost/Documents/GitHub/VR_Room/VR_Room/Saved/Config/Windows/Scalability.ini]
[2020.06.24-23.28.52:049][  0]LogConfig: Setting CVar [[r.LightFunctionQuality:1]]
[2020.06.24-23.28.52:049][  0]LogConfig: Setting CVar [[r.ShadowQuality:5]]
[2020.06.24-23.28.52:049][  0]LogConfig: Setting CVar [[r.Shadow.CSM.MaxCascades:10]]
[2020.06.24-23.28.52:049][  0]LogConfig: Setting CVar [[r.Shadow.MaxResolution:2048]]
[2020.06.24-23.28.52:049][  0]LogConfig: Setting CVar [[r.Shadow.MaxCSMResolution:2048]]
[2020.06.24-23.28.52:049][  0]LogConfig: Setting CVar [[r.Shadow.RadiusThreshold:0.01]]
[2020.06.24-23.28.52:049][  0]LogConfig: Setting CVar [[r.Shadow.DistanceScale:1.0]]
[2020.06.24-23.28.52:049][  0]LogConfig: Setting CVar [[r.Shadow.CSM.TransitionScale:1.0]]
[2020.06.24-23.28.52:049][  0]LogConfig: Setting CVar [[r.Shadow.PreShadowResolutionFactor:1.0]]
[2020.06.24-23.28.52:049][  0]LogConfig: Setting CVar [[r.DistanceFieldShadowing:1]]
[2020.06.24-23.28.52:049][  0]LogConfig: Setting CVar [[r.DistanceFieldAO:1]]
[2020.06.24-23.28.52:049][  0]LogConfig: Setting CVar [[r.AOQuality:2]]
[2020.06.24-23.28.52:049][  0]LogConfig: Setting CVar [[r.VolumetricFog:1]]
[2020.06.24-23.28.52:049][  0]LogConfig: Setting CVar [[r.VolumetricFog.GridPixelSize:8]]
[2020.06.24-23.28.52:049][  0]LogConfig: Setting CVar [[r.VolumetricFog.GridSizeZ:128]]
[2020.06.24-23.28.52:049][  0]LogConfig: Setting CVar [[r.VolumetricFog.HistoryMissSupersampleCount:4]]
[2020.06.24-23.28.52:049][  0]LogConfig: Setting CVar [[r.LightMaxDrawDistanceScale:1]]
[2020.06.24-23.28.52:050][  0]LogConfig: Setting CVar [[r.CapsuleShadows:1]]
[2020.06.24-23.28.52:050][  0]LogConfig: Applying CVar settings from Section [PostProcessQuality@3] File [Q:/ghost/Documents/GitHub/VR_Room/VR_Room/Saved/Config/Windows/Scalability.ini]
[2020.06.24-23.28.52:050][  0]LogConfig: Setting CVar [[r.MotionBlurQuality:0]]
[2020.06.24-23.28.52:050][  0]LogConfig: Setting CVar [[r.AmbientOcclusionMipLevelFactor:0.4]]
[2020.06.24-23.28.52:050][  0]LogConfig: Setting CVar [[r.AmbientOcclusionMaxQuality:100]]
[2020.06.24-23.28.52:050][  0]LogConfig: Setting CVar [[r.AmbientOcclusionLevels:0]]
[2020.06.24-23.28.52:050][  0]LogConfig: Setting CVar [[r.AmbientOcclusionRadiusScale:1.0]]
[2020.06.24-23.28.52:050][  0]LogConfig: Setting CVar [[r.DepthOfFieldQuality:0]]
[2020.06.24-23.28.52:050][  0]LogConfig: Setting CVar [[r.RenderTargetPoolMin:400]]
[2020.06.24-23.28.52:050][  0]LogConfig: Setting CVar [[r.LensFlareQuality:0]]
[2020.06.24-23.28.52:050][  0]LogConfig: Setting CVar [[r.SceneColorFringeQuality:0]]
[2020.06.24-23.28.52:050][  0]LogConfig: Setting CVar [[r.EyeAdaptationQuality:2]]
[2020.06.24-23.28.52:050][  0]LogConfig: Setting CVar [[r.BloomQuality:1]]
[2020.06.24-23.28.52:050][  0]LogConfig: Setting CVar [[r.FastBlurThreshold:0]]
[2020.06.24-23.28.52:050][  0]LogConfig: Setting CVar [[r.Upscale.Quality:3]]
[2020.06.24-23.28.52:050][  0]LogConfig: Setting CVar [[r.Tonemapper.GrainQuantization:1]]
[2020.06.24-23.28.52:050][  0]LogConfig: Setting CVar [[r.LightShaftQuality:1]]
[2020.06.24-23.28.52:050][  0]LogConfig: Setting CVar [[r.Filter.SizeScale:1]]
[2020.06.24-23.28.52:050][  0]LogConfig: Setting CVar [[r.Tonemapper.Quality:5]]
[2020.06.24-23.28.52:050][  0]LogConfig: Setting CVar [[r.DOF.Gather.AccumulatorQuality:1        ; higher gathering accumulator quality]]
[2020.06.24-23.28.52:050][  0]LogConfig: Setting CVar [[r.DOF.Gather.PostfilterMethod:1          ; Median3x3 postfilering method]]
[2020.06.24-23.28.52:050][  0]LogConfig: Setting CVar [[r.DOF.Gather.EnableBokehSettings:0       ; no bokeh simulation when gathering]]
[2020.06.24-23.28.52:050][  0]LogConfig: Setting CVar [[r.DOF.Gather.RingCount:4                 ; medium number of samples when gathering]]
[2020.06.24-23.28.52:050][  0]LogConfig: Setting CVar [[r.DOF.Scatter.ForegroundCompositing:1    ; additive foreground scattering]]
[2020.06.24-23.28.52:050][  0]LogConfig: Setting CVar [[r.DOF.Scatter.BackgroundCompositing:2    ; additive background scattering]]
[2020.06.24-23.28.52:050][  0]LogConfig: Setting CVar [[r.DOF.Scatter.EnableBokehSettings:1      ; bokeh simulation when scattering]]
[2020.06.24-23.28.52:050][  0]LogConfig: Setting CVar [[r.DOF.Scatter.MaxSpriteRatio:0.1         ; only a maximum of 10% of scattered bokeh]]
[2020.06.24-23.28.52:050][  0]LogConfig: Setting CVar [[r.DOF.Recombine.Quality:1                ; cheap slight out of focus]]
[2020.06.24-23.28.52:050][  0]LogConfig: Setting CVar [[r.DOF.Recombine.EnableBokehSettings:0    ; no bokeh simulation on slight out of focus]]
[2020.06.24-23.28.52:050][  0]LogConfig: Setting CVar [[r.DOF.TemporalAAQuality:1                ; more stable temporal accumulation]]
[2020.06.24-23.28.52:050][  0]LogConfig: Setting CVar [[r.DOF.Kernel.MaxForegroundRadius:0.025]]
[2020.06.24-23.28.52:050][  0]LogConfig: Setting CVar [[r.DOF.Kernel.MaxBackgroundRadius:0.025]]
[2020.06.24-23.28.52:050][  0]LogConfig: Applying CVar settings from Section [TextureQuality@3] File [Q:/ghost/Documents/GitHub/VR_Room/VR_Room/Saved/Config/Windows/Scalability.ini]
[2020.06.24-23.28.52:050][  0]LogConfig: Setting CVar [[r.Streaming.MipBias:0]]
[2020.06.24-23.28.52:050][  0]LogConfig: Setting CVar [[r.Streaming.AmortizeCPUToGPUCopy:0]]
[2020.06.24-23.28.52:050][  0]LogConfig: Setting CVar [[r.Streaming.MaxNumTexturesToStreamPerFrame:0]]
[2020.06.24-23.28.52:050][  0]LogConfig: Setting CVar [[r.Streaming.Boost:1]]
[2020.06.24-23.28.52:050][  0]LogConfig: Setting CVar [[r.MaxAnisotropy:8]]
[2020.06.24-23.28.52:050][  0]LogConfig: Setting CVar [[r.VT.MaxAnisotropy:8]]
[2020.06.24-23.28.52:050][  0]LogConfig: Setting CVar [[r.Streaming.LimitPoolSizeToVRAM:0]]
[2020.06.24-23.28.52:050][  0]LogConfig: Setting CVar [[r.Streaming.PoolSize:1000]]
[2020.06.24-23.28.52:050][  0]LogConfig: Setting CVar [[r.Streaming.MaxEffectiveScreenSize:0]]
[2020.06.24-23.28.52:050][  0]LogConfig: Applying CVar settings from Section [EffectsQuality@3] File [Q:/ghost/Documents/GitHub/VR_Room/VR_Room/Saved/Config/Windows/Scalability.ini]
[2020.06.24-23.28.52:050][  0]LogConfig: Setting CVar [[r.TranslucencyLightingVolumeDim:4]]
[2020.06.24-23.28.52:050][  0]LogConfig: Setting CVar [[r.RefractionQuality:2]]
[2020.06.24-23.28.52:050][  0]LogConfig: Setting CVar [[r.SSR.Quality:0]]
[2020.06.24-23.28.52:050][  0]LogConfig: Setting CVar [[r.SSR.HalfResSceneColor:0]]
[2020.06.24-23.28.52:050][  0]LogConfig: Setting CVar [[r.SceneColorFormat:2]]
[2020.06.24-23.28.52:050][  0]LogConfig: Setting CVar [[r.DetailMode:2]]
[2020.06.24-23.28.52:050][  0]LogConfig: Setting CVar [[r.TranslucencyVolumeBlur:0]]
[2020.06.24-23.28.52:050][  0]LogConfig: Setting CVar [[r.MaterialQualityLevel:1 ; High quality]]
[2020.06.24-23.28.52:050][  0]LogConfig: Setting CVar [[r.SSS.Scale:1]]
[2020.06.24-23.28.52:050][  0]LogConfig: Setting CVar [[r.SSS.SampleSet:2]]
[2020.06.24-23.28.52:050][  0]LogConfig: Setting CVar [[r.SSS.Quality:1]]
[2020.06.24-23.28.52:050][  0]LogConfig: Setting CVar [[r.SSS.HalfRes:1]]
[2020.06.24-23.28.52:050][  0]LogConfig: Setting CVar [[r.SSGI.Quality:3]]
[2020.06.24-23.28.52:050][  0]LogConfig: Setting CVar [[r.EmitterSpawnRateScale:1.0]]
[2020.06.24-23.28.52:050][  0]LogConfig: Setting CVar [[r.ParticleLightQuality:2]]
[2020.06.24-23.28.52:050][  0]LogConfig: Setting CVar [[r.SkyAtmosphere.AerialPerspectiveLUT.FastApplyOnOpaque:1 ; Always have FastSkyLUT 1 in this case to avoid wrong sky]]
[2020.06.24-23.28.52:050][  0]LogConfig: Setting CVar [[r.SkyAtmosphere.AerialPerspectiveLUT.SampleCountPerSlice:1]]
[2020.06.24-23.28.52:050][  0]LogConfig: Setting CVar [[r.SkyAtmosphere.AerialPerspectiveLUT.DepthResolution:16.0]]
[2020.06.24-23.28.52:050][  0]LogConfig: Setting CVar [[r.SkyAtmosphere.FastSkyLUT:1]]
[2020.06.24-23.28.52:050][  0]LogConfig: Setting CVar [[r.SkyAtmosphere.FastSkyLUT.SampleCountMin:4.0]]
[2020.06.24-23.28.52:050][  0]LogConfig: Setting CVar [[r.SkyAtmosphere.FastSkyLUT.SampleCountMax:32.0]]
[2020.06.24-23.28.52:050][  0]LogConfig: Setting CVar [[r.SkyAtmosphere.SampleCountMin:4.0]]
[2020.06.24-23.28.52:050][  0]LogConfig: Setting CVar [[r.SkyAtmosphere.SampleCountMax:32.0]]
[2020.06.24-23.28.52:050][  0]LogConfig: Setting CVar [[r.SkyAtmosphere.TransmittanceLUT.UseSmallFormat:0]]
[2020.06.24-23.28.52:050][  0]LogConfig: Setting CVar [[r.SkyAtmosphere.TransmittanceLUT.SampleCount:10.0]]
[2020.06.24-23.28.52:050][  0]LogConfig: Setting CVar [[r.SkyAtmosphere.MultiScatteringLUT.SampleCount:15.0]]
[2020.06.24-23.28.52:050][  0]LogConfig: Applying CVar settings from Section [FoliageQuality@3] File [Q:/ghost/Documents/GitHub/VR_Room/VR_Room/Saved/Config/Windows/Scalability.ini]
[2020.06.24-23.28.52:050][  0]LogConfig: Setting CVar [[foliage.DensityScale:1.0]]
[2020.06.24-23.28.52:050][  0]LogConfig: Setting CVar [[grass.DensityScale:1.0]]
[2020.06.24-23.28.52:050][  0]LogConfig: Applying CVar settings from Section [ShadingQuality@3] File [Q:/ghost/Documents/GitHub/VR_Room/VR_Room/Saved/Config/Windows/Scalability.ini]
[2020.06.24-23.28.52:050][  0]LogConfig: Setting CVar [[r.HairStrands.SkyLighting.SampleCount:16]]
[2020.06.24-23.28.52:050][  0]LogConfig: Setting CVar [[r.HairStrands.SkyLighting.JitterIntegration:0]]
[2020.06.24-23.28.52:050][  0]LogConfig: Setting CVar [[r.HairStrands.SkyAO.SampleCount:16]]
[2020.06.24-23.28.52:050][  0]LogConfig: Applying CVar settings from Section [Startup] File [../../../Engine/Config/ConsoleVariables.ini]
[2020.06.24-23.28.52:051][  0]LogConfig: Setting CVar [[net.UseAdaptiveNetUpdateFrequency:0]]
[2020.06.24-23.28.52:051][  0]LogConfig: Setting CVar [[p.chaos.AllowCreatePhysxBodies:1]]
[2020.06.24-23.28.52:051][  0]LogConfig: Applying CVar settings from Section [ConsoleVariables] File [Q:/ghost/Documents/GitHub/VR_Room/VR_Room/Saved/Config/Windows/Engine.ini]
[2020.06.24-23.28.52:051][  0]LogInit: Computer: GHOSTS
[2020.06.24-23.28.52:051][  0]LogInit: User: ghost
[2020.06.24-23.28.52:051][  0]LogInit: CPU Page size=4096, Cores=4
[2020.06.24-23.28.52:051][  0]LogInit: High frequency timer resolution =10.000000 MHz
[2020.06.24-23.28.52:051][  0]LogMemory: Memory total: Physical=16.0GB (16GB approx)
[2020.06.24-23.28.52:051][  0]LogMemory: Platform Memory Stats for Windows
[2020.06.24-23.28.52:051][  0]LogMemory: Process Physical Memory: 112.26 MB used, 112.26 MB peak
[2020.06.24-23.28.52:051][  0]LogMemory: Process Virtual Memory: 106.61 MB used, 106.61 MB peak
[2020.06.24-23.28.52:051][  0]LogMemory: Physical Memory: 8483.99 MB used,  7858.01 MB free, 16342.00 MB total
[2020.06.24-23.28.52:051][  0]LogMemory: Virtual Memory: 5187.46 MB used,  134212544.00 MB free, 134217728.00 MB total
[2020.06.24-23.28.52:053][  0]LogWindows: WindowsPlatformFeatures enabled
[2020.06.24-23.28.52:065][  0]LogInit: Using OS detected language (en-US).
[2020.06.24-23.28.52:065][  0]LogInit: Using OS detected locale (en-US).
[2020.06.24-23.28.52:065][  0]LogTextLocalizationManager: No specific localization for 'en-US' exists, so the 'en' localization will be used.
[2020.06.24-23.28.52:199][  0]LogInit: Setting process to per monitor DPI aware
[2020.06.24-23.28.52:218][  0]LogSlate: New Slate User Created.  User Index 0, Is Virtual User: 0
[2020.06.24-23.28.52:218][  0]LogSlate: Slate User Registered.  User Index 0, Is Virtual User: 0
[2020.06.24-23.28.52:336][  0]LogD3D11RHI: D3D11 min allowed feature level: 11_0
[2020.06.24-23.28.52:336][  0]LogD3D11RHI: D3D11 max allowed feature level: 11_0
[2020.06.24-23.28.52:336][  0]LogD3D11RHI: D3D11 adapters:
[2020.06.24-23.28.52:401][  0]LogD3D11RHI:    0. 'NVIDIA GeForce GTX 1060 6GB' (Feature Level 11_0)
[2020.06.24-23.28.52:401][  0]LogD3D11RHI:       6052/0/8171 MB DedicatedVideo/DedicatedSystem/SharedSystem, Outputs:1, VendorId:0x10de
[2020.06.24-23.28.52:403][  0]LogD3D11RHI:    1. 'Microsoft Basic Render Driver' (Feature Level 11_0)
[2020.06.24-23.28.52:403][  0]LogD3D11RHI:       0/0/8171 MB DedicatedVideo/DedicatedSystem/SharedSystem, Outputs:0, VendorId:0x1414
[2020.06.24-23.28.52:403][  0]LogD3D11RHI: Chosen D3D11 Adapter: 0
[2020.06.24-23.28.52:410][  0]LogD3D11RHI: Creating new Direct3DDevice
[2020.06.24-23.28.52:410][  0]LogD3D11RHI:     GPU DeviceId: 0x1c03 (for the marketing name, search the web for "GPU Device Id")
[2020.06.24-23.28.52:410][  0]LogWindows: EnumDisplayDevices:
[2020.06.24-23.28.52:410][  0]LogWindows:    0. 'NVIDIA GeForce GTX 1060 6GB' (P:1 D:1)
[2020.06.24-23.28.52:410][  0]LogWindows:    1. 'NVIDIA GeForce GTX 1060 6GB' (P:0 D:0)
[2020.06.24-23.28.52:410][  0]LogWindows:    2. 'NVIDIA GeForce GTX 1060 6GB' (P:0 D:0)
[2020.06.24-23.28.52:411][  0]LogWindows:    3. 'NVIDIA GeForce GTX 1060 6GB' (P:0 D:0)
[2020.06.24-23.28.52:411][  0]LogWindows: DebugString: FoundDriverCount:4 
[2020.06.24-23.28.52:411][  0]LogD3D11RHI:     Adapter Name: NVIDIA GeForce GTX 1060 6GB
[2020.06.24-23.28.52:411][  0]LogD3D11RHI:   Driver Version: 446.14 (internal:26.21.14.4614, unified:446.14)
[2020.06.24-23.28.52:411][  0]LogD3D11RHI:      Driver Date: 5-15-2020
[2020.06.24-23.28.52:411][  0]LogRHI: Texture pool is 4236 MB (70% of 6052 MB)
[2020.06.24-23.28.52:457][  0]LogD3D11RHI: RHI has support for 64 bit atomics
[2020.06.24-23.28.52:457][  0]LogD3D11RHI: Async texture creation enabled
[2020.06.24-23.28.52:497][  0]LogD3D11RHI: GPU Timing Frequency: 1000.000000 (Debug: 2 1)
[2020.06.24-23.28.52:722][  0]LogTargetPlatformManager: Display: Loaded TargetPlatform 'AllDesktop'
[2020.06.24-23.28.52:746][  0]LogTargetPlatformManager: Display: Loaded TargetPlatform 'Android'
[2020.06.24-23.28.52:746][  0]LogTargetPlatformManager: Display: Loaded TargetPlatform 'Android_ASTC'
[2020.06.24-23.28.52:746][  0]LogTargetPlatformManager: Display: Loaded TargetPlatform 'Android_ATC'
[2020.06.24-23.28.52:746][  0]LogTargetPlatformManager: Display: Loaded TargetPlatform 'Android_DXT'
[2020.06.24-23.28.52:746][  0]LogTargetPlatformManager: Display: Loaded TargetPlatform 'Android_ETC1'
[2020.06.24-23.28.52:746][  0]LogTargetPlatformManager: Display: Loaded TargetPlatform 'Android_ETC1a'
[2020.06.24-23.28.52:746][  0]LogTargetPlatformManager: Display: Loaded TargetPlatform 'Android_ETC2'
[2020.06.24-23.28.52:746][  0]LogTargetPlatformManager: Display: Loaded TargetPlatform 'Android_PVRTC'
[2020.06.24-23.28.52:746][  0]LogTargetPlatformManager: Display: Loaded TargetPlatform 'AndroidClient'
[2020.06.24-23.28.52:746][  0]LogTargetPlatformManager: Display: Loaded TargetPlatform 'Android_ASTCClient'
[2020.06.24-23.28.52:746][  0]LogTargetPlatformManager: Display: Loaded TargetPlatform 'Android_ATCClient'
[2020.06.24-23.28.52:746][  0]LogTargetPlatformManager: Display: Loaded TargetPlatform 'Android_DXTClient'
[2020.06.24-23.28.52:746][  0]LogTargetPlatformManager: Display: Loaded TargetPlatform 'Android_ETC1Client'
[2020.06.24-23.28.52:746][  0]LogTargetPlatformManager: Display: Loaded TargetPlatform 'Android_ETC1aClient'
[2020.06.24-23.28.52:746][  0]LogTargetPlatformManager: Display: Loaded TargetPlatform 'Android_ETC2Client'
[2020.06.24-23.28.52:746][  0]LogTargetPlatformManager: Display: Loaded TargetPlatform 'Android_PVRTCClient'
[2020.06.24-23.28.52:746][  0]LogTargetPlatformManager: Display: Loaded TargetPlatform 'Android_Multi'
[2020.06.24-23.28.52:746][  0]LogTargetPlatformManager: Display: Loaded TargetPlatform 'Android_MultiClient'
[2020.06.24-23.28.52:760][  0]LogTargetPlatformManager: Display: Loaded TargetPlatform 'IOSClient'
[2020.06.24-23.28.52:760][  0]LogTargetPlatformManager: Display: Loaded TargetPlatform 'IOS'
[2020.06.24-23.28.52:766][  0]LogTargetPlatformManager: Display: Loaded TargetPlatform 'LinuxNoEditor'
[2020.06.24-23.28.52:771][  0]LogTargetPlatformManager: Display: Loaded TargetPlatform 'LinuxClient'
[2020.06.24-23.28.52:777][  0]LogTargetPlatformManager: Display: Loaded TargetPlatform 'LinuxServer'
[2020.06.24-23.28.52:783][  0]LogTargetPlatformManager: Display: Loaded TargetPlatform 'LinuxAArch64NoEditor'
[2020.06.24-23.28.52:788][  0]LogTargetPlatformManager: Display: Loaded TargetPlatform 'LinuxAArch64Client'
[2020.06.24-23.28.52:794][  0]LogTargetPlatformManager: Display: Loaded TargetPlatform 'LinuxAArch64Server'
[2020.06.24-23.28.52:813][  0]LogTargetPlatformManager: Display: Loaded TargetPlatform 'Lumin'
[2020.06.24-23.28.52:813][  0]LogTargetPlatformManager: Display: Loaded TargetPlatform 'LuminClient'
[2020.06.24-23.28.52:825][  0]LogTargetPlatformManager: Display: Loaded TargetPlatform 'TVOSClient'
[2020.06.24-23.28.52:825][  0]LogTargetPlatformManager: Display: Loaded TargetPlatform 'TVOS'
[2020.06.24-23.28.52:830][  0]LogTargetPlatformManager: Display: Loaded TargetPlatform 'WindowsNoEditor'
[2020.06.24-23.28.52:837][  0]LogTargetPlatformManager: Display: Loaded TargetPlatform 'Windows'
[2020.06.24-23.28.52:842][  0]LogTargetPlatformManager: Display: Loaded TargetPlatform 'WindowsClient'
[2020.06.24-23.28.52:848][  0]LogTargetPlatformManager: Display: Loaded TargetPlatform 'WindowsServer'
[2020.06.24-23.28.52:848][  0]LogTargetPlatformManager: Display: Building Assets For Windows
[2020.06.24-23.28.52:850][  0]LogAudioDebug: Display: Lib vorbis DLL was dynamically loaded.
[2020.06.24-23.28.52:868][  0]LogShaderCompilers: Guid format shader working directory is 5 characters bigger than the processId version (Q:/ghost/Documents/GitHub/VR_Room/VR_Room/Intermediate/Shaders/WorkingDirectory/7208/).
[2020.06.24-23.28.52:868][  0]LogShaderCompilers: Cleaned the shader compiler working directory 'C:/Users/ghost/AppData/Local/Temp/UnrealShaderWorkingDir/94E394834202BF1A048536B8561B5812/'.
[2020.06.24-23.28.52:868][  0]LogXGEController: Cannot use XGE Controller as Incredibuild is not installed on this machine.
[2020.06.24-23.28.52:868][  0]LogShaderCompilers: Cannot use XGE Shader Compiler as Incredibuild is not installed on this machine.
[2020.06.24-23.28.52:868][  0]LogShaderCompilers: Display: Using Local Shader Compiler.
[2020.06.24-23.28.53:415][  0]LogDerivedDataCache: Display: Max Cache Size: 512 MB
[2020.06.24-23.28.53:475][  0]LogDerivedDataCache: Loaded boot cache 0.06s 103MB C:/Users/ghost/AppData/Local/UnrealEngine/4.24/DerivedDataCache/Boot.ddc.
[2020.06.24-23.28.53:475][  0]LogDerivedDataCache: Display: Loaded Boot cache: C:/Users/ghost/AppData/Local/UnrealEngine/4.24/DerivedDataCache/Boot.ddc
[2020.06.24-23.28.53:475][  0]LogDerivedDataCache: FDerivedDataBackendGraph:  Pak pak cache file Q:/ghost/Documents/GitHub/VR_Room/VR_Room/DerivedDataCache/DDC.ddp not found, will not use a pak cache.
[2020.06.24-23.28.53:475][  0]LogDerivedDataCache: Unable to find inner node Pak for hierarchical cache Hierarchy.
[2020.06.24-23.28.53:475][  0]LogDerivedDataCache: FDerivedDataBackendGraph:  CompressedPak pak cache file Q:/ghost/Documents/GitHub/VR_Room/VR_Room/DerivedDataCache/Compressed.ddp not found, will not use a pak cache.
[2020.06.24-23.28.53:475][  0]LogDerivedDataCache: Unable to find inner node CompressedPak for hierarchical cache Hierarchy.
[2020.06.24-23.28.53:483][  0]LogDerivedDataCache: Display: Pak cache opened for reading ../../../Engine/DerivedDataCache/Compressed.ddp.
[2020.06.24-23.28.53:483][  0]LogDerivedDataCache: FDerivedDataBackendGraph:  EnterprisePak pak cache file ../../../Enterprise/DerivedDataCache/Compressed.ddp not found, will not use a pak cache.
[2020.06.24-23.28.53:483][  0]LogDerivedDataCache: Unable to find inner node EnterprisePak for hierarchical cache Hierarchy.
[2020.06.24-23.28.53:484][  0]LogDerivedDataCache: Using Local data cache path C:/Users/ghost/AppData/Local/UnrealEngine/Common/DerivedDataCache: Writable
[2020.06.24-23.28.53:484][  0]LogDerivedDataCache: Shared data cache path not found in *engine.ini, will not use an Shared cache.
[2020.06.24-23.28.53:484][  0]LogDerivedDataCache: Unable to find inner node Shared for hierarchical cache Hierarchy.
[2020.06.24-23.28.53:506][  0]LogMaterial: Verifying Global Shaders for PCD3D_SM5
[2020.06.24-23.28.53:508][  0]LogSlate: Using FreeType 2.10.0
[2020.06.24-23.28.53:509][  0]LogSlate: SlateFontServices - WITH_FREETYPE: 1, WITH_HARFBUZZ: 1
[2020.06.24-23.28.53:551][  0]LogAssetRegistry: FAssetRegistry took 0.0021 seconds to start up
[2020.06.24-23.28.53:796][  0]LogInit: Selected Device Profile: [Windows]
[2020.06.24-23.28.53:914][  0]LogMeshReduction: Using QuadricMeshReduction for automatic static mesh reduction
[2020.06.24-23.28.53:914][  0]LogMeshReduction: Using SimplygonMeshReduction for automatic skeletal mesh reduction
[2020.06.24-23.28.53:914][  0]LogMeshReduction: Using ProxyLODMeshReduction for automatic mesh merging
[2020.06.24-23.28.53:914][  0]LogMeshReduction: No distributed automatic mesh merging module available
[2020.06.24-23.28.53:914][  0]LogMeshMerging: No distributed automatic mesh merging module available
[2020.06.24-23.28.53:924][  0]LogNetVersion: VR_Room 1.0.0, NetCL: 10570792, EngineNetVer: 13, GameNetVer: 0 (Checksum: 2131639903)
[2020.06.24-23.28.54:692][  0]LogPackageLocalizationCache: Processed 10 localized package path(s) for 1 prioritized culture(s) in 0.032569 seconds
[2020.06.24-23.28.54:699][  0]LogUObjectArray: 46759 objects as part of root set at end of initial load.
[2020.06.24-23.28.54:699][  0]LogUObjectAllocator: 8148360 out of 0 bytes used by permanent object pool.
[2020.06.24-23.28.54:699][  0]LogUObjectArray: CloseDisregardForGC: 0/0 objects in disregard for GC pool
[2020.06.24-23.28.54:990][  0]LogTcpMessaging: Initializing TcpMessaging bridge
[2020.06.24-23.28.54:992][  0]LogUdpMessaging: Initializing bridge on interface 0.0.0.0:0 to multicast group 230.0.0.1:6666.
[2020.06.24-23.28.55:035][  0]SourceControl: Source control is disabled
[2020.06.24-23.28.55:035][  0]SourceControl: Source control is disabled
[2020.06.24-23.28.55:036][  0]SourceControl: Source control is disabled
[2020.06.24-23.28.55:036][  0]SourceControl: Source control is disabled
[2020.06.24-23.28.55:037][  0]SourceControl: Source control is disabled
[2020.06.24-23.28.55:098][  0]LogAndroidPermission: UAndroidPermissionCallbackProxy::GetInstance
[2020.06.24-23.28.55:107][  0]LogAudioCaptureCore: Display: No Audio Capture implementations found. Audio input will be silent.
[2020.06.24-23.28.55:107][  0]LogAudioCaptureCore: Display: No Audio Capture implementations found. Audio input will be silent.
[2020.06.24-23.28.55:170][  0]LogOcInput: OculusInput pre-init called
[2020.06.24-23.28.55:631][  0]LogEngine: Initializing Engine...
[2020.06.24-23.28.55:632][  0]LogHMD: Oculus plugin initialized. Version: 4.24.3-11590370+++UE4+Release-4.24, OVRPlugin: 1.40.0
[2020.06.24-23.28.55:633][  0]LogStats: UGameplayTagsManager::InitializeManager -  0.000 s
[2020.06.24-23.28.55:889][  0]LogInit: Initializing FReadOnlyCVARCache
[2020.06.24-23.28.55:895][  0]LogAIModule: Creating AISystem for world Untitled
[2020.06.24-23.28.55:911][  0]LogAudioMixer: Display: Audio Mixer Platform Settings:
[2020.06.24-23.28.55:911][  0]LogAudioMixer: Display: 	Sample Rate:						  48000
[2020.06.24-23.28.55:911][  0]LogAudioMixer: Display: 	Callback Buffer Frame Size Requested: 1024
[2020.06.24-23.28.55:911][  0]LogAudioMixer: Display: 	Callback Buffer Frame Size To Use:	  1024
[2020.06.24-23.28.55:911][  0]LogAudioMixer: Display: 	Number of buffers to queue:			  2
[2020.06.24-23.28.55:911][  0]LogAudioMixer: Display: 	Max Channels (voices):				  32
[2020.06.24-23.28.55:911][  0]LogAudioMixer: Display: 	Number of Async Source Workers:		  0
[2020.06.24-23.28.55:911][  0]LogAudio: Display: AudioDevice MaxSources: 32
[2020.06.24-23.28.55:911][  0]LogAudio: Display: Using built-in audio occlusion.
[2020.06.24-23.28.55:911][  0]LogAudioMixer: Display: Initializing audio mixer.
[2020.06.24-23.28.55:953][  0]LogAudioMixer: Display: Audio Device Output Speaker Info:
[2020.06.24-23.28.55:953][  0]LogAudioMixer: Display: Name: Headphones (Razer Nari Ultimate - Game)
[2020.06.24-23.28.55:953][  0]LogAudioMixer: Display: Is Default: Yes
[2020.06.24-23.28.55:953][  0]LogAudioMixer: Display: Sample Rate: 44100
[2020.06.24-23.28.55:953][  0]LogAudioMixer: Display: Channel Count Used: 2
[2020.06.24-23.28.55:953][  0]LogAudioMixer: Display: Device Channel Count: 2
[2020.06.24-23.28.55:953][  0]LogAudioMixer: Display: Channel Order:
[2020.06.24-23.28.55:953][  0]LogAudioMixer: Display: 0: FrontLeft
[2020.06.24-23.28.55:953][  0]LogAudioMixer: Display: 1: FrontRight
[2020.06.24-23.28.55:975][  0]LogAudioMixer: Display: Using Audio Device Headphones (Razer Nari Ultimate - Game)
[2020.06.24-23.28.55:979][  0]LogInit: FAudioDevice initialized.
[2020.06.24-23.28.55:979][  0]LogNetVersion: Set ProjectVersion to 1.0.0.0. Version Checksum will be recalculated on next use.
[2020.06.24-23.28.56:030][  0]LogDerivedDataCache: Saved boot cache 0.05s 103MB C:/Users/ghost/AppData/Local/UnrealEngine/4.24/DerivedDataCache/Boot.ddc.
[2020.06.24-23.28.56:037][  0]LogInit: Texture streaming: Enabled
[2020.06.24-23.28.56:045][  0]LogEngineSessionManager: EngineSessionManager initialized
[2020.06.24-23.28.56:045][  0]LogEditorSessionSummary: Verbose: Initializing EditorSessionSummaryWriter for editor session tracking
[2020.06.24-23.28.56:047][  0]LogEditorSessionSummary: EditorSessionSummaryWriter initialized
[2020.06.24-23.28.56:090][  0]LogInit: Transaction tracking system initialized
[2020.06.24-23.28.56:097][  0]BlueprintLog: New page: Editor Load
[2020.06.24-23.28.56:123][  0]LocalizationService: Localization service is disabled
[2020.06.24-23.28.56:153][  0]LogLinker: Warning: Failed to load '/Game/FirstPersonBP/FirstPersonOverview': Can't find file.
[2020.06.24-23.28.56:153][  0]LogLinker: Warning: Failed to load '/Game/FirstPersonBP/FirstPersonOverview': Can't find file.
[2020.06.24-23.28.56:153][  0]LogUObjectGlobals: Warning: Failed to find object 'Class /Game/FirstPersonBP/FirstPersonOverview.FirstPersonOverview_C'
[2020.06.24-23.28.56:366][  0]LogFileCache: Scanning file cache for directory 'Q:/ghost/Documents/GitHub/VR_Room/VR_Room/Content/' took 0.00s
[2020.06.24-23.28.56:366][  0]LogCook: Display: Max memory allowance for cook 16384mb min free memory 0mb
[2020.06.24-23.28.56:366][  0]LogCook: Display: Mobile HDR setting 1
[2020.06.24-23.28.56:840][  0]SourceControl: Source control is disabled
[2020.06.24-23.28.56:841][  0]Cmd: MAP LOAD FILE="Q:/ghost/Documents/GitHub/VR_Room/VR_Room/Content/Level/MainMenu.umap" TEMPLATE=0 SHOWPROGRESS=1 FEATURELEVEL=3
[2020.06.24-23.28.56:841][  0]LightingResults: New page: Lighting Build
[2020.06.24-23.28.56:841][  0]LogWorld: UWorld::CleanupWorld for Untitled, bSessionEnded=true, bCleanupResources=true
[2020.06.24-23.28.56:841][  0]LogSlate: InvalidateAllWidgets triggered.  All widgets were invalidated
[2020.06.24-23.28.56:841][  0]MapCheck: New page: Map Check
[2020.06.24-23.28.56:841][  0]LightingResults: New page: Lighting Build
[2020.06.24-23.28.56:861][  0]LogUObjectHash: Compacting FUObjectHashTables data took   1.31ms
[2020.06.24-23.28.57:085][  0]LogAIModule: Creating AISystem for world MainMenu
[2020.06.24-23.28.57:085][  0]LogEditorServer: Finished looking for orphan Actors (0.000 secs)
[2020.06.24-23.28.57:108][  0]LogUObjectHash: Compacting FUObjectHashTables data took   1.79ms
[2020.06.24-23.28.57:108][  0]Cmd: MAP CHECKDEP NOCLEARLOG
[2020.06.24-23.28.57:108][  0]MapCheck: Map check complete: 0 Error(s), 0 Warning(s), took 0.074ms to complete.
[2020.06.24-23.28.57:108][  0]LogFileHelpers: Loading map 'MainMenu' took 0.268
[2020.06.24-23.28.57:243][  0]LogSlate: Updating window title bar state: overlay mode, drag disabled, window buttons hidden, title bar hidden
[2020.06.24-23.28.57:248][  0]LogSlate: Updating window title bar state: overlay mode, drag disabled, window buttons hidden, title bar hidden
[2020.06.24-23.28.57:253][  0]LogSlate: Updating window title bar state: overlay mode, drag disabled, window buttons hidden, title bar hidden
[2020.06.24-23.28.57:259][  0]LogSlate: Updating window title bar state: overlay mode, drag disabled, window buttons hidden, title bar hidden
[2020.06.24-23.28.57:262][  0]LogCollectionManager: Loaded 0 collections in 0.001428 seconds
[2020.06.24-23.28.57:273][  0]LogFileCache: Scanning file cache for directory 'Q:/ghost/Documents/GitHub/VR_Room/VR_Room/Saved/Collections/' took 0.00s
[2020.06.24-23.28.57:273][  0]LogFileCache: Scanning file cache for directory 'Q:/ghost/Documents/GitHub/VR_Room/VR_Room/Content/Developers/ghost/Collections/' took 0.00s
[2020.06.24-23.28.57:273][  0]LogFileCache: Scanning file cache for directory 'Q:/ghost/Documents/GitHub/VR_Room/VR_Room/Content/Collections/' took 0.00s
[2020.06.24-23.28.57:273][  0]LogContentBrowser: Native class hierarchy populated in 0.0068 seconds. Added 3041 classes and 727 folders.
[2020.06.24-23.28.57:275][  0]LogContentBrowser: Native class hierarchy updated for 'WidgetCarousel' in 0.0003 seconds. Added 0 classes and 0 folders.
[2020.06.24-23.28.57:315][  0]LogContentBrowser: Native class hierarchy updated for 'AddContentDialog' in 0.0003 seconds. Added 0 classes and 0 folders.
[2020.06.24-23.28.57:318][  0]LogContentBrowser: Native class hierarchy updated for 'SceneOutliner' in 0.0003 seconds. Added 2 classes and 3 folders.
[2020.06.24-23.28.57:415][  0]LogSlate: Took 0.000157 seconds to synchronously load lazily loaded font '../../../Engine/Content/Slate/Fonts/Roboto-Regular.ttf' (155K)
[2020.06.24-23.28.57:417][  0]LogSlate: Took 0.000119 seconds to synchronously load lazily loaded font '../../../Engine/Content/Slate/Fonts/Roboto-Bold.ttf' (160K)
[2020.06.24-23.28.57:419][  0]LogSlate: Took 0.000086 seconds to synchronously load lazily loaded font '../../../Engine/Content/Editor/Slate/Fonts/FontAwesome.ttf' (139K)
[2020.06.24-23.28.57:473][  0]LogRenderer: Reallocating scene render targets to support 1148x704 Format 26 NumSamples 1 (Frame:1).
[2020.06.24-23.28.57:544][  0]LogContentBrowser: Native class hierarchy updated for 'HierarchicalLODOutliner' in 0.0003 seconds. Added 0 classes and 0 folders.
[2020.06.24-23.28.57:544][  0]LogLoad: (Engine Initialization) Total time: 6.66 seconds
[2020.06.24-23.28.57:544][  0]LogLoad: (Engine Initialization) Total Blueprint compile time: 0.00 seconds
[2020.06.24-23.28.57:553][  0]LogOcInput: OculusInput is initialized
[2020.06.24-23.28.57:581][  0]LogAssetRegistry: Asset discovery search completed in 4.0315 seconds
[2020.06.24-23.28.57:584][  0]LogCollectionManager: Fixed up redirectors for 0 collections in 0.000007 seconds (updated 0 objects)
[2020.06.24-23.28.57:585][  0]LogContentStreaming: Texture pool size now 1000 MB
[2020.06.24-23.28.57:596][  0]LogSlate: Took 0.000142 seconds to synchronously load lazily loaded font '../../../Engine/Content/Slate/Fonts/Roboto-Light.ttf' (167K)
[2020.06.24-23.28.57:616][  0]LogSlate: Took 0.000137 seconds to synchronously load lazily loaded font '../../../Engine/Content/Slate/Fonts/Roboto-Light.ttf' (167K)
[2020.06.24-23.29.19:872][626]LogAssetEditorSubsystem: Opening Asset editor for Blueprint /Game/Blueprints/MainMenuGameMode.MainMenuGameMode
[2020.06.24-23.29.20:024][626]LogContentBrowser: Native class hierarchy updated for 'BlueprintGraph' in 0.0005 seconds. Added 121 classes and 0 folders.
[2020.06.24-23.29.20:666][626]LogSlate: Took 0.000162 seconds to synchronously load lazily loaded font '../../../Engine/Content/Slate/Fonts/Roboto-BoldCondensed.ttf' (158K)
[2020.06.24-23.40.23:651][127]BlueprintLog: New page: Compile MainMenuGameMode
[2020.06.24-23.40.23:821][127]LogUObjectHash: Compacting FUObjectHashTables data took   2.75ms
[2020.06.24-23.40.24:170][163]Cmd: OBJ SAVEPACKAGE PACKAGE="/Game/Blueprints/MainMenuGameMode" FILE="Q:/ghost/Documents/GitHub/VR_Room/VR_Room/Content/Blueprints/MainMenuGameMode.uasset" SILENT=true
[2020.06.24-23.40.24:190][163]LogSavePackage: Moving 'Q:/ghost/Documents/GitHub/VR_Room/VR_Room/Saved/MainMenuGameMode2D64587244918EFF72B8E89CF9356AA7.tmp' to 'Q:/ghost/Documents/GitHub/VR_Room/VR_Room/Content/Blueprints/MainMenuGameMode.uasset'
[2020.06.24-23.40.24:202][163]AssetCheck: New page: Asset Save: MainMenuGameMode
[2020.06.24-23.40.24:202][163]LogContentValidation: Display: Validating Blueprint /Game/Blueprints/MainMenuGameMode.MainMenuGameMode
[2020.06.24-23.40.27:702][555]LogSlate: Took 0.000140 seconds to synchronously load lazily loaded font '../../../Engine/Content/Slate/Fonts/Roboto-Italic.ttf' (157K)
[2020.06.24-23.40.28:375][627]BlueprintLog: New page: Compile MainMenuGameMode
[2020.06.24-23.40.28:539][627]LogUObjectHash: Compacting FUObjectHashTables data took   2.53ms
[2020.06.24-23.40.28:984][678]Cmd: OBJ SAVEPACKAGE PACKAGE="/Game/Blueprints/MainMenuGameMode" FILE="Q:/ghost/Documents/GitHub/VR_Room/VR_Room/Content/Blueprints/MainMenuGameMode.uasset" SILENT=true
[2020.06.24-23.40.28:995][678]LogSavePackage: Moving 'Q:/ghost/Documents/GitHub/VR_Room/VR_Room/Saved/MainMenuGameModeC2A8FFE84DA6A3FAAC8592A39F33AE77.tmp' to 'Q:/ghost/Documents/GitHub/VR_Room/VR_Room/Content/Blueprints/MainMenuGameMode.uasset'
[2020.06.24-23.40.29:004][678]AssetCheck: New page: Asset Save: MainMenuGameMode
[2020.06.24-23.40.29:004][678]LogContentValidation: Display: Validating Blueprint /Game/Blueprints/MainMenuGameMode.MainMenuGameMode
[2020.06.24-23.40.31:486][970]LogRenderer: Reallocating scene render targets to support 1188x744 Format 26 NumSamples 1 (Frame:1).
[2020.06.24-23.40.38:734][797]LogSlate: Window 'MainMenuGameMode' being destroyed
[2020.06.24-23.40.38:754][797]LogWorld: UWorld::CleanupWorld for World_0, bSessionEnded=true, bCleanupResources=true
[2020.06.24-23.40.38:755][797]LogSlate: InvalidateAllWidgets triggered.  All widgets were invalidated
[2020.06.24-23.40.40:519][998]LogAssetEditorSubsystem: Opening Asset editor for Blueprint /Game/Blueprints/MainMenuGameMode.MainMenuGameMode
[2020.06.24-23.40.45:384][533]LogSlate: Prevented a slow task dialog from being summoned while a context menu was open
[2020.06.24-23.41.14:622][319]LogUObjectHash: Compacting FUObjectHashTables data took   2.93ms
[2020.06.24-23.41.14:623][319]LogFileHelpers: Editor autosave (incl. sublevels) for '/Game/Level/MainMenu' took 0.030
[2020.06.24-23.41.14:623][319]OBJ SavePackage: Generating thumbnails for [0] asset(s) in package [/Game/Blueprints/MainMenuGameMode] ([1] browsable assets)...
[2020.06.24-23.41.14:623][319]OBJ SavePackage: Finished generating thumbnails for package [/Game/Blueprints/MainMenuGameMode]
[2020.06.24-23.41.14:623][319]Cmd: OBJ SAVEPACKAGE PACKAGE="/Game/Blueprints/MainMenuGameMode" FILE="Q:/ghost/Documents/GitHub/VR_Room/VR_Room/Saved/Autosaves/Game/Blueprints/MainMenuGameMode_Auto1.uasset" SILENT=false AUTOSAVING=true
[2020.06.24-23.41.14:635][319]LogSavePackage: Moving 'Q:/ghost/Documents/GitHub/VR_Room/VR_Room/Saved/MainMenuGameMode_Auto154D3CC384BBA83454D20A99A564E7411.tmp' to 'Q:/ghost/Documents/GitHub/VR_Room/VR_Room/Saved/Autosaves/Game/Blueprints/MainMenuGameMode_Auto1.uasset'
[2020.06.24-23.41.14:636][319]LogFileHelpers: Auto-saving content packages took 0.013
[2020.06.24-23.43.12:278][ 56]BlueprintLog: New page: Compile MainMenuGameMode
[2020.06.24-23.43.12:444][ 56]LogUObjectHash: Compacting FUObjectHashTables data took   2.40ms
[2020.06.24-23.43.21:197][ 96]LogSlate: Window 'MainMenuGameMode' being destroyed
[2020.06.24-23.43.21:201][ 96]LogSlate: Window 'MainMenuGameMode' being destroyed
[2020.06.24-23.43.21:201][ 96]LogWorld: UWorld::CleanupWorld for World_1, bSessionEnded=true, bCleanupResources=true
[2020.06.24-23.43.21:201][ 96]LogSlate: InvalidateAllWidgets triggered.  All widgets were invalidated
[2020.06.24-23.43.30:794][203]LogTemp: Repeating last play command: New Editor Window (PIE)
[2020.06.24-23.43.30:805][203]LogBlueprintUserMessages: Early PlayInEditor Detection: Level '/Game/Level/MainMenu.MainMenu:PersistentLevel' has LevelScriptBlueprint '/Game/Level/MainMenu.MainMenu:PersistentLevel.MainMenu' with GeneratedClass '/Game/Level/MainMenu.MainMenu_C' with ClassGeneratedBy '/Game/Level/MainMenu.MainMenu:PersistentLevel.MainMenu'
[2020.06.24-23.43.30:805][203]LogPlayLevel: PlayLevel: No blueprints needed recompiling
[2020.06.24-23.43.30:805][203]PIE: New page: PIE session: MainMenu (Jun 24, 2020, 3:43:30 PM)
[2020.06.24-23.43.30:806][203]LogOnline: OSS: Creating online subsystem instance for: Steam
[2020.06.24-23.43.30:806][203]LogOnline: Display: STEAM: OnlineSubsystemSteam::Shutdown()
[2020.06.24-23.43.30:806][203]LogOnline: OSS: Creating online subsystem instance for: NULL
[2020.06.24-23.43.30:807][203]LogOnline: OSS: TryLoadSubsystemAndSetDefault: Loaded subsystem for module [NULL]
[2020.06.24-23.43.30:807][203]LogPlayLevel: Creating play world package: /Game/Level/UEDPIE_0_MainMenu
[2020.06.24-23.43.30:808][203]LogPlayLevel: PIE: StaticDuplicateObject took: (0.000754s)
[2020.06.24-23.43.30:809][203]LogAIModule: Creating AISystem for world MainMenu
[2020.06.24-23.43.30:809][203]LogPlayLevel: PIE: World Init took: (0.000722s)
[2020.06.24-23.43.30:809][203]LogPlayLevel: PIE: Created PIE world by copying editor world from /Game/Level/MainMenu.MainMenu to /Game/Level/UEDPIE_0_MainMenu.MainMenu (0.001604s)
[2020.06.24-23.43.30:832][203]LogUObjectHash: Compacting FUObjectHashTables data took   2.44ms
[2020.06.24-23.43.30:832][203]LogHMD: Initializing OVRPlugin session
[2020.06.24-23.43.32:610][203]LogHMD: Allocating Oculus 2688 x 1600 rendertarget swapchain
[2020.06.24-23.43.32:611][203]LogAudioMixer: Display: Audio Mixer Platform Settings:
[2020.06.24-23.43.32:611][203]LogAudioMixer: Display: 	Sample Rate:						  48000
[2020.06.24-23.43.32:611][203]LogAudioMixer: Display: 	Callback Buffer Frame Size Requested: 1024
[2020.06.24-23.43.32:611][203]LogAudioMixer: Display: 	Callback Buffer Frame Size To Use:	  1024
[2020.06.24-23.43.32:611][203]LogAudioMixer: Display: 	Number of buffers to queue:			  2
[2020.06.24-23.43.32:611][203]LogAudioMixer: Display: 	Max Channels (voices):				  32
[2020.06.24-23.43.32:611][203]LogAudioMixer: Display: 	Number of Async Source Workers:		  0
[2020.06.24-23.43.32:611][203]LogAudio: Display: AudioDevice MaxSources: 32
[2020.06.24-23.43.32:611][203]LogAudio: Display: Using built-in audio occlusion.
[2020.06.24-23.43.32:611][203]LogAudioMixer: Display: Initializing audio mixer.
[2020.06.24-23.43.32:647][203]LogAudioMixer: Display: Audio Device Output Speaker Info:
[2020.06.24-23.43.32:647][203]LogAudioMixer: Display: Name: Headphones (Razer Nari Ultimate - Game)
[2020.06.24-23.43.32:647][203]LogAudioMixer: Display: Is Default: Yes
[2020.06.24-23.43.32:647][203]LogAudioMixer: Display: Sample Rate: 44100
[2020.06.24-23.43.32:647][203]LogAudioMixer: Display: Channel Count Used: 2
[2020.06.24-23.43.32:647][203]LogAudioMixer: Display: Device Channel Count: 2
[2020.06.24-23.43.32:647][203]LogAudioMixer: Display: Channel Order:
[2020.06.24-23.43.32:647][203]LogAudioMixer: Display: 0: FrontLeft
[2020.06.24-23.43.32:647][203]LogAudioMixer: Display: 1: FrontRight
[2020.06.24-23.43.32:660][203]LogAudioMixer: Display: Using Audio Device Headphones (Razer Nari Ultimate - Game)
[2020.06.24-23.43.32:661][203]LogInit: FAudioDevice initialized.
[2020.06.24-23.43.32:704][203]LogSlate: Updating window title bar state: overlay mode, drag disabled, window buttons hidden, title bar hidden
[2020.06.24-23.43.32:705][203]LogLoad: Game class is 'MainMenuGameMode_C'
[2020.06.24-23.43.32:706][203]LogWorld: Bringing World /Game/Level/UEDPIE_0_MainMenu.MainMenu up for play (max tick rate 0) at 2020.06.24-19.43.32
[2020.06.24-23.43.32:706][203]LogWorld: Bringing up level for play took: 0.000369
[2020.06.24-23.43.32:707][203]LogOnline: OSS: Creating online subsystem instance for: :Context_3
[2020.06.24-23.43.32:773][203]LogVoice: Display: VoiceCapture device overridden by HMD to use 'Microphone (Rift Audio)' {03415F51-3C3E-4E40-9124-61EC418697BD}
[2020.06.24-23.43.32:776][203]LogVoiceEncode: Display: EncoderVersion: libopus 1.1-beta
[2020.06.24-23.43.32:776][203]LogVoiceEngine: Error: OSS: StopLocalVoiceProcessing: Ignoring stop request for non-owning user
[2020.06.24-23.43.32:776][203]LogOnlineVoice: OSS: StopLocalVoiceProcessing(0) returned 0xFFFFFFFF
[2020.06.24-23.43.32:776][203]LogOnlineVoice: OSS: Stopping networked voice for user: 0
[2020.06.24-23.43.32:779][203]LogContentBrowser: Native class hierarchy updated for 'MovieSceneCapture' in 0.0004 seconds. Added 20 classes and 0 folders.
[2020.06.24-23.43.32:782][203]LogPlayerController: Error: InputMode:UIOnly - Attempting to focus Non-Focusable widget SObjectWidget [Widget.cpp(776)]!
[2020.06.24-23.43.32:784][203]PIE: Play in editor start time for /Game/Level/UEDPIE_0_MainMenu 2.57
[2020.06.24-23.43.32:784][203]LogBlueprintUserMessages: Late PlayInEditor Detection: Level '/Game/Level/MainMenu.MainMenu:PersistentLevel' has LevelScriptBlueprint '/Game/Level/MainMenu.MainMenu:PersistentLevel.MainMenu' with GeneratedClass '/Game/Level/MainMenu.MainMenu_C' with ClassGeneratedBy '/Game/Level/MainMenu.MainMenu:PersistentLevel.MainMenu'
[2020.06.24-23.43.32:809][204]LogRenderer: Reallocating scene render targets to support 1280x744 Format 26 NumSamples 1 (Frame:1).
[2020.06.24-23.43.34:545][385]LogInit: WinSock: I am ghosts (192.168.1.16:0)
[2020.06.24-23.43.34:545][385]LogVoiceEngine: Error: OSS: StartLocalVoiceProcessing(): Device is currently owned by another user
[2020.06.24-23.43.34:545][385]LogOnlineVoice: OSS: StartLocalProcessing(0) returned 0xFFFFFFFF
[2020.06.24-23.43.34:545][385]LogOnlineVoice: OSS: Starting networked voice for user: 0
[2020.06.24-23.43.34:562][385]LogOnlineVoice: OSS: RegisterLocalTalker(0) returned 0x00000000
[2020.06.24-23.43.34:562][385]LogOnlineVoice: OSS: Invalid user specified in RegisterLocalTalker(1)
[2020.06.24-23.43.34:562][385]LogOnlineVoice: OSS: Invalid user specified in RegisterLocalTalker(2)
[2020.06.24-23.43.34:562][385]LogOnlineVoice: OSS: Invalid user specified in RegisterLocalTalker(3)
[2020.06.24-23.43.34:563][385]LogNet: Browse: /Game/VirtualRealityBP/Maps/Small_2-4?listen
[2020.06.24-23.43.34:563][385]LogHMD: FSplash::OnShow
[2020.06.24-23.43.34:563][385]LogLoad: LoadMap: /Game/VirtualRealityBP/Maps/Small_2-4?listen
[2020.06.24-23.43.34:563][385]LogWorld: BeginTearingDown for /Game/Level/UEDPIE_0_MainMenu
[2020.06.24-23.43.34:564][385]LogWorld: UWorld::CleanupWorld for MainMenu, bSessionEnded=true, bCleanupResources=true
[2020.06.24-23.43.34:564][385]LogSlate: InvalidateAllWidgets triggered.  All widgets were invalidated
[2020.06.24-23.43.34:564][385]LogAudioMixer: Display: No commands were queued while flushing the source manager.
[2020.06.24-23.43.34:616][385]LogUObjectHash: Compacting FUObjectHashTables data took   2.77ms
[2020.06.24-23.43.34:679][385]LogAIModule: Creating AISystem for world Small_2-4
[2020.06.24-23.43.34:679][385]LogLoad: Game class is 'GameMode_m_C'
[2020.06.24-23.43.34:679][385]LogNet: ReplicationDriverClass is null! Not using ReplicationDriver.
[2020.06.24-23.43.34:679][385]LogNetCore: DDoS detection status: detection enabled: 0 analytics enabled: 0
[2020.06.24-23.43.34:680][385]LogInit: WinSock: Socket queue. Rx: 131072 (config 131072) Tx: 131072 (config 131072)
[2020.06.24-23.43.34:680][385]PacketHandlerLog: Loaded PacketHandler component: Engine.EngineHandlerComponentFactory (StatelessConnectHandlerComponent)
[2020.06.24-23.43.34:680][385]LogNet: GameNetDriver IpNetDriver_0 IpNetDriver listening on port 7777
[2020.06.24-23.43.34:681][385]LogWorld: Bringing World /Game/VirtualRealityBP/Maps/UEDPIE_0_Small_2-4.Small_2-4 up for play (max tick rate 0) at 2020.06.24-19.43.34
[2020.06.24-23.43.34:681][385]LogWorld: Bringing up level for play took: 0.001008
[2020.06.24-23.43.34:682][385]LogSpawn: Warning: Login failed: Failed to find PlayerStart
[2020.06.24-23.43.34:682][385]LogOutputDevice: Warning: 

Script Stack (0 frames):

[2020.06.24-23.43.34:682][385]LogWindows: Windows GetLastError: The operation completed successfully. (0)
[2020.06.24-23.43.36:083][385]LogWindows: Error: === Critical error: ===
[2020.06.24-23.43.36:083][385]LogWindows: Error: 
[2020.06.24-23.43.36:083][385]LogWindows: Error: Fatal error: [File:D:/Build/++UE4/Sync/Engine/Source/Runtime/Engine/Private/UnrealEngine.cpp] [Line: 12751] 
[2020.06.24-23.43.36:083][385]LogWindows: Error: Couldn't spawn player: Failed to find PlayerStart
[2020.06.24-23.43.36:083][385]LogWindows: Error: 
[2020.06.24-23.43.36:083][385]LogWindows: Error: 
[2020.06.24-23.43.36:083][385]LogWindows: Error: [Callstack] 0x00007ffdeaea3e49 KERNELBASE.dll!UnknownFunction []
[2020.06.24-23.43.36:083][385]LogWindows: Error: [Callstack] 0x00007ffd9a02a7b6 UE4Editor-Core.dll!UnknownFunction []
[2020.06.24-23.43.36:083][385]LogWindows: Error: [Callstack] 0x00007ffd9a02dc58 UE4Editor-Core.dll!UnknownFunction []
[2020.06.24-23.43.36:083][385]LogWindows: Error: [Callstack] 0x00007ffd99de2c7d UE4Editor-Core.dll!UnknownFunction []
[2020.06.24-23.43.36:083][385]LogWindows: Error: [Callstack] 0x00007ffd909cb9dd UE4Editor-Engine.dll!UnknownFunction []
[2020.06.24-23.43.36:083][385]LogWindows: Error: [Callstack] 0x00007ffd9098a6d1 UE4Editor-Engine.dll!UnknownFunction []
[2020.06.24-23.43.36:083][385]LogWindows: Error: [Callstack] 0x00007ffd909e2fc7 UE4Editor-Engine.dll!UnknownFunction []
[2020.06.24-23.43.36:083][385]LogWindows: Error: [Callstack] 0x00007ffd8dd3a847 UE4Editor-UnrealEd.dll!UnknownFunction []
[2020.06.24-23.43.36:083][385]LogWindows: Error: [Callstack] 0x00007ffd8e59e476 UE4Editor-UnrealEd.dll!UnknownFunction []
[2020.06.24-23.43.36:083][385]LogWindows: Error: [Callstack] 0x00007ff621e87f62 UE4Editor.exe!UnknownFunction []
[2020.06.24-23.43.36:083][385]LogWindows: Error: [Callstack] 0x00007ff621e9c3ec UE4Editor.exe!UnknownFunction []
[2020.06.24-23.43.36:083][385]LogWindows: Error: [Callstack] 0x00007ff621e9c4ca UE4Editor.exe!UnknownFunction []
[2020.06.24-23.43.36:083][385]LogWindows: Error: [Callstack] 0x00007ff621eaceae UE4Editor.exe!UnknownFunction []
[2020.06.24-23.43.36:083][385]LogWindows: Error: [Callstack] 0x00007ff621eafcbe UE4Editor.exe!UnknownFunction []
[2020.06.24-23.43.36:083][385]LogWindows: Error: [Callstack] 0x00007ffdeced6fd4 KERNEL32.DLL!UnknownFunction []
[2020.06.24-23.43.36:083][385]LogWindows: Error: [Callstack] 0x00007ffded23cec1 ntdll.dll!UnknownFunction []
[2020.06.24-23.43.36:083][385]LogWindows: Error: 
[2020.06.24-23.43.36:171][385]LogExit: Executing StaticShutdownAfterError
[2020.06.24-23.43.36:173][385]LogWindows: FPlatformMisc::RequestExit(1)
[2020.06.24-23.43.36:173][385]LogCore: Engine exit requested (reason: Win RequestExit)
[2020.06.24-23.43.36:238][385]Log file closed, 06/24/20 19:43:36
